# 
# Steps log generated by v++
# This log file contains a collection of steps that describe the kernel compilation flow
# Note: Some steps are tagged as internal, these steps are for debugging purposes and 
#       are not expected to be able to run independently.
# 

# The following environment variables are set when running v++
Environment variables :
------------------------------------------
_RDI_DONT_SET_XILINX_AS_PATH=True
XDG_SESSION_ID=34
HOSTNAME=hal-fpga-x86.ncsa.illinois.edu
TERM_PROGRAM=tmux
XILINX_DSP=
HARDWARE_PLATFORM=x86_64
SHELL=/bin/bash
TERM=screen-256color
MAKEFLAGS=
HISTSIZE=1000
SSH_CLIENT=125.120.156.75 52130 22
MYVIVADO=
TERM_PROGRAM_VERSION=3.2a
RDI_TPS_ROOT=/opt/xilinx/Vivado/2020.1/tps/lnx64
QTDIR=/usr/lib64/qt-3.3
HDI_PROCESSOR=x86_64
QTINC=/usr/lib64/qt-3.3/include
SYNTH_COMMON=/opt/xilinx/Vitis/2020.1/scripts/rt/data
RDI_JAVA_VERSION=9.0.4
LC_ALL=C
RT_TCL_PATH=/opt/xilinx/Vitis/2020.1/scripts/rt/base_tcl/tcl
RDI_PREPEND_PATH=/opt/xilinx/Vitis/2020.1/bin
QT_GRAPHICSSYSTEM_CHECKED=1
RDI_OPT_EXT=.o
USER=luoyanl2
LS_COLORS=rs=0:di=38;5;27:ln=38;5;51:mh=44;38;5;15:pi=40;38;5;11:so=38;5;13:do=38;5;5:bd=48;5;232;38;5;11:cd=48;5;232;38;5;3:or=48;5;232;38;5;9:mi=05;48;5;232;38;5;15:su=48;5;196;38;5;15:sg=48;5;11;38;5;16:ca=48;5;196;38;5;226:tw=48;5;10;38;5;16:ow=48;5;10;38;5;21:st=48;5;21;38;5;15:ex=38;5;34:*.tar=38;5;9:*.tgz=38;5;9:*.arc=38;5;9:*.arj=38;5;9:*.taz=38;5;9:*.lha=38;5;9:*.lz4=38;5;9:*.lzh=38;5;9:*.lzma=38;5;9:*.tlz=38;5;9:*.txz=38;5;9:*.tzo=38;5;9:*.t7z=38;5;9:*.zip=38;5;9:*.z=38;5;9:*.Z=38;5;9:*.dz=38;5;9:*.gz=38;5;9:*.lrz=38;5;9:*.lz=38;5;9:*.lzo=38;5;9:*.xz=38;5;9:*.bz2=38;5;9:*.bz=38;5;9:*.tbz=38;5;9:*.tbz2=38;5;9:*.tz=38;5;9:*.deb=38;5;9:*.rpm=38;5;9:*.jar=38;5;9:*.war=38;5;9:*.ear=38;5;9:*.sar=38;5;9:*.rar=38;5;9:*.alz=38;5;9:*.ace=38;5;9:*.zoo=38;5;9:*.cpio=38;5;9:*.7z=38;5;9:*.rz=38;5;9:*.cab=38;5;9:*.jpg=38;5;13:*.jpeg=38;5;13:*.gif=38;5;13:*.bmp=38;5;13:*.pbm=38;5;13:*.pgm=38;5;13:*.ppm=38;5;13:*.tga=38;5;13:*.xbm=38;5;13:*.xpm=38;5;13:*.tif=38;5;13:*.tiff=38;5;13:*.png=38;5;13:*.svg=38;5;13:*.svgz=38;5;13:*.mng=38;5;13:*.pcx=38;5;13:*.mov=38;5;13:*.mpg=38;5;13:*.mpeg=38;5;13:*.m2v=38;5;13:*.mkv=38;5;13:*.webm=38;5;13:*.ogm=38;5;13:*.mp4=38;5;13:*.m4v=38;5;13:*.mp4v=38;5;13:*.vob=38;5;13:*.qt=38;5;13:*.nuv=38;5;13:*.wmv=38;5;13:*.asf=38;5;13:*.rm=38;5;13:*.rmvb=38;5;13:*.flc=38;5;13:*.avi=38;5;13:*.fli=38;5;13:*.flv=38;5;13:*.gl=38;5;13:*.dl=38;5;13:*.xcf=38;5;13:*.xwd=38;5;13:*.yuv=38;5;13:*.cgm=38;5;13:*.emf=38;5;13:*.axv=38;5;13:*.anx=38;5;13:*.ogv=38;5;13:*.ogx=38;5;13:*.aac=38;5;45:*.au=38;5;45:*.flac=38;5;45:*.mid=38;5;45:*.midi=38;5;45:*.mka=38;5;45:*.mp3=38;5;45:*.mpc=38;5;45:*.ogg=38;5;45:*.ra=38;5;45:*.wav=38;5;45:*.axa=38;5;45:*.oga=38;5;45:*.spx=38;5;45:*.xspf=38;5;45:
LD_LIBRARY_PATH=/opt/xilinx/Vitis/2020.1/lib/lnx64.o/Default:/opt/xilinx/Vitis/2020.1/lib/lnx64.o:/opt/xilinx/Vitis/2020.1/tps/lnx64/jre9.0.4/lib/:/opt/xilinx/Vitis/2020.1/tps/lnx64/jre9.0.4/lib//server:/opt/xilinx/Vitis/2020.1/lib/lnx64.o/Default:/opt/xilinx/Vitis/2020.1/lib/lnx64.o:/opt/xilinx/SDx/2019.1/lib/lnx64.o/Default:/opt/xilinx/SDx/2019.1/lib/lnx64.o:/opt/xilinx/SDx/2019.1/runtime/lib/x86_64:/opt/xilinx/xrt/lib:/usr/local/cuda/lib64:/opt/xilinx/SDx/2019.1/lib/lnx64.o/Default:/opt/xilinx/SDx/2019.1/lib/lnx64.o:/opt/xilinx/SDx/2019.1/runtime/lib/x86_64:/opt/xilinx/xrt/lib:/usr/local/cuda/lib64:/opt/xilinx/SDx/2019.1/lib/lnx64.o/Default:/opt/xilinx/SDx/2019.1/lib/lnx64.o:/opt/xilinx/SDx/2019.1/runtime/lib/x86_64:/opt/xilinx/xrt/lib:/usr/local/cuda/lib64:/opt/xilinx/SDx/2019.1/lib/lnx64.o/Default:/opt/xilinx/SDx/2019.1/lib/lnx64.o:/opt/xilinx/SDx/2019.1/runtime/lib/x86_64:/opt/xilinx/xrt/lib:/usr/local/cuda/lib64::/opt/xilinx/Vitis/2020.1/bin/../lnx64/tools/dot/lib
RDI_PATCHROOT=
TCL_LIBRARY=/opt/xilinx/Vitis/2020.1/tps/tcl/tcl8.5
RDI_PLATFORM=lnx64
XILINXD_LICENSE_FILE=2100@hal-fpga-x86.ncsa.illinois.edu:/opt/xilinx/license
MAKELEVEL=1
RDI_BUILD=yes
MFLAGS=
TMUX=/tmp/tmux-70931/default,27923,0
RT_LIBPATH=/opt/xilinx/Vitis/2020.1/scripts/rt/data
RDI_LIBDIR=/opt/xilinx/Vitis/2020.1/lib/lnx64.o/Default:/opt/xilinx/Vitis/2020.1/lib/lnx64.o
PATH=/opt/xilinx/Vivado/2020.1/tps/lnx64/binutils-2.26/bin:/opt/xilinx/Vitis/2020.1/bin/../gnu/aarch64/lin/aarch64-linux/bin:/opt/xilinx/Vitis/2020.1/bin/../gnu/ppc64le/4.9.3/lnx64/bin:/opt/xilinx/Vitis/2020.1/bin/../gnu/aarch32/lin/gcc-arm-linux-gnueabi/bin:/opt/xilinx/Vivado/2020.1/tps/lnx64/gcc-6.2.0/bin:/opt/xilinx/Vivado/2020.1/gnu/microblaze/lin/bin:/opt/xilinx/Vitis/2020.1/bin:/opt/xilinx/Vitis/2020.1/tps/lnx64/jre9.0.4/bin:/opt/xilinx/Vitis/2020.1/gnu/microblaze/lin/bin:/opt/xilinx/Vitis/2020.1/gnu/arm/lin/bin:/opt/xilinx/Vitis/2020.1/gnu/microblaze/linux_toolchain/lin64_le/bin:/opt/xilinx/Vitis/2020.1/gnu/aarch32/lin/gcc-arm-linux-gnueabi/bin:/opt/xilinx/Vitis/2020.1/gnu/aarch32/lin/gcc-arm-none-eabi/bin:/opt/xilinx/Vitis/2020.1/gnu/aarch64/lin/aarch64-linux/bin:/opt/xilinx/Vitis/2020.1/gnu/aarch64/lin/aarch64-none/bin:/opt/xilinx/Vitis/2020.1/gnu/armr5/lin/gcc-arm-none-eabi/bin:/opt/xilinx/Vitis/2020.1/tps/lnx64/cmake-3.3.2/bin:/opt/xilinx/Vitis/2020.1/cardano/bin:/opt/xilinx/Vivado/2020.1/bin:/opt/xilinx/DocNav:/opt/xilinx/SDx/2019.1/bin:/opt/xilinx/Vivado/2019.1/bin:/opt/xilinx/Model_Composer/2019.1/bin:/opt/xilinx/SDK/2019.1/bin:/opt/xilinx/SDK/2019.1/gnu/microblaze/lin/bin:/opt/xilinx/SDK/2019.1/gnu/arm/lin/bin:/opt/xilinx/SDK/2019.1/gnu/microblaze/linux_toolchain/lin64_le/bin:/opt/xilinx/SDK/2019.1/gnu/aarch32/lin/gcc-arm-linux-gnueabi/bin:/opt/xilinx/SDK/2019.1/gnu/aarch32/lin/gcc-arm-none-eabi/bin:/opt/xilinx/SDK/2019.1/gnu/aarch64/lin/aarch64-linux/bin:/opt/xilinx/SDK/2019.1/gnu/aarch64/lin/aarch64-none/bin:/opt/xilinx/SDK/2019.1/gnu/armr5/lin/gcc-arm-none-eabi/bin:/opt/xilinx/SDK/2019.1/tps/lnx64/cmake-3.3.2/bin:/opt/xilinx/Vitis_HLS/2022.1/bin:/opt/xilinx/Model_Composer/2022.1/bin:/opt/xilinx/Vitis/2022.1/bin:/opt/xilinx/Vitis/2022.1/gnu/microblaze/lin/bin:/opt/xilinx/Vitis/2022.1/gnu/arm/lin/bin:/opt/xilinx/Vitis/2022.1/gnu/microblaze/linux_toolchain/lin64_le/bin:/opt/xilinx/Vitis/2022.1/gnu/aarch32/lin/gcc-arm-linux-gnueabi/bin:/opt/xilinx/Vitis/2022.1/gnu/aarch32/lin/gcc-arm-none-eabi/bin:/opt/xilinx/Vitis/2022.1/gnu/aarch64/lin/aarch64-linux/bin:/opt/xilinx/Vitis/2022.1/gnu/aarch64/lin/aarch64-none/bin:/opt/xilinx/Vitis/2022.1/gnu/armr5/lin/gcc-arm-none-eabi/bin:/opt/xilinx/Vitis/2022.1/tps/lnx64/cmake-3.3.2/bin:/opt/xilinx/Vitis/2022.1/aietools/bin:/opt/xilinx/Vivado/2022.1/bin:/opt/xilinx/xrt/bin:/usr/local/cuda/bin:/home/luoyanl2/.vscode-server/bin/af28b32d7e553898b2a91af498b1fb666fdebe0c/bin/remote-cli:/usr/lib64/qt-3.3/bin:/usr/local/bin:/usr/bin:/usr/local/sbin:/usr/sbin:/home/luoyanl2/.local/bin:/home/luoyanl2/bin
MAIL=/var/spool/mail/luoyanl2
XILINX_VITIS=/opt/xilinx/Vitis/2020.1
PWD=/home/luoyanl2/ece527_taskpar/fpga_kernels
XILINX_XRT=/opt/xilinx/xrt
XIL_CHECK_TCL_DEBUG=False
LANG=en_US.UTF-8
HDI_APPROOT=/opt/xilinx/Vitis/2020.1
TMUX_PANE=%0
VSCODE_GIT_ASKPASS_EXTRA_ARGS=
XILINX_HLS=/opt/xilinx/Vitis_HLS/2022.1
XILINX_VIVADO=/opt/xilinx/Vivado/2020.1
XILINX_SDK=/opt/xilinx/Vitis/2020.1
HISTCONTROL=ignoredups
ISL_IOSTREAMS_RSA=/opt/xilinx/Vitis/2020.1/tps/isl
HOME=/home/luoyanl2
SHLVL=8
RDI_BASEROOT=/opt/xilinx/Vitis
VSCODE_GIT_ASKPASS_MAIN=/home/luoyanl2/.vscode-server/bin/af28b32d7e553898b2a91af498b1fb666fdebe0c/extensions/git/dist/askpass-main.js
RDI_APPROOT=/opt/xilinx/Vitis/2020.1
LOGNAME=luoyanl2
PYTHONPATH=/opt/xilinx/xrt/python:/opt/xilinx/xrt/python:/opt/xilinx/xrt/python:/opt/xilinx/xrt/python:
RDI_JAVA_PLATFORM=
QTLIB=/usr/lib64/qt-3.3/lib
XDG_DATA_DIRS=/home/luoyanl2/.local/share/flatpak/exports/share:/var/lib/flatpak/exports/share:/usr/local/share:/usr/share
SSH_CONNECTION=125.120.156.75 52130 141.142.153.72 22
VSCODE_GIT_IPC_HANDLE=/run/user/70931/vscode-git-8a293c5a81.sock
RDI_BINROOT=/opt/xilinx/Vitis/2020.1/bin
VSCODE_IPC_HOOK_CLI=/run/user/70931/vscode-ipc-5d3e3a96-eb6c-4e30-86ae-6b528b640ac8.sock
LESSOPEN=||/usr/bin/lesspipe.sh %s
XILINX_SDX=/opt/xilinx/SDx/2019.1
BROWSER=/home/luoyanl2/.vscode-server/bin/af28b32d7e553898b2a91af498b1fb666fdebe0c/bin/helpers/browser.sh
VSCODE_GIT_ASKPASS_NODE=/home/luoyanl2/.vscode-server/bin/af28b32d7e553898b2a91af498b1fb666fdebe0c/node
GIT_ASKPASS=/home/luoyanl2/.vscode-server/bin/af28b32d7e553898b2a91af498b1fb666fdebe0c/extensions/git/dist/askpass.sh
RDI_PROG=/opt/xilinx/Vitis/2020.1/bin/unwrapped/lnx64.o/v++
XDG_RUNTIME_DIR=/run/user/70931
XIL_NO_OVERRIDE=0
XIL_SUPPRESS_OVERRIDE_WARNINGS=1
XILINX_PLANAHEAD=/opt/xilinx/Vitis/2020.1
HDIPRELDPATH=/opt/xilinx/Vitis/2020.1/lib/lnx64.o/Default:/opt/xilinx/Vitis/2020.1/lib/lnx64.o:/opt/xilinx/SDx/2019.1/lib/lnx64.o/Default:/opt/xilinx/SDx/2019.1/lib/lnx64.o:/opt/xilinx/SDx/2019.1/runtime/lib/x86_64:/opt/xilinx/xrt/lib:/usr/local/cuda/lib64:/opt/xilinx/SDx/2019.1/lib/lnx64.o/Default:/opt/xilinx/SDx/2019.1/lib/lnx64.o:/opt/xilinx/SDx/2019.1/runtime/lib/x86_64:/opt/xilinx/xrt/lib:/usr/local/cuda/lib64:/opt/xilinx/SDx/2019.1/lib/lnx64.o/Default:/opt/xilinx/SDx/2019.1/lib/lnx64.o:/opt/xilinx/SDx/2019.1/runtime/lib/x86_64:/opt/xilinx/xrt/lib:/usr/local/cuda/lib64:/opt/xilinx/SDx/2019.1/lib/lnx64.o/Default:/opt/xilinx/SDx/2019.1/lib/lnx64.o:/opt/xilinx/SDx/2019.1/runtime/lib/x86_64:/opt/xilinx/xrt/lib:/usr/local/cuda/lib64::/opt/xilinx/Vitis/2020.1/bin/../lnx64/tools/dot/lib
RDI_INSTALLVER=2020.1
RDI_DATADIR=/opt/xilinx/Vitis/2020.1/data
COLORTERM=truecolor
RDI_INSTALLROOT=/opt/xilinx
_=/opt/xilinx/Vitis/2020.1/bin/unwrapped/lnx64.o/v++
XILINX_CD_CONNECT_ID=45297
XILINX_CD_SESSION=d94b493e-56fa-4fb0-856e-aeba6ee2c412
XILINX_RS_PORT=44842
XILINX_RS_SESSION=65437f00-c709-4e6c-806e-71f7c85d48cb


V++ command line:
------------------------------------------
/opt/xilinx/Vitis/2020.1/bin/unwrapped/lnx64.o/v++ -c --save-temps --jobs 16 -t hw --platform xilinx_u250_xdma_201830_2 -k nms --temp_dir ./_x.hw.xilinx_u250_xdma_201830_2 -Isrc -o_x.hw.xilinx_u250_xdma_201830_2/nms.xo src/nms.cpp 

FINAL PROGRAM OPTIONS
--compile
--include src
--input_files src/nms.cpp
--jobs 16
--kernel nms
--optimize 0
--output _x.hw.xilinx_u250_xdma_201830_2/nms.xo
--platform xilinx_u250_xdma_201830_2
--report_level 0
--save-temps
--target hw
--temp_dir ./_x.hw.xilinx_u250_xdma_201830_2

PARSED COMMAND LINE OPTIONS
-c 
--save-temps 
--jobs 16 
-t hw 
--platform xilinx_u250_xdma_201830_2 
-k nms 
--temp_dir ./_x.hw.xilinx_u250_xdma_201830_2 
-Isrc 
-o_x.hw.xilinx_u250_xdma_201830_2/nms.xo 
src/nms.cpp 

EXPANDED PARAMETERS
From application of optMap.xml: 
 --xp "vivado_prop:run.__KERNEL__.{STEPS.SYNTH_DESIGN.ARGS.MORE OPTIONS}={-directive sdx_optimization_effort_high}" --xp "misc:report=type report_timing_summary name impl_report_timing_summary_route_design_summary steps {route_design} runs {impl_1} options {-max_paths 10}" --xp "misc:report=type report_timing_summary name impl_report_timing_summary_post_route_phys_opt_design_summary steps {post_route_phys_opt_design} runs {impl_1} options {-max_paths 10}"


FINAL PLATFORM PATH
/opt/xilinx/platforms/xilinx_u250_xdma_201830_2/xilinx_u250_xdma_201830_2.xpfm

==========================================
new:  steps log generated by v++ for new launch 
timestamp: 17 Dec 2023 06:36:33
------------------------------------------
step: performing high-level synthesis for kernel:nms
timestamp: 17 Dec 2023 06:37:19
launch dir: /home/luoyanl2/ece527_taskpar/fpga_kernels/_x.hw.xilinx_u250_xdma_201830_2/nms/nms
cmd: vitis_hls -f /home/luoyanl2/ece527_taskpar/fpga_kernels/_x.hw.xilinx_u250_xdma_201830_2/nms/nms/nms.tcl -messageDb vitis_hls.pb
V++ internal step status: success
------------------------------------------
V++ internal step: generating system estimate report file
timestamp: 17 Dec 2023 06:37:19
output: /home/luoyanl2/ece527_taskpar/fpga_kernels/_x.hw.xilinx_u250_xdma_201830_2/reports/nms/system_estimate_nms.xtxt
V++ internal step status: success
------------------------------------------
system estimate report task completed
timestamp: 17 Dec 2023 06:37:19
