

================================================================
== Vitis HLS Report for 'nms'
================================================================
* Date:           Sun Dec 17 06:36:51 2023

* Version:        2020.1 (Build 3526262 on Mon Apr 18 15:47:01 MDT 2022)
* Project:        nms
* Solution:       solution (Vitis Kernel Flow Target)
* Product family: virtexuplus
* Target device:  xcu250-figd2104-2L-e


================================================================
== Performance Estimates
================================================================
+ Timing: 
    * Summary: 
    +--------+---------+----------+------------+
    |  Clock |  Target | Estimated| Uncertainty|
    +--------+---------+----------+------------+
    |ap_clk  |  3.33 ns|  2.433 ns|     0.90 ns|
    +--------+---------+----------+------------+

+ Latency: 
    * Summary: 
    +---------+---------+----------+----------+--------+--------+---------+
    |  Latency (cycles) |  Latency (absolute) |     Interval    | Pipeline|
    |   min   |   max   |    min   |    max   |   min  |   max  |   Type  |
    +---------+---------+----------+----------+--------+--------+---------+
    |   263826|   263826|  0.879 ms|  0.879 ms|  263827|  263827|       no|
    +---------+---------+----------+----------+--------+--------+---------+

    + Detail: 
        * Instance: 
        +---------------------------------------------------------+----------------------------------------------+---------+---------+----------+----------+--------+--------+---------+
        |                                                         |                                              |  Latency (cycles) |  Latency (absolute) |     Interval    | Pipeline|
        |                         Instance                        |                    Module                    |   min   |   max   |    min   |    max   |   min  |   max  |   Type  |
        +---------------------------------------------------------+----------------------------------------------+---------+---------+----------+----------+--------+--------+---------+
        |grp_nms_Pipeline_1_fu_95                                 |nms_Pipeline_1                                |     1538|     1538|  5.126 us|  5.126 us|    1538|    1538|       no|
        |grp_nms_Pipeline_VITIS_LOOP_31_1_VITIS_LOOP_32_2_fu_103  |nms_Pipeline_VITIS_LOOP_31_1_VITIS_LOOP_32_2  |   262216|   262216|  0.874 ms|  0.874 ms|  262216|  262216|       no|
        +---------------------------------------------------------+----------------------------------------------+---------+---------+----------+----------+--------+--------+---------+

        * Loop: 
        N/A



================================================================
== Utilization Estimates
================================================================
* Summary: 
+---------------------+---------+-------+---------+---------+------+
|         Name        | BRAM_18K|  DSP  |    FF   |   LUT   | URAM |
+---------------------+---------+-------+---------+---------+------+
|DSP                  |        -|      -|        -|        -|     -|
|Expression           |        -|      -|        0|        2|     -|
|FIFO                 |        -|      -|        -|        -|     -|
|Instance             |        0|      -|     6775|    10664|     0|
|Memory               |        2|      -|        0|        0|     0|
|Multiplexer          |        -|      -|        -|      564|     -|
|Register             |        -|      -|      201|        -|     -|
+---------------------+---------+-------+---------+---------+------+
|Total                |        2|      0|     6976|    11230|     0|
+---------------------+---------+-------+---------+---------+------+
|Available SLR        |     1344|   3072|   864000|   432000|   320|
+---------------------+---------+-------+---------+---------+------+
|Utilization SLR (%)  |       ~0|      0|       ~0|        2|     0|
+---------------------+---------+-------+---------+---------+------+
|Available            |     5376|  12288|  3456000|  1728000|  1280|
+---------------------+---------+-------+---------+---------+------+
|Utilization (%)      |       ~0|      0|       ~0|       ~0|     0|
+---------------------+---------+-------+---------+---------+------+

+ Detail: 
    * Instance: 
    +---------------------------------------------------------+----------------------------------------------+---------+----+------+------+-----+
    |                         Instance                        |                    Module                    | BRAM_18K| DSP|  FF  |  LUT | URAM|
    +---------------------------------------------------------+----------------------------------------------+---------+----+------+------+-----+
    |control_s_axi_U                                          |control_s_axi                                 |        0|   0|   176|   296|    0|
    |gmem0_m_axi_U                                            |gmem0_m_axi                                   |        0|   0|  4567|  8001|    0|
    |gmem1_m_axi_U                                            |gmem1_m_axi                                   |        0|   0|   652|   896|    0|
    |grp_nms_Pipeline_1_fu_95                                 |nms_Pipeline_1                                |        0|   0|    13|    81|    0|
    |grp_nms_Pipeline_VITIS_LOOP_31_1_VITIS_LOOP_32_2_fu_103  |nms_Pipeline_VITIS_LOOP_31_1_VITIS_LOOP_32_2  |        0|   0|  1367|  1390|    0|
    +---------------------------------------------------------+----------------------------------------------+---------+----+------+------+-----+
    |Total                                                    |                                              |        0|   0|  6775| 10664|    0|
    +---------------------------------------------------------+----------------------------------------------+---------+----+------+------+-----+

    * DSP: 
    N/A

    * Memory: 
    +------------------+------------------------------+---------+---+----+-----+------+-----+------+-------------+
    |      Memory      |            Module            | BRAM_18K| FF| LUT| URAM| Words| Bits| Banks| W*Bits*Banks|
    +------------------+------------------------------+---------+---+----+-----+------+-----+------+-------------+
    |line_buf_value_U  |line_buf_value_RAM_AUTO_1R1W  |        1|  0|   0|    0|   512|   24|     1|        12288|
    |line_buf_grad_U   |line_buf_value_RAM_AUTO_1R1W  |        1|  0|   0|    0|   512|   24|     1|        12288|
    +------------------+------------------------------+---------+---+----+-----+------+-----+------+-------------+
    |Total             |                              |        2|  0|   0|    0|  1024|   48|     2|        24576|
    +------------------+------------------------------+---------+---+----+-----+------+-----+------+-------------+

    * FIFO: 
    N/A

    * Expression: 
    +-----------------+----------+----+---+----+------------+------------+
    |  Variable Name  | Operation| DSP| FF| LUT| Bitwidth P0| Bitwidth P1|
    +-----------------+----------+----+---+----+------------+------------+
    |ap_block_state1  |        or|   0|  0|   2|           1|           1|
    +-----------------+----------+----+---+----+------------+------------+
    |Total            |          |   0|  0|   2|           1|           1|
    +-----------------+----------+----+---+----+------------+------------+

    * Multiplexer: 
    +-------------------------+-----+-----------+-----+-----------+
    |           Name          | LUT | Input Size| Bits| Total Bits|
    +-------------------------+-----+-----------+-----+-----------+
    |ap_NS_fsm                |  338|         74|    1|         74|
    |ap_done                  |    9|          2|    1|          2|
    |gmem0_ARADDR             |   14|          3|   64|        192|
    |gmem0_ARLEN              |   14|          3|   32|         96|
    |gmem0_ARVALID            |   14|          3|    1|          3|
    |gmem0_RREADY             |    9|          2|    1|          2|
    |gmem0_blk_n_AR           |    9|          2|    1|          2|
    |gmem1_AWVALID            |    9|          2|    1|          2|
    |gmem1_BREADY             |    9|          2|    1|          2|
    |gmem1_WVALID             |    9|          2|    1|          2|
    |line_buf_grad_address0   |   14|          3|    9|         27|
    |line_buf_grad_ce0        |   14|          3|    1|          3|
    |line_buf_grad_ce1        |    9|          2|    1|          2|
    |line_buf_grad_d0         |   14|          3|   24|         72|
    |line_buf_grad_we0        |   14|          3|    3|          9|
    |line_buf_value_address0  |   14|          3|    9|         27|
    |line_buf_value_ce0       |   14|          3|    1|          3|
    |line_buf_value_ce1       |    9|          2|    1|          2|
    |line_buf_value_d0        |   14|          3|   24|         72|
    |line_buf_value_we0       |   14|          3|    3|          9|
    +-------------------------+-----+-----------+-----+-----------+
    |Total                    |  564|        123|  180|        603|
    +-------------------------+-----+-----------+-----+-----------+

    * Register: 
    +----------------------------------------------------------------------+----+----+-----+-----------+
    |                                 Name                                 | FF | LUT| Bits| Const Bits|
    +----------------------------------------------------------------------+----+----+-----+-----------+
    |ap_CS_fsm                                                             |  73|   0|   73|          0|
    |ap_done_reg                                                           |   1|   0|    1|          0|
    |ap_rst_n_inv                                                          |   1|   0|    1|          0|
    |ap_rst_reg_1                                                          |   1|   0|    1|          0|
    |ap_rst_reg_2                                                          |   1|   0|    1|          0|
    |grp_nms_Pipeline_1_fu_95_ap_start_reg                                 |   1|   0|    1|          0|
    |grp_nms_Pipeline_VITIS_LOOP_31_1_VITIS_LOOP_32_2_fu_103_ap_start_reg  |   1|   0|    1|          0|
    |out_r_read_reg_135                                                    |  64|   0|   64|          0|
    |trunc_ln_reg_140                                                      |  58|   0|   58|          0|
    +----------------------------------------------------------------------+----+----+-----+-----------+
    |Total                                                                 | 201|   0|  201|          0|
    +----------------------------------------------------------------------+----+----+-----+-----------+



================================================================
== Interface
================================================================
* Summary: 
+-----------------------+-----+-----+---------------+--------------+--------------+
|       RTL Ports       | Dir | Bits|    Protocol   | Source Object|    C Type    |
+-----------------------+-----+-----+---------------+--------------+--------------+
|s_axi_control_AWVALID  |   in|    1|          s_axi|       control|        scalar|
|s_axi_control_AWREADY  |  out|    1|          s_axi|       control|        scalar|
|s_axi_control_AWADDR   |   in|    6|          s_axi|       control|        scalar|
|s_axi_control_WVALID   |   in|    1|          s_axi|       control|        scalar|
|s_axi_control_WREADY   |  out|    1|          s_axi|       control|        scalar|
|s_axi_control_WDATA    |   in|   32|          s_axi|       control|        scalar|
|s_axi_control_WSTRB    |   in|    4|          s_axi|       control|        scalar|
|s_axi_control_ARVALID  |   in|    1|          s_axi|       control|        scalar|
|s_axi_control_ARREADY  |  out|    1|          s_axi|       control|        scalar|
|s_axi_control_ARADDR   |   in|    6|          s_axi|       control|        scalar|
|s_axi_control_RVALID   |  out|    1|          s_axi|       control|        scalar|
|s_axi_control_RREADY   |   in|    1|          s_axi|       control|        scalar|
|s_axi_control_RDATA    |  out|   32|          s_axi|       control|        scalar|
|s_axi_control_RRESP    |  out|    2|          s_axi|       control|        scalar|
|s_axi_control_BVALID   |  out|    1|          s_axi|       control|        scalar|
|s_axi_control_BREADY   |   in|    1|          s_axi|       control|        scalar|
|s_axi_control_BRESP    |  out|    2|          s_axi|       control|        scalar|
|ap_clk                 |   in|    1|  ap_ctrl_chain|           nms|  return value|
|ap_rst_n               |   in|    1|  ap_ctrl_chain|           nms|  return value|
|interrupt              |  out|    1|  ap_ctrl_chain|           nms|  return value|
|m_axi_gmem0_AWVALID    |  out|    1|          m_axi|         gmem0|       pointer|
|m_axi_gmem0_AWREADY    |   in|    1|          m_axi|         gmem0|       pointer|
|m_axi_gmem0_AWADDR     |  out|   64|          m_axi|         gmem0|       pointer|
|m_axi_gmem0_AWID       |  out|    1|          m_axi|         gmem0|       pointer|
|m_axi_gmem0_AWLEN      |  out|    8|          m_axi|         gmem0|       pointer|
|m_axi_gmem0_AWSIZE     |  out|    3|          m_axi|         gmem0|       pointer|
|m_axi_gmem0_AWBURST    |  out|    2|          m_axi|         gmem0|       pointer|
|m_axi_gmem0_AWLOCK     |  out|    2|          m_axi|         gmem0|       pointer|
|m_axi_gmem0_AWCACHE    |  out|    4|          m_axi|         gmem0|       pointer|
|m_axi_gmem0_AWPROT     |  out|    3|          m_axi|         gmem0|       pointer|
|m_axi_gmem0_AWQOS      |  out|    4|          m_axi|         gmem0|       pointer|
|m_axi_gmem0_AWREGION   |  out|    4|          m_axi|         gmem0|       pointer|
|m_axi_gmem0_AWUSER     |  out|    1|          m_axi|         gmem0|       pointer|
|m_axi_gmem0_WVALID     |  out|    1|          m_axi|         gmem0|       pointer|
|m_axi_gmem0_WREADY     |   in|    1|          m_axi|         gmem0|       pointer|
|m_axi_gmem0_WDATA      |  out|  512|          m_axi|         gmem0|       pointer|
|m_axi_gmem0_WSTRB      |  out|   64|          m_axi|         gmem0|       pointer|
|m_axi_gmem0_WLAST      |  out|    1|          m_axi|         gmem0|       pointer|
|m_axi_gmem0_WID        |  out|    1|          m_axi|         gmem0|       pointer|
|m_axi_gmem0_WUSER      |  out|    1|          m_axi|         gmem0|       pointer|
|m_axi_gmem0_ARVALID    |  out|    1|          m_axi|         gmem0|       pointer|
|m_axi_gmem0_ARREADY    |   in|    1|          m_axi|         gmem0|       pointer|
|m_axi_gmem0_ARADDR     |  out|   64|          m_axi|         gmem0|       pointer|
|m_axi_gmem0_ARID       |  out|    1|          m_axi|         gmem0|       pointer|
|m_axi_gmem0_ARLEN      |  out|    8|          m_axi|         gmem0|       pointer|
|m_axi_gmem0_ARSIZE     |  out|    3|          m_axi|         gmem0|       pointer|
|m_axi_gmem0_ARBURST    |  out|    2|          m_axi|         gmem0|       pointer|
|m_axi_gmem0_ARLOCK     |  out|    2|          m_axi|         gmem0|       pointer|
|m_axi_gmem0_ARCACHE    |  out|    4|          m_axi|         gmem0|       pointer|
|m_axi_gmem0_ARPROT     |  out|    3|          m_axi|         gmem0|       pointer|
|m_axi_gmem0_ARQOS      |  out|    4|          m_axi|         gmem0|       pointer|
|m_axi_gmem0_ARREGION   |  out|    4|          m_axi|         gmem0|       pointer|
|m_axi_gmem0_ARUSER     |  out|    1|          m_axi|         gmem0|       pointer|
|m_axi_gmem0_RVALID     |   in|    1|          m_axi|         gmem0|       pointer|
|m_axi_gmem0_RREADY     |  out|    1|          m_axi|         gmem0|       pointer|
|m_axi_gmem0_RDATA      |   in|  512|          m_axi|         gmem0|       pointer|
|m_axi_gmem0_RLAST      |   in|    1|          m_axi|         gmem0|       pointer|
|m_axi_gmem0_RID        |   in|    1|          m_axi|         gmem0|       pointer|
|m_axi_gmem0_RUSER      |   in|    1|          m_axi|         gmem0|       pointer|
|m_axi_gmem0_RRESP      |   in|    2|          m_axi|         gmem0|       pointer|
|m_axi_gmem0_BVALID     |   in|    1|          m_axi|         gmem0|       pointer|
|m_axi_gmem0_BREADY     |  out|    1|          m_axi|         gmem0|       pointer|
|m_axi_gmem0_BRESP      |   in|    2|          m_axi|         gmem0|       pointer|
|m_axi_gmem0_BID        |   in|    1|          m_axi|         gmem0|       pointer|
|m_axi_gmem0_BUSER      |   in|    1|          m_axi|         gmem0|       pointer|
|m_axi_gmem1_AWVALID    |  out|    1|          m_axi|         gmem1|       pointer|
|m_axi_gmem1_AWREADY    |   in|    1|          m_axi|         gmem1|       pointer|
|m_axi_gmem1_AWADDR     |  out|   64|          m_axi|         gmem1|       pointer|
|m_axi_gmem1_AWID       |  out|    1|          m_axi|         gmem1|       pointer|
|m_axi_gmem1_AWLEN      |  out|    8|          m_axi|         gmem1|       pointer|
|m_axi_gmem1_AWSIZE     |  out|    3|          m_axi|         gmem1|       pointer|
|m_axi_gmem1_AWBURST    |  out|    2|          m_axi|         gmem1|       pointer|
|m_axi_gmem1_AWLOCK     |  out|    2|          m_axi|         gmem1|       pointer|
|m_axi_gmem1_AWCACHE    |  out|    4|          m_axi|         gmem1|       pointer|
|m_axi_gmem1_AWPROT     |  out|    3|          m_axi|         gmem1|       pointer|
|m_axi_gmem1_AWQOS      |  out|    4|          m_axi|         gmem1|       pointer|
|m_axi_gmem1_AWREGION   |  out|    4|          m_axi|         gmem1|       pointer|
|m_axi_gmem1_AWUSER     |  out|    1|          m_axi|         gmem1|       pointer|
|m_axi_gmem1_WVALID     |  out|    1|          m_axi|         gmem1|       pointer|
|m_axi_gmem1_WREADY     |   in|    1|          m_axi|         gmem1|       pointer|
|m_axi_gmem1_WDATA      |  out|   32|          m_axi|         gmem1|       pointer|
|m_axi_gmem1_WSTRB      |  out|    4|          m_axi|         gmem1|       pointer|
|m_axi_gmem1_WLAST      |  out|    1|          m_axi|         gmem1|       pointer|
|m_axi_gmem1_WID        |  out|    1|          m_axi|         gmem1|       pointer|
|m_axi_gmem1_WUSER      |  out|    1|          m_axi|         gmem1|       pointer|
|m_axi_gmem1_ARVALID    |  out|    1|          m_axi|         gmem1|       pointer|
|m_axi_gmem1_ARREADY    |   in|    1|          m_axi|         gmem1|       pointer|
|m_axi_gmem1_ARADDR     |  out|   64|          m_axi|         gmem1|       pointer|
|m_axi_gmem1_ARID       |  out|    1|          m_axi|         gmem1|       pointer|
|m_axi_gmem1_ARLEN      |  out|    8|          m_axi|         gmem1|       pointer|
|m_axi_gmem1_ARSIZE     |  out|    3|          m_axi|         gmem1|       pointer|
|m_axi_gmem1_ARBURST    |  out|    2|          m_axi|         gmem1|       pointer|
|m_axi_gmem1_ARLOCK     |  out|    2|          m_axi|         gmem1|       pointer|
|m_axi_gmem1_ARCACHE    |  out|    4|          m_axi|         gmem1|       pointer|
|m_axi_gmem1_ARPROT     |  out|    3|          m_axi|         gmem1|       pointer|
|m_axi_gmem1_ARQOS      |  out|    4|          m_axi|         gmem1|       pointer|
|m_axi_gmem1_ARREGION   |  out|    4|          m_axi|         gmem1|       pointer|
|m_axi_gmem1_ARUSER     |  out|    1|          m_axi|         gmem1|       pointer|
|m_axi_gmem1_RVALID     |   in|    1|          m_axi|         gmem1|       pointer|
|m_axi_gmem1_RREADY     |  out|    1|          m_axi|         gmem1|       pointer|
|m_axi_gmem1_RDATA      |   in|   32|          m_axi|         gmem1|       pointer|
|m_axi_gmem1_RLAST      |   in|    1|          m_axi|         gmem1|       pointer|
|m_axi_gmem1_RID        |   in|    1|          m_axi|         gmem1|       pointer|
|m_axi_gmem1_RUSER      |   in|    1|          m_axi|         gmem1|       pointer|
|m_axi_gmem1_RRESP      |   in|    2|          m_axi|         gmem1|       pointer|
|m_axi_gmem1_BVALID     |   in|    1|          m_axi|         gmem1|       pointer|
|m_axi_gmem1_BREADY     |  out|    1|          m_axi|         gmem1|       pointer|
|m_axi_gmem1_BRESP      |   in|    2|          m_axi|         gmem1|       pointer|
|m_axi_gmem1_BID        |   in|    1|          m_axi|         gmem1|       pointer|
|m_axi_gmem1_BUSER      |   in|    1|          m_axi|         gmem1|       pointer|
+-----------------------+-----+-----+---------------+--------------+--------------+

