

================================================================
== Vitis HLS Report for 'nms_Pipeline_VITIS_LOOP_31_1_VITIS_LOOP_32_2'
================================================================
* Date:           Sun Dec 17 06:36:51 2023

* Version:        2020.1 (Build 3526262 on Mon Apr 18 15:47:01 MDT 2022)
* Project:        nms
* Solution:       solution (Vitis Kernel Flow Target)
* Product family: virtexuplus
* Target device:  xcu250-figd2104-2L-e


================================================================
== Performance Estimates
================================================================
+ Timing: 
    * Summary: 
    +--------+---------+----------+------------+
    |  Clock |  Target | Estimated| Uncertainty|
    +--------+---------+----------+------------+
    |ap_clk  |  3.33 ns|  2.433 ns|     0.90 ns|
    +--------+---------+----------+------------+

+ Latency: 
    * Summary: 
    +---------+---------+----------+----------+--------+--------+---------+
    |  Latency (cycles) |  Latency (absolute) |     Interval    | Pipeline|
    |   min   |   max   |    min   |    max   |   min  |   max  |   Type  |
    +---------+---------+----------+----------+--------+--------+---------+
    |   262216|   262216|  0.874 ms|  0.874 ms|  262216|  262216|       no|
    +---------+---------+----------+----------+--------+--------+---------+

    + Detail: 
        * Instance: 
        N/A

        * Loop: 
        +-----------------------------------+---------+---------+----------+-----------+-----------+--------+----------+
        |                                   |  Latency (cycles) | Iteration|  Initiation Interval  |  Trip  |          |
        |             Loop Name             |   min   |   max   |  Latency |  achieved |   target  |  Count | Pipelined|
        +-----------------------------------+---------+---------+----------+-----------+-----------+--------+----------+
        |- VITIS_LOOP_31_1_VITIS_LOOP_32_2  |   262147|   262147|         5|          1|          1|  262144|       yes|
        +-----------------------------------+---------+---------+----------+-----------+-----------+--------+----------+



================================================================
== Utilization Estimates
================================================================
* Summary: 
+---------------------+---------+-------+---------+---------+------+
|         Name        | BRAM_18K|  DSP  |    FF   |   LUT   | URAM |
+---------------------+---------+-------+---------+---------+------+
|DSP                  |        -|      -|        -|        -|     -|
|Expression           |        -|      -|        0|      823|     -|
|FIFO                 |        -|      -|        -|        -|     -|
|Instance             |        -|      -|        -|        -|     -|
|Memory               |        -|      -|        -|        -|     -|
|Multiplexer          |        -|      -|        -|      503|     -|
|Register             |        -|      -|     1367|       64|     -|
+---------------------+---------+-------+---------+---------+------+
|Total                |        0|      0|     1367|     1390|     0|
+---------------------+---------+-------+---------+---------+------+
|Available SLR        |     1344|   3072|   864000|   432000|   320|
+---------------------+---------+-------+---------+---------+------+
|Utilization SLR (%)  |        0|      0|       ~0|       ~0|     0|
+---------------------+---------+-------+---------+---------+------+
|Available            |     5376|  12288|  3456000|  1728000|  1280|
+---------------------+---------+-------+---------+---------+------+
|Utilization (%)      |        0|      0|       ~0|       ~0|     0|
+---------------------+---------+-------+---------+---------+------+

+ Detail: 
    * Instance: 
    N/A

    * DSP: 
    N/A

    * Memory: 
    N/A

    * FIFO: 
    N/A

    * Expression: 
    +----------------------------------+----------+----+---+-----+------------+------------+
    |           Variable Name          | Operation| DSP| FF| LUT | Bitwidth P0| Bitwidth P1|
    +----------------------------------+----------+----+---+-----+------------+------------+
    |add_ln31_1_fu_450_p2              |         +|   0|  0|   17|          10|           1|
    |add_ln31_fu_321_p2                |         +|   0|  0|   26|          19|           1|
    |add_ln32_fu_354_p2                |         +|   0|  0|   17|          10|           1|
    |add_ln90_fu_388_p2                |         +|   0|  0|   17|          10|           4|
    |ap_block_pp0_stage0_01001         |       and|   0|  0|    2|           1|           1|
    |ap_block_state3_pp0_stage0_iter1  |       and|   0|  0|    2|           1|           1|
    |ap_predicate_op125_read_state3    |       and|   0|  0|    2|           1|           1|
    |cmp142_not_fu_428_p2              |      icmp|   0|  0|   11|          10|           9|
    |cmp142_not_mid1_fu_479_p2         |      icmp|   0|  0|   11|          10|           9|
    |icmp6_fu_473_p2                   |      icmp|   0|  0|   11|           8|           1|
    |icmp_fu_422_p2                    |      icmp|   0|  0|   11|           8|           1|
    |icmp_ln31_fu_315_p2               |      icmp|   0|  0|   14|          19|          20|
    |icmp_ln32_fu_330_p2               |      icmp|   0|  0|   11|          10|          11|
    |icmp_ln45_fu_348_p2               |      icmp|   0|  0|    9|           5|           1|
    |icmp_ln61_1_fu_646_p2             |      icmp|   0|  0|   11|           8|           6|
    |icmp_ln61_2_fu_652_p2             |      icmp|   0|  0|   11|           8|           7|
    |icmp_ln61_3_fu_658_p2             |      icmp|   0|  0|   11|           8|           8|
    |icmp_ln61_fu_640_p2               |      icmp|   0|  0|   11|           8|           1|
    |icmp_ln62_fu_707_p2               |      icmp|   0|  0|   11|           8|           8|
    |icmp_ln63_fu_604_p2               |      icmp|   0|  0|   11|           8|           8|
    |icmp_ln69_fu_610_p2               |      icmp|   0|  0|   11|           8|           8|
    |icmp_ln70_fu_616_p2               |      icmp|   0|  0|   11|           8|           8|
    |icmp_ln76_fu_622_p2               |      icmp|   0|  0|   11|           8|           8|
    |icmp_ln77_fu_628_p2               |      icmp|   0|  0|   11|           8|           8|
    |icmp_ln83_fu_634_p2               |      icmp|   0|  0|   11|           8|           8|
    |icmp_ln90_fu_394_p2               |      icmp|   0|  0|   11|          10|           9|
    |ap_block_pp0_stage0_11001         |        or|   0|  0|    2|           1|           1|
    |or_ln62_fu_712_p2                 |        or|   0|  0|    2|           1|           1|
    |or_ln69_fu_724_p2                 |        or|   0|  0|    2|           1|           1|
    |or_ln76_fu_735_p2                 |        or|   0|  0|    2|           1|           1|
    |or_ln83_fu_746_p2                 |        or|   0|  0|    2|           1|           1|
    |or_ln90_1_fu_784_p2               |        or|   0|  0|    2|           1|           1|
    |or_ln90_2_fu_485_p2               |        or|   0|  0|    2|           1|           1|
    |or_ln90_fu_434_p2                 |        or|   0|  0|    2|           1|           1|
    |select_ln31_1_fu_443_p3           |    select|   0|  0|  418|           1|           1|
    |select_ln31_2_fu_456_p3           |    select|   0|  0|   10|           1|          10|
    |select_ln31_3_fu_491_p3           |    select|   0|  0|    2|           1|           1|
    |select_ln31_fu_336_p3             |    select|   0|  0|   10|           1|           1|
    |select_ln61_1_fu_763_p3           |    select|   0|  0|    8|           1|           8|
    |select_ln61_2_fu_770_p3           |    select|   0|  0|    8|           1|           8|
    |select_ln61_fu_757_p3             |    select|   0|  0|    8|           1|           8|
    |select_ln62_fu_717_p3             |    select|   0|  0|    8|           1|           1|
    |select_ln69_fu_728_p3             |    select|   0|  0|    8|           1|           1|
    |select_ln76_fu_739_p3             |    select|   0|  0|    8|           1|           1|
    |select_ln83_fu_750_p3             |    select|   0|  0|    8|           1|           1|
    |value_nms_5_fu_777_p3             |    select|   0|  0|    8|           1|           8|
    |value_nms_6_fu_788_p3             |    select|   0|  0|    8|           1|           1|
    |ap_enable_pp0                     |       xor|   0|  0|    2|           1|           2|
    +----------------------------------+----------+----+---+-----+------------+------------+
    |Total                             |          |   0|  0|  823|         242|         209|
    +----------------------------------+----------+----+---+-----+------------+------------+

    * Multiplexer: 
    +--------------------------------+-----+-----------+-----+-----------+
    |              Name              | LUT | Input Size| Bits| Total Bits|
    +--------------------------------+-----+-----------+-----+-----------+
    |ap_NS_fsm                       |  318|         71|    1|         71|
    |ap_enable_reg_pp0_iter3         |    9|          2|    1|          2|
    |ap_enable_reg_pp0_iter4         |    9|          2|    1|          2|
    |ap_phi_mux_empty_phi_fu_240_p4  |   14|          3|  512|       1536|
    |gmem0_blk_n_R                   |    9|          2|    1|          2|
    |gmem1_blk_n_AW                  |    9|          2|    1|          2|
    |gmem1_blk_n_B                   |    9|          2|    1|          2|
    |gmem1_blk_n_W                   |    9|          2|    1|          2|
    |grad_nms_fu_138                 |    9|          2|    8|         16|
    |indvar_flatten_fu_154           |    9|          2|   19|         38|
    |line_buf_grad_we0               |    9|          2|    3|          6|
    |line_buf_value_we0              |    9|          2|    3|          6|
    |p_03077_fu_130                  |    9|          2|    8|         16|
    |p_030_17379_fu_158              |    9|          2|    8|         16|
    |p_030_285_fu_142                |    9|          2|    8|         16|
    |p_030_2_187_fu_166              |    9|          2|    8|         16|
    |shiftreg_fu_126                 |    9|          2|  496|        992|
    |value_nms_3_fu_134              |    9|          2|    8|         16|
    |value_nms_fu_162                |    9|          2|    8|         16|
    |xi_fu_146                       |    9|          2|   10|         20|
    |yi_fu_150                       |    9|          2|   10|         20|
    +--------------------------------+-----+-----------+-----+-----------+
    |Total                           |  503|        112| 1116|       2813|
    +--------------------------------+-----+-----------+-----+-----------+

    * Register: 
    +---------------------------------+-----+----+-----+-----------+
    |               Name              |  FF | LUT| Bits| Const Bits|
    +---------------------------------+-----+----+-----+-----------+
    |ap_CS_fsm                        |   70|   0|   70|          0|
    |ap_enable_reg_pp0_iter0          |    1|   0|    1|          0|
    |ap_enable_reg_pp0_iter1          |    1|   0|    1|          0|
    |ap_enable_reg_pp0_iter2          |    1|   0|    1|          0|
    |ap_enable_reg_pp0_iter3          |    1|   0|    1|          0|
    |ap_enable_reg_pp0_iter4          |    1|   0|    1|          0|
    |gmem0_addr_read_reg_921          |  512|   0|  512|          0|
    |grad_nms_fu_138                  |    8|   0|    8|          0|
    |icmp_ln31_reg_888                |    1|   0|    1|          0|
    |icmp_ln32_reg_892                |    1|   0|    1|          0|
    |icmp_ln32_reg_892_pp0_iter1_reg  |    1|   0|    1|          0|
    |icmp_ln45_reg_905                |    1|   0|    1|          0|
    |icmp_ln61_1_reg_983              |    1|   0|    1|          0|
    |icmp_ln61_2_reg_988              |    1|   0|    1|          0|
    |icmp_ln61_3_reg_993              |    1|   0|    1|          0|
    |icmp_ln61_reg_978                |    1|   0|    1|          0|
    |icmp_ln63_reg_947                |    1|   0|    1|          0|
    |icmp_ln69_reg_952                |    1|   0|    1|          0|
    |icmp_ln70_reg_957                |    1|   0|    1|          0|
    |icmp_ln76_reg_962                |    1|   0|    1|          0|
    |icmp_ln77_reg_968                |    1|   0|    1|          0|
    |icmp_ln83_reg_973                |    1|   0|    1|          0|
    |icmp_ln90_reg_926                |    1|   0|    1|          0|
    |icmp_ln90_reg_926_pp0_iter2_reg  |    1|   0|    1|          0|
    |indvar_flatten_fu_154            |   19|   0|   19|          0|
    |line_buf_grad_addr_reg_915       |    9|   0|    9|          0|
    |line_buf_value_addr_reg_909      |    9|   0|    9|          0|
    |p_03077_fu_130                   |    8|   0|    8|          0|
    |p_030_17379_fu_158               |    8|   0|    8|          0|
    |p_030_285_fu_142                 |    8|   0|    8|          0|
    |p_030_2_187_fu_166               |    8|   0|    8|          0|
    |select_ln31_3_reg_942            |    1|   0|    1|          0|
    |select_ln31_reg_899              |   10|   0|   10|          0|
    |shiftreg_fu_126                  |  496|   0|  496|          0|
    |value_nms_3_fu_134               |    8|   0|    8|          0|
    |value_nms_4_reg_931              |    8|   0|    8|          0|
    |value_nms_6_reg_998              |    8|   0|    8|          0|
    |value_nms_fu_162                 |    8|   0|    8|          0|
    |xi_fu_146                        |   10|   0|   10|          0|
    |yi_fu_150                        |   10|   0|   10|          0|
    |icmp_ln31_reg_888                |   64|  32|    1|          0|
    |icmp_ln45_reg_905                |   64|  32|    1|          0|
    +---------------------------------+-----+----+-----+-----------+
    |Total                            | 1367|  64| 1241|          0|
    +---------------------------------+-----+----+-----+-----------+



================================================================
== Interface
================================================================
* Summary: 
+-------------------------+-----+-----+------------+----------------------------------------------+--------------+
|        RTL Ports        | Dir | Bits|  Protocol  |                 Source Object                |    C Type    |
+-------------------------+-----+-----+------------+----------------------------------------------+--------------+
|ap_clk                   |   in|    1|  ap_ctrl_hs|  nms_Pipeline_VITIS_LOOP_31_1_VITIS_LOOP_32_2|  return value|
|ap_rst                   |   in|    1|  ap_ctrl_hs|  nms_Pipeline_VITIS_LOOP_31_1_VITIS_LOOP_32_2|  return value|
|ap_start                 |   in|    1|  ap_ctrl_hs|  nms_Pipeline_VITIS_LOOP_31_1_VITIS_LOOP_32_2|  return value|
|ap_done                  |  out|    1|  ap_ctrl_hs|  nms_Pipeline_VITIS_LOOP_31_1_VITIS_LOOP_32_2|  return value|
|ap_idle                  |  out|    1|  ap_ctrl_hs|  nms_Pipeline_VITIS_LOOP_31_1_VITIS_LOOP_32_2|  return value|
|ap_ready                 |  out|    1|  ap_ctrl_hs|  nms_Pipeline_VITIS_LOOP_31_1_VITIS_LOOP_32_2|  return value|
|m_axi_gmem1_AWVALID      |  out|    1|       m_axi|                                         gmem1|       pointer|
|m_axi_gmem1_AWREADY      |   in|    1|       m_axi|                                         gmem1|       pointer|
|m_axi_gmem1_AWADDR       |  out|   64|       m_axi|                                         gmem1|       pointer|
|m_axi_gmem1_AWID         |  out|    1|       m_axi|                                         gmem1|       pointer|
|m_axi_gmem1_AWLEN        |  out|   32|       m_axi|                                         gmem1|       pointer|
|m_axi_gmem1_AWSIZE       |  out|    3|       m_axi|                                         gmem1|       pointer|
|m_axi_gmem1_AWBURST      |  out|    2|       m_axi|                                         gmem1|       pointer|
|m_axi_gmem1_AWLOCK       |  out|    2|       m_axi|                                         gmem1|       pointer|
|m_axi_gmem1_AWCACHE      |  out|    4|       m_axi|                                         gmem1|       pointer|
|m_axi_gmem1_AWPROT       |  out|    3|       m_axi|                                         gmem1|       pointer|
|m_axi_gmem1_AWQOS        |  out|    4|       m_axi|                                         gmem1|       pointer|
|m_axi_gmem1_AWREGION     |  out|    4|       m_axi|                                         gmem1|       pointer|
|m_axi_gmem1_AWUSER       |  out|    1|       m_axi|                                         gmem1|       pointer|
|m_axi_gmem1_WVALID       |  out|    1|       m_axi|                                         gmem1|       pointer|
|m_axi_gmem1_WREADY       |   in|    1|       m_axi|                                         gmem1|       pointer|
|m_axi_gmem1_WDATA        |  out|    8|       m_axi|                                         gmem1|       pointer|
|m_axi_gmem1_WSTRB        |  out|    1|       m_axi|                                         gmem1|       pointer|
|m_axi_gmem1_WLAST        |  out|    1|       m_axi|                                         gmem1|       pointer|
|m_axi_gmem1_WID          |  out|    1|       m_axi|                                         gmem1|       pointer|
|m_axi_gmem1_WUSER        |  out|    1|       m_axi|                                         gmem1|       pointer|
|m_axi_gmem1_ARVALID      |  out|    1|       m_axi|                                         gmem1|       pointer|
|m_axi_gmem1_ARREADY      |   in|    1|       m_axi|                                         gmem1|       pointer|
|m_axi_gmem1_ARADDR       |  out|   64|       m_axi|                                         gmem1|       pointer|
|m_axi_gmem1_ARID         |  out|    1|       m_axi|                                         gmem1|       pointer|
|m_axi_gmem1_ARLEN        |  out|   32|       m_axi|                                         gmem1|       pointer|
|m_axi_gmem1_ARSIZE       |  out|    3|       m_axi|                                         gmem1|       pointer|
|m_axi_gmem1_ARBURST      |  out|    2|       m_axi|                                         gmem1|       pointer|
|m_axi_gmem1_ARLOCK       |  out|    2|       m_axi|                                         gmem1|       pointer|
|m_axi_gmem1_ARCACHE      |  out|    4|       m_axi|                                         gmem1|       pointer|
|m_axi_gmem1_ARPROT       |  out|    3|       m_axi|                                         gmem1|       pointer|
|m_axi_gmem1_ARQOS        |  out|    4|       m_axi|                                         gmem1|       pointer|
|m_axi_gmem1_ARREGION     |  out|    4|       m_axi|                                         gmem1|       pointer|
|m_axi_gmem1_ARUSER       |  out|    1|       m_axi|                                         gmem1|       pointer|
|m_axi_gmem1_RVALID       |   in|    1|       m_axi|                                         gmem1|       pointer|
|m_axi_gmem1_RREADY       |  out|    1|       m_axi|                                         gmem1|       pointer|
|m_axi_gmem1_RDATA        |   in|    8|       m_axi|                                         gmem1|       pointer|
|m_axi_gmem1_RLAST        |   in|    1|       m_axi|                                         gmem1|       pointer|
|m_axi_gmem1_RID          |   in|    1|       m_axi|                                         gmem1|       pointer|
|m_axi_gmem1_RFIFONUM     |   in|   11|       m_axi|                                         gmem1|       pointer|
|m_axi_gmem1_RUSER        |   in|    1|       m_axi|                                         gmem1|       pointer|
|m_axi_gmem1_RRESP        |   in|    2|       m_axi|                                         gmem1|       pointer|
|m_axi_gmem1_BVALID       |   in|    1|       m_axi|                                         gmem1|       pointer|
|m_axi_gmem1_BREADY       |  out|    1|       m_axi|                                         gmem1|       pointer|
|m_axi_gmem1_BRESP        |   in|    2|       m_axi|                                         gmem1|       pointer|
|m_axi_gmem1_BID          |   in|    1|       m_axi|                                         gmem1|       pointer|
|m_axi_gmem1_BUSER        |   in|    1|       m_axi|                                         gmem1|       pointer|
|m_axi_gmem0_AWVALID      |  out|    1|       m_axi|                                         gmem0|       pointer|
|m_axi_gmem0_AWREADY      |   in|    1|       m_axi|                                         gmem0|       pointer|
|m_axi_gmem0_AWADDR       |  out|   64|       m_axi|                                         gmem0|       pointer|
|m_axi_gmem0_AWID         |  out|    1|       m_axi|                                         gmem0|       pointer|
|m_axi_gmem0_AWLEN        |  out|   32|       m_axi|                                         gmem0|       pointer|
|m_axi_gmem0_AWSIZE       |  out|    3|       m_axi|                                         gmem0|       pointer|
|m_axi_gmem0_AWBURST      |  out|    2|       m_axi|                                         gmem0|       pointer|
|m_axi_gmem0_AWLOCK       |  out|    2|       m_axi|                                         gmem0|       pointer|
|m_axi_gmem0_AWCACHE      |  out|    4|       m_axi|                                         gmem0|       pointer|
|m_axi_gmem0_AWPROT       |  out|    3|       m_axi|                                         gmem0|       pointer|
|m_axi_gmem0_AWQOS        |  out|    4|       m_axi|                                         gmem0|       pointer|
|m_axi_gmem0_AWREGION     |  out|    4|       m_axi|                                         gmem0|       pointer|
|m_axi_gmem0_AWUSER       |  out|    1|       m_axi|                                         gmem0|       pointer|
|m_axi_gmem0_WVALID       |  out|    1|       m_axi|                                         gmem0|       pointer|
|m_axi_gmem0_WREADY       |   in|    1|       m_axi|                                         gmem0|       pointer|
|m_axi_gmem0_WDATA        |  out|  512|       m_axi|                                         gmem0|       pointer|
|m_axi_gmem0_WSTRB        |  out|   64|       m_axi|                                         gmem0|       pointer|
|m_axi_gmem0_WLAST        |  out|    1|       m_axi|                                         gmem0|       pointer|
|m_axi_gmem0_WID          |  out|    1|       m_axi|                                         gmem0|       pointer|
|m_axi_gmem0_WUSER        |  out|    1|       m_axi|                                         gmem0|       pointer|
|m_axi_gmem0_ARVALID      |  out|    1|       m_axi|                                         gmem0|       pointer|
|m_axi_gmem0_ARREADY      |   in|    1|       m_axi|                                         gmem0|       pointer|
|m_axi_gmem0_ARADDR       |  out|   64|       m_axi|                                         gmem0|       pointer|
|m_axi_gmem0_ARID         |  out|    1|       m_axi|                                         gmem0|       pointer|
|m_axi_gmem0_ARLEN        |  out|   32|       m_axi|                                         gmem0|       pointer|
|m_axi_gmem0_ARSIZE       |  out|    3|       m_axi|                                         gmem0|       pointer|
|m_axi_gmem0_ARBURST      |  out|    2|       m_axi|                                         gmem0|       pointer|
|m_axi_gmem0_ARLOCK       |  out|    2|       m_axi|                                         gmem0|       pointer|
|m_axi_gmem0_ARCACHE      |  out|    4|       m_axi|                                         gmem0|       pointer|
|m_axi_gmem0_ARPROT       |  out|    3|       m_axi|                                         gmem0|       pointer|
|m_axi_gmem0_ARQOS        |  out|    4|       m_axi|                                         gmem0|       pointer|
|m_axi_gmem0_ARREGION     |  out|    4|       m_axi|                                         gmem0|       pointer|
|m_axi_gmem0_ARUSER       |  out|    1|       m_axi|                                         gmem0|       pointer|
|m_axi_gmem0_RVALID       |   in|    1|       m_axi|                                         gmem0|       pointer|
|m_axi_gmem0_RREADY       |  out|    1|       m_axi|                                         gmem0|       pointer|
|m_axi_gmem0_RDATA        |   in|  512|       m_axi|                                         gmem0|       pointer|
|m_axi_gmem0_RLAST        |   in|    1|       m_axi|                                         gmem0|       pointer|
|m_axi_gmem0_RID          |   in|    1|       m_axi|                                         gmem0|       pointer|
|m_axi_gmem0_RFIFONUM     |   in|    9|       m_axi|                                         gmem0|       pointer|
|m_axi_gmem0_RUSER        |   in|    1|       m_axi|                                         gmem0|       pointer|
|m_axi_gmem0_RRESP        |   in|    2|       m_axi|                                         gmem0|       pointer|
|m_axi_gmem0_BVALID       |   in|    1|       m_axi|                                         gmem0|       pointer|
|m_axi_gmem0_BREADY       |  out|    1|       m_axi|                                         gmem0|       pointer|
|m_axi_gmem0_BRESP        |   in|    2|       m_axi|                                         gmem0|       pointer|
|m_axi_gmem0_BID          |   in|    1|       m_axi|                                         gmem0|       pointer|
|m_axi_gmem0_BUSER        |   in|    1|       m_axi|                                         gmem0|       pointer|
|sext_ln31                |   in|   58|     ap_none|                                     sext_ln31|        scalar|
|out_r                    |   in|   64|     ap_none|                                         out_r|        scalar|
|line_buf_value_address0  |  out|    9|   ap_memory|                                line_buf_value|         array|
|line_buf_value_ce0       |  out|    1|   ap_memory|                                line_buf_value|         array|
|line_buf_value_we0       |  out|    3|   ap_memory|                                line_buf_value|         array|
|line_buf_value_d0        |  out|   24|   ap_memory|                                line_buf_value|         array|
|line_buf_value_address1  |  out|    9|   ap_memory|                                line_buf_value|         array|
|line_buf_value_ce1       |  out|    1|   ap_memory|                                line_buf_value|         array|
|line_buf_value_q1        |   in|   24|   ap_memory|                                line_buf_value|         array|
|line_buf_grad_address0   |  out|    9|   ap_memory|                                 line_buf_grad|         array|
|line_buf_grad_ce0        |  out|    1|   ap_memory|                                 line_buf_grad|         array|
|line_buf_grad_we0        |  out|    3|   ap_memory|                                 line_buf_grad|         array|
|line_buf_grad_d0         |  out|   24|   ap_memory|                                 line_buf_grad|         array|
|line_buf_grad_address1   |  out|    9|   ap_memory|                                 line_buf_grad|         array|
|line_buf_grad_ce1        |  out|    1|   ap_memory|                                 line_buf_grad|         array|
|line_buf_grad_q1         |   in|   24|   ap_memory|                                 line_buf_grad|         array|
+-------------------------+-----+-----+------------+----------------------------------------------+--------------+

