==============================================================
Vitis HLS - High-Level Synthesis from C, C++ and OpenCL v2020.1 (64-bit)
Tool Version Limit: 2022.04
Copyright 1986-2022 Xilinx, Inc. All Rights Reserved.
==============================================================
INFO: [HLS 200-1505] Using flow_target 'vitis'
INFO: [HLS 200-435] Setting 'open_solution -flow_target vitis' configuration: config_interface -m_axi_latency=64
INFO: [HLS 200-435] Setting 'open_solution -flow_target vitis' configuration: config_interface -m_axi_alignment_byte_size=64
INFO: [HLS 200-435] Setting 'open_solution -flow_target vitis' configuration: config_interface -m_axi_max_widen_bitwidth=512
INFO: [HLS 200-435] Setting 'open_solution -flow_target vitis' configuration: config_rtl -register_reset_num=3
INFO: [HLS 200-1510] Running: set_part xcu250-figd2104-2L-e 
INFO: [HLS 200-1611] Setting target device to 'xcu250-figd2104-2L-e'
INFO: [HLS 200-1510] Running: create_clock -period 300.000000MHz -name default 
INFO: [SYN 201-201] Setting up clock 'default' with a period of 3.333ns.
INFO: [HLS 200-1510] Running: config_export -vivado_optimization_level 0 
INFO: [HLS 200-1510] Running: config_dataflow -strict_mode warning 
INFO: [HLS 200-1510] Running: set_clock_uncertainty 27.000000% 
INFO: [SYN 201-201] Setting up clock 'default' with an uncertainty of 0.9ns.
INFO: [HLS 200-1510] Running: config_rtl -m_axi_conservative_mode=1 
WARNING: [HLS 200-483] The 'config_rtl -m_axi_conservative_mode' command is deprecated and will be removed in a future release. Use 'config_interface -m_axi_conservative_mode' as its replacement.
INFO: [HLS 200-1907] Replacing 'config_rtl -m_axi_conservative_mode=1' with 'config_interface -m_axi_conservative_mode=1' in current solution file
INFO: [HLS 200-1510] Running: config_interface -m_axi_addr64 
INFO: [HLS 200-1510] Running: config_interface -default_slave_interface s_axilite 
INFO: [HLS 200-1510] Running: config_export -format ip_catalog -ipname sobel 
INFO: [HLS 200-1510] Running: csynth_design 
INFO: [HLS 200-111] Finished File checks and directory preparation: CPU user time: 0.02 seconds. CPU system time: 0 seconds. Elapsed time: 0.01 seconds; current allocated memory: 1.205 GB.
INFO: [HLS 200-10] Analyzing design file '/home/luoyanl2/ece527_taskpar/fpga_kernels/src/sobel.cpp' ... 
INFO: [HLS 200-111] Finished Source Code Analysis and Preprocessing: CPU user time: 29.13 seconds. CPU system time: 1.71 seconds. Elapsed time: 30.4 seconds; current allocated memory: 200.180 MB.
INFO: [HLS 200-777] Using interface defaults for 'Vitis' flow target.
INFO: [HLS 214-291] Loop 'VITIS_LOOP_55_3' is marked as complete unroll implied by the pipeline pragma (/home/luoyanl2/ece527_taskpar/fpga_kernels/src/sobel.cpp:55:30)
INFO: [HLS 214-291] Loop 'VITIS_LOOP_62_4' is marked as complete unroll implied by the pipeline pragma (/home/luoyanl2/ece527_taskpar/fpga_kernels/src/sobel.cpp:62:30)
INFO: [HLS 214-291] Loop 'VITIS_LOOP_63_5' is marked as complete unroll implied by the pipeline pragma (/home/luoyanl2/ece527_taskpar/fpga_kernels/src/sobel.cpp:63:34)
INFO: [HLS 214-291] Loop 'VITIS_LOOP_68_6' is marked as complete unroll implied by the pipeline pragma (/home/luoyanl2/ece527_taskpar/fpga_kernels/src/sobel.cpp:68:30)
INFO: [HLS 214-291] Loop 'VITIS_LOOP_77_7' is marked as complete unroll implied by the pipeline pragma (/home/luoyanl2/ece527_taskpar/fpga_kernels/src/sobel.cpp:77:30)
INFO: [HLS 214-291] Loop 'VITIS_LOOP_78_8' is marked as complete unroll implied by the pipeline pragma (/home/luoyanl2/ece527_taskpar/fpga_kernels/src/sobel.cpp:78:34)
INFO: [HLS 214-291] Loop 'VITIS_LOOP_84_9' is marked as complete unroll implied by the pipeline pragma (/home/luoyanl2/ece527_taskpar/fpga_kernels/src/sobel.cpp:84:30)
INFO: [HLS 214-291] Loop 'VITIS_LOOP_85_10' is marked as complete unroll implied by the pipeline pragma (/home/luoyanl2/ece527_taskpar/fpga_kernels/src/sobel.cpp:85:35)
INFO: [HLS 214-186] Unrolling loop 'VITIS_LOOP_55_3' (/home/luoyanl2/ece527_taskpar/fpga_kernels/src/sobel.cpp:55:30) in function 'sobel' completely with a factor of 2 (/home/luoyanl2/ece527_taskpar/fpga_kernels/src/sobel.cpp:19:0)
INFO: [HLS 214-186] Unrolling loop 'VITIS_LOOP_62_4' (/home/luoyanl2/ece527_taskpar/fpga_kernels/src/sobel.cpp:62:30) in function 'sobel' completely with a factor of 3 (/home/luoyanl2/ece527_taskpar/fpga_kernels/src/sobel.cpp:19:0)
INFO: [HLS 214-186] Unrolling loop 'VITIS_LOOP_63_5' (/home/luoyanl2/ece527_taskpar/fpga_kernels/src/sobel.cpp:63:34) in function 'sobel' completely with a factor of 2 (/home/luoyanl2/ece527_taskpar/fpga_kernels/src/sobel.cpp:19:0)
INFO: [HLS 214-186] Unrolling loop 'VITIS_LOOP_68_6' (/home/luoyanl2/ece527_taskpar/fpga_kernels/src/sobel.cpp:68:30) in function 'sobel' completely with a factor of 3 (/home/luoyanl2/ece527_taskpar/fpga_kernels/src/sobel.cpp:19:0)
INFO: [HLS 214-186] Unrolling loop 'VITIS_LOOP_77_7' (/home/luoyanl2/ece527_taskpar/fpga_kernels/src/sobel.cpp:77:30) in function 'sobel' completely with a factor of 3 (/home/luoyanl2/ece527_taskpar/fpga_kernels/src/sobel.cpp:19:0)
INFO: [HLS 214-186] Unrolling loop 'VITIS_LOOP_78_8' (/home/luoyanl2/ece527_taskpar/fpga_kernels/src/sobel.cpp:78:34) in function 'sobel' completely with a factor of 3 (/home/luoyanl2/ece527_taskpar/fpga_kernels/src/sobel.cpp:19:0)
INFO: [HLS 214-186] Unrolling loop 'VITIS_LOOP_84_9' (/home/luoyanl2/ece527_taskpar/fpga_kernels/src/sobel.cpp:84:30) in function 'sobel' completely with a factor of 3 (/home/luoyanl2/ece527_taskpar/fpga_kernels/src/sobel.cpp:19:0)
INFO: [HLS 214-186] Unrolling loop 'VITIS_LOOP_85_10' (/home/luoyanl2/ece527_taskpar/fpga_kernels/src/sobel.cpp:85:35) in function 'sobel' completely with a factor of 3 (/home/luoyanl2/ece527_taskpar/fpga_kernels/src/sobel.cpp:19:0)
INFO: [HLS 214-178] Inlining function 'fp_struct<float>::fp_struct(float)' into 'int generic_cast_IEEE754<int, (ap_q_mode)6, float>(float, bool, hls::enable_if<std::numeric_limits<int>::is_signed, bool>::type)' (/wrk/ci/prod/2022.1/rdi_builds/continuous/2022_04_18_3526262/src/shared/hls/clib/hlsmath/include/FloatingPoint/hls_case_IEEE754.h:12:0)
INFO: [HLS 214-178] Inlining function 'fp_struct<float>::mantissa() const' into 'int generic_cast_IEEE754<int, (ap_q_mode)6, float>(float, bool, hls::enable_if<std::numeric_limits<int>::is_signed, bool>::type)' (/wrk/ci/prod/2022.1/rdi_builds/continuous/2022_04_18_3526262/src/shared/hls/clib/hlsmath/include/FloatingPoint/hls_case_IEEE754.h:12:0)
INFO: [HLS 214-178] Inlining function 'fp_struct<float>::expv() const' into 'int generic_cast_IEEE754<int, (ap_q_mode)6, float>(float, bool, hls::enable_if<std::numeric_limits<int>::is_signed, bool>::type)' (/wrk/ci/prod/2022.1/rdi_builds/continuous/2022_04_18_3526262/src/shared/hls/clib/hlsmath/include/FloatingPoint/hls_case_IEEE754.h:12:0)
INFO: [HLS 214-178] Inlining function 'fp_struct<float>::__signbit() const' into 'int generic_cast_IEEE754<int, (ap_q_mode)6, float>(float, bool, hls::enable_if<std::numeric_limits<int>::is_signed, bool>::type)' (/wrk/ci/prod/2022.1/rdi_builds/continuous/2022_04_18_3526262/src/shared/hls/clib/hlsmath/include/FloatingPoint/hls_case_IEEE754.h:12:0)
INFO: [HLS 214-178] Inlining function 'int generic_cast_IEEE754<int, (ap_q_mode)6, float>(float, bool, hls::enable_if<std::numeric_limits<int>::is_signed, bool>::type)' into 'int generic_cast_IEEE754<int, float>(float, bool)' (/wrk/ci/prod/2022.1/rdi_builds/continuous/2022_04_18_3526262/src/shared/hls/clib/hlsmath/include/FloatingPoint/hls_case_IEEE754.h:116:0)
INFO: [HLS 214-178] Inlining function 'int generic_cast_IEEE754<int, float>(float, bool)' into '__hls_fptosi_float_i32' (/wrk/ci/prod/2022.1/rdi_builds/continuous/2022_04_18_3526262/src/shared/hls/clib/hlsmath/src/lib_floatconversion.cpp:51:0)
INFO: [HLS 214-178] Inlining function 'hls::sqrt(float)' into 'sobel' (/home/luoyanl2/ece527_taskpar/fpga_kernels/src/sobel.cpp:19:0)
INFO: [HLS 214-178] Inlining function '__hls_fptosi_float_i32' into 'sobel' (/home/luoyanl2/ece527_taskpar/fpga_kernels/src/sobel.cpp:19:0)
INFO: [HLS 214-248] Applying array_partition to 'window_buf': Complete partitioning on dimension 1. Complete partitioning on dimension 2. (/home/luoyanl2/ece527_taskpar/fpga_kernels/src/sobel.cpp:27:13)
INFO: [HLS 214-241] Aggregating maxi variable 'out' with compact=none mode in 16-bits
INFO: [HLS 214-248] Applying array_reshape to 'line_buf': Complete reshaping on dimension 1. (/home/luoyanl2/ece527_taskpar/fpga_kernels/src/sobel.cpp:26:10)
INFO: [HLS 214-115] Multiple burst reads of length 4096 and bit width 512 has been inferred on bundle 'gmem0'. These burst requests might be further partitioned into multiple requests during RTL generation, based on max_read_burst_length or max_write_burst_length settings. (/home/luoyanl2/ece527_taskpar/fpga_kernels/src/sobel.cpp:45:19)
INFO: [HLS 200-111] Finished Compiling Optimization and Transform: CPU user time: 4.28 seconds. CPU system time: 0.51 seconds. Elapsed time: 5.14 seconds; current allocated memory: 208.184 MB.
INFO: [HLS 200-111] Finished Checking Pragmas: CPU user time: 0 seconds. CPU system time: 0 seconds. Elapsed time: 0 seconds; current allocated memory: 208.184 MB.
INFO: [HLS 200-10] Starting code transformations ...
INFO: [HLS 200-111] Finished Standard Transforms: CPU user time: 0.14 seconds. CPU system time: 0.02 seconds. Elapsed time: 0.16 seconds; current allocated memory: 208.184 MB.
INFO: [HLS 200-10] Checking synthesizability ...
WARNING: [SYNCHK 200-23] /home/luoyanl2/ece527_taskpar/fpga_kernels/src/sobel.cpp:19: in function 'sobel': variable-indexed range selection may cause suboptimal QoR.
INFO: [SYNCHK 200-10] 0 error(s), 1 warning(s).
INFO: [HLS 200-111] Finished Checking Synthesizability: CPU user time: 0.29 seconds. CPU system time: 0.01 seconds. Elapsed time: 0.34 seconds; current allocated memory: 272.184 MB.
INFO: [XFORM 203-510] Pipelining loop 'Loop-2' in function 'sobel' automatically.
INFO: [XFORM 203-510] Pipelining loop 'Loop-3' in function 'sobel' automatically.
INFO: [XFORM 203-401] Performing if-conversion on hyperblock from (/home/luoyanl2/ece527_taskpar/fpga_kernels/src/sobel.cpp:98:17) to (/home/luoyanl2/ece527_taskpar/fpga_kernels/src/sobel.cpp:46:26) in function 'sobel'... converting 6 basic blocks.
INFO: [HLS 200-111] Finished Loop, function and other optimizations: CPU user time: 0.41 seconds. CPU system time: 0.05 seconds. Elapsed time: 0.48 seconds; current allocated memory: 272.184 MB.
INFO: [XFORM 203-541] Flattening a loop nest 'VITIS_LOOP_45_1' (/home/luoyanl2/ece527_taskpar/fpga_kernels/src/sobel.cpp:45:27) in function 'sobel'.
INFO: [HLS 200-472] Inferring partial write operation for 'line_buf' 
INFO: [HLS 200-472] Inferring partial write operation for 'line_buf' (/home/luoyanl2/ece527_taskpar/fpga_kernels/src/sobel.cpp:59:33)
INFO: [HLS 200-444] Inferring multiple bus burst write of a total cumulative length 512 on port 'gmem1' (/home/luoyanl2/ece527_taskpar/fpga_kernels/src/sobel.cpp:127:39). These data requests might be further partitioned to multiple requests during RTL generation, based on max_read_burst_length or max_write_burst_length settings.
INFO: [HLS 200-111] Finished Architecture Synthesis: CPU user time: 0.29 seconds. CPU system time: 0.01 seconds. Elapsed time: 0.34 seconds; current allocated memory: 336.184 MB.
INFO: [HLS 200-10] Starting hardware synthesis ...
INFO: [HLS 200-10] Synthesizing 'sobel' ...
INFO: [HLS 200-10] ----------------------------------------------------------------
INFO: [HLS 200-42] -- Implementing module 'sobel_Pipeline_1' 
INFO: [HLS 200-10] ----------------------------------------------------------------
INFO: [SCHED 204-11] Starting scheduling ...
INFO: [SCHED 204-61] Pipelining loop 'Loop 1'.
INFO: [HLS 200-1470] Pipelining result : Target II = NA, Final II = 1, Depth = 1, loop 'Loop 1'
INFO: [SCHED 204-11] Finished scheduling.
INFO: [HLS 200-111] Finished Scheduling: CPU user time: 0.15 seconds. CPU system time: 0.05 seconds. Elapsed time: 0.22 seconds; current allocated memory: 336.184 MB.
INFO: [BIND 205-100] Starting micro-architecture generation ...
INFO: [BIND 205-101] Performing variable lifetime analysis.
INFO: [BIND 205-101] Exploring resource sharing.
INFO: [BIND 205-101] Binding ...
INFO: [BIND 205-100] Finished micro-architecture generation.
INFO: [HLS 200-111] Finished Binding: CPU user time: 0.05 seconds. CPU system time: 0 seconds. Elapsed time: 0.07 seconds; current allocated memory: 336.184 MB.
INFO: [HLS 200-10] ----------------------------------------------------------------
INFO: [HLS 200-42] -- Implementing module 'sobel_Pipeline_VITIS_LOOP_45_1_VITIS_LOOP_46_2' 
INFO: [HLS 200-10] ----------------------------------------------------------------
INFO: [SCHED 204-11] Starting scheduling ...
INFO: [HLS 200-486] Changing DSP latency (root=mul_ln90) to 3 in order to utilize available DSP registers.
INFO: [HLS 200-486] Changing DSP latency (root=mul_ln90_1) to 3 in order to utilize available DSP registers.
INFO: [SCHED 204-61] Pipelining loop 'VITIS_LOOP_45_1_VITIS_LOOP_46_2'.
INFO: [HLS 200-1470] Pipelining result : Target II = 1, Final II = 1, Depth = 97, loop 'VITIS_LOOP_45_1_VITIS_LOOP_46_2'
INFO: [SCHED 204-11] Finished scheduling.
INFO: [HLS 200-111] Finished Scheduling: CPU user time: 0.5 seconds. CPU system time: 0.01 seconds. Elapsed time: 0.53 seconds; current allocated memory: 336.184 MB.
INFO: [BIND 205-100] Starting micro-architecture generation ...
INFO: [BIND 205-101] Performing variable lifetime analysis.
INFO: [BIND 205-101] Exploring resource sharing.
INFO: [BIND 205-101] Binding ...
INFO: [BIND 205-100] Finished micro-architecture generation.
INFO: [HLS 200-111] Finished Binding: CPU user time: 0.79 seconds. CPU system time: 0 seconds. Elapsed time: 0.81 seconds; current allocated memory: 336.184 MB.
INFO: [HLS 200-10] ----------------------------------------------------------------
INFO: [HLS 200-42] -- Implementing module 'sobel' 
INFO: [HLS 200-10] ----------------------------------------------------------------
INFO: [SCHED 204-11] Starting scheduling ...
INFO: [SCHED 204-11] Finished scheduling.
INFO: [HLS 200-111] Finished Scheduling: CPU user time: 0.68 seconds. CPU system time: 0 seconds. Elapsed time: 0.73 seconds; current allocated memory: 336.184 MB.
INFO: [BIND 205-100] Starting micro-architecture generation ...
INFO: [BIND 205-101] Performing variable lifetime analysis.
INFO: [BIND 205-101] Exploring resource sharing.
INFO: [BIND 205-101] Binding ...
INFO: [BIND 205-100] Finished micro-architecture generation.
INFO: [HLS 200-111] Finished Binding: CPU user time: 0.59 seconds. CPU system time: 0.01 seconds. Elapsed time: 0.6 seconds; current allocated memory: 336.184 MB.
INFO: [HLS 200-10] ----------------------------------------------------------------
INFO: [HLS 200-10] -- Generating RTL for module 'sobel_Pipeline_1' 
INFO: [HLS 200-10] ----------------------------------------------------------------
INFO: [RTGEN 206-100] Finished creating RTL model for 'sobel_Pipeline_1'.
INFO: [HLS 200-111] Finished Creating RTL model: CPU user time: 0.37 seconds. CPU system time: 0.01 seconds. Elapsed time: 0.42 seconds; current allocated memory: 336.184 MB.
INFO: [HLS 200-10] ----------------------------------------------------------------
INFO: [HLS 200-10] -- Generating RTL for module 'sobel_Pipeline_VITIS_LOOP_45_1_VITIS_LOOP_46_2' 
INFO: [HLS 200-10] ----------------------------------------------------------------
INFO: [HLS 200-1030] Apply Unified Pipeline Control on module 'sobel_Pipeline_VITIS_LOOP_45_1_VITIS_LOOP_46_2' pipeline 'VITIS_LOOP_45_1_VITIS_LOOP_46_2' pipeline type 'loop pipeline'
WARNING: [RTGEN 206-101] Setting dangling out port 'sobel_Pipeline_VITIS_LOOP_45_1_VITIS_LOOP_46_2/m_axi_gmem0_ARVALID' to 0.
WARNING: [RTGEN 206-101] Setting dangling out port 'sobel_Pipeline_VITIS_LOOP_45_1_VITIS_LOOP_46_2/m_axi_gmem0_ARADDR' to 0.
WARNING: [RTGEN 206-101] Setting dangling out port 'sobel_Pipeline_VITIS_LOOP_45_1_VITIS_LOOP_46_2/m_axi_gmem0_ARID' to 0.
WARNING: [RTGEN 206-101] Setting dangling out port 'sobel_Pipeline_VITIS_LOOP_45_1_VITIS_LOOP_46_2/m_axi_gmem0_ARLEN' to 0.
WARNING: [RTGEN 206-101] Setting dangling out port 'sobel_Pipeline_VITIS_LOOP_45_1_VITIS_LOOP_46_2/m_axi_gmem0_ARSIZE' to 0.
WARNING: [RTGEN 206-101] Setting dangling out port 'sobel_Pipeline_VITIS_LOOP_45_1_VITIS_LOOP_46_2/m_axi_gmem0_ARBURST' to 0.
WARNING: [RTGEN 206-101] Setting dangling out port 'sobel_Pipeline_VITIS_LOOP_45_1_VITIS_LOOP_46_2/m_axi_gmem0_ARLOCK' to 0.
WARNING: [RTGEN 206-101] Setting dangling out port 'sobel_Pipeline_VITIS_LOOP_45_1_VITIS_LOOP_46_2/m_axi_gmem0_ARCACHE' to 0.
WARNING: [RTGEN 206-101]