

================================================================
== Vivado HLS Report for 'cuisr'
================================================================
* Date:           Tue Nov  7 11:42:50 2017

* Version:        2017.4 (Build 2051797 on Mon Nov 06 20:02:05 MST 2017)
* Project:        cuisr
* Solution:       solution1
* Product family: virtexuplus
* Target device:  xcvu9p-flgb2104-2-i


================================================================
== Performance Estimates
================================================================
+ Timing (ns): 
    * Summary: 
    +--------+-------+----------+------------+
    |  Clock | Target| Estimated| Uncertainty|
    +--------+-------+----------+------------+
    |ap_clk  |   4.00|      3.50|        0.50|
    +--------+-------+----------+------------+

+ Latency (clock cycles): 
    * Summary: 
    +-----+-----+-----+-----+---------+
    |  Latency  |  Interval | Pipeline|
    | min | max | min | max |   Type  |
    +-----+-----+-----+-----+---------+
    |   14|   14|   14|   14|   none  |
    +-----+-----+-----+-----+---------+

    + Detail: 
        * Instance: 
        N/A

        * Loop: 
        N/A



================================================================
== Utilization Estimates
================================================================
* Summary: 
+-----------------+---------+-------+---------+---------+-----+
|       Name      | BRAM_18K| DSP48E|    FF   |   LUT   | URAM|
+-----------------+---------+-------+---------+---------+-----+
|DSP              |        -|      -|        -|        -|    -|
|Expression       |        -|      -|        0|       39|    -|
|FIFO             |        -|      -|        -|        -|    -|
|Instance         |        2|      -|      512|      580|    -|
|Memory           |        -|      -|        -|        -|    -|
|Multiplexer      |        -|      -|        -|      137|    -|
|Register         |        -|      -|       82|        -|    -|
+-----------------+---------+-------+---------+---------+-----+
|Total            |        2|      0|      594|      756|    0|
+-----------------+---------+-------+---------+---------+-----+
|Available        |     4320|   6840|  2364480|  1182240|  960|
+-----------------+---------+-------+---------+---------+-----+
|Utilization (%)  |    ~0   |      0|    ~0   |    ~0   |    0|
+-----------------+---------+-------+---------+---------+-----+

+ Detail: 
    * Instance: 
    +-----------------+---------------+---------+-------+-----+-----+
    |     Instance    |     Module    | BRAM_18K| DSP48E|  FF | LUT |
    +-----------------+---------------+---------+-------+-----+-----+
    |cuisr_a_m_axi_U  |cuisr_a_m_axi  |        2|      0|  512|  580|
    +-----------------+---------------+---------+-------+-----+-----+
    |Total            |               |        2|      0|  512|  580|
    +-----------------+---------------+---------+-------+-----+-----+

    * DSP48: 
    N/A

    * Memory: 
    N/A

    * FIFO: 
    N/A

    * Expression: 
    +-----------------+----------+-------+---+----+------------+------------+
    |  Variable Name  | Operation| DSP48E| FF| LUT| Bitwidth P0| Bitwidth P1|
    +-----------------+----------+-------+---+----+------------+------------+
    |tmp_1_fu_100_p2  |     +    |      0|  0|  39|          32|           2|
    +-----------------+----------+-------+---+----+------------+------------+
    |Total            |          |      0|  0|  39|          32|           2|
    +-----------------+----------+-------+---+----+------------+------------+

    * Multiplexer: 
    +--------------------------+----+-----------+-----+-----------+
    |           Name           | LUT| Input Size| Bits| Total Bits|
    +--------------------------+----+-----------+-----+-----------+
    |a_blk_n_AR                |   9|          2|    1|          2|
    |a_blk_n_AW                |   9|          2|    1|          2|
    |a_blk_n_B                 |   9|          2|    1|          2|
    |a_blk_n_R                 |   9|          2|    1|          2|
    |a_blk_n_W                 |   9|          2|    1|          2|
    |ap_NS_fsm                 |  65|         16|    1|         16|
    |ap_sig_ioackin_a_ARREADY  |   9|          2|    1|          2|
    |ap_sig_ioackin_a_AWREADY  |   9|          2|    1|          2|
    |ap_sig_ioackin_a_WREADY   |   9|          2|    1|          2|
    +--------------------------+----+-----------+-----+-----------+
    |Total                     | 137|         32|    9|         32|
    +--------------------------+----+-----------+-----+-----------+

    * Register: 
    +--------------------------+----+----+-----+-----------+
    |           Name           | FF | LUT| Bits| Const Bits|
    +--------------------------+----+----+-----+-----------+
    |Offset_assign_fu_42       |  32|   0|   32|          0|
    |ap_CS_fsm                 |  15|   0|   15|          0|
    |ap_reg_ioackin_a_ARREADY  |   1|   0|    1|          0|
    |ap_reg_ioackin_a_AWREADY  |   1|   0|    1|          0|
    |ap_reg_ioackin_a_WREADY   |   1|   0|    1|          0|
    |tmp_1_reg_128             |  32|   0|   32|          0|
    +--------------------------+----+----+-----+-----------+
    |Total                     |  82|   0|   82|          0|
    +--------------------------+----+----+-----+-----------+



================================================================
== Interface
================================================================
* Summary: 
+------------------+-----+-----+------------+--------------+--------------+
|     RTL Ports    | Dir | Bits|  Protocol  | Source Object|    C Type    |
+------------------+-----+-----+------------+--------------+--------------+
|ap_clk            |  in |    1| ap_ctrl_hs |     cuisr    | return value |
|ap_rst_n          |  in |    1| ap_ctrl_hs |     cuisr    | return value |
|ap_start          |  in |    1| ap_ctrl_hs |     cuisr    | return value |
|ap_done           | out |    1| ap_ctrl_hs |     cuisr    | return value |
|ap_idle           | out |    1| ap_ctrl_hs |     cuisr    | return value |
|ap_ready          | out |    1| ap_ctrl_hs |     cuisr    | return value |
|m_axi_a_AWVALID   | out |    1|    m_axi   |       a      |    pointer   |
|m_axi_a_AWREADY   |  in |    1|    m_axi   |       a      |    pointer   |
|m_axi_a_AWADDR    | out |   32|    m_axi   |       a      |    pointer   |
|m_axi_a_AWID      | out |    1|    m_axi   |       a      |    pointer   |
|m_axi_a_AWLEN     | out |    8|    m_axi   |       a      |    pointer   |
|m_axi_a_AWSIZE    | out |    3|    m_axi   |       a      |    pointer   |
|m_axi_a_AWBURST   | out |    2|    m_axi   |       a      |    pointer   |
|m_axi_a_AWLOCK    | out |    2|    m_axi   |       a      |    pointer   |
|m_axi_a_AWCACHE   | out |    4|    m_axi   |       a      |    pointer   |
|m_axi_a_AWPROT    | out |    3|    m_axi   |       a      |    pointer   |
|m_axi_a_AWQOS     | out |    4|    m_axi   |       a      |    pointer   |
|m_axi_a_AWREGION  | out |    4|    m_axi   |       a      |    pointer   |
|m_axi_a_AWUSER    | out |    1|    m_axi   |       a      |    pointer   |
|m_axi_a_WVALID    | out |    1|    m_axi   |       a      |    pointer   |
|m_axi_a_WREADY    |  in |    1|    m_axi   |       a      |    pointer   |
|m_axi_a_WDATA     | out |   32|    m_axi   |       a      |    pointer   |
|m_axi_a_WSTRB     | out |    4|    m_axi   |       a      |    pointer   |
|m_axi_a_WLAST     | out |    1|    m_axi   |       a      |    pointer   |
|m_axi_a_WID       | out |    1|    m_axi   |       a      |    pointer   |
|m_axi_a_WUSER     | out |    1|    m_axi   |       a      |    pointer   |
|m_axi_a_ARVALID   | out |    1|    m_axi   |       a      |    pointer   |
|m_axi_a_ARREADY   |  in |    1|    m_axi   |       a      |    pointer   |
|m_axi_a_ARADDR    | out |   32|    m_axi   |       a      |    pointer   |
|m_axi_a_ARID      | out |    1|    m_axi   |       a      |    pointer   |
|m_axi_a_ARLEN     | out |    8|    m_axi   |       a      |    pointer   |
|m_axi_a_ARSIZE    | out |    3|    m_axi   |       a      |    pointer   |
|m_axi_a_ARBURST   | out |    2|    m_axi   |       a      |    pointer   |
|m_axi_a_ARLOCK    | out |    2|    m_axi   |       a      |    pointer   |
|m_axi_a_ARCACHE   | out |    4|    m_axi   |       a      |    pointer   |
|m_axi_a_ARPROT    | out |    3|    m_axi   |       a      |    pointer   |
|m_axi_a_ARQOS     | out |    4|    m_axi   |       a      |    pointer   |
|m_axi_a_ARREGION  | out |    4|    m_axi   |       a      |    pointer   |
|m_axi_a_ARUSER    | out |    1|    m_axi   |       a      |    pointer   |
|m_axi_a_RVALID    |  in |    1|    m_axi   |       a      |    pointer   |
|m_axi_a_RREADY    | out |    1|    m_axi   |       a      |    pointer   |
|m_axi_a_RDATA     |  in |   32|    m_axi   |       a      |    pointer   |
|m_axi_a_RLAST     |  in |    1|    m_axi   |       a      |    pointer   |
|m_axi_a_RID       |  in |    1|    m_axi   |       a      |    pointer   |
|m_axi_a_RUSER     |  in |    1|    m_axi   |       a      |    pointer   |
|m_axi_a_RRESP     |  in |    2|    m_axi   |       a      |    pointer   |
|m_axi_a_BVALID    |  in |    1|    m_axi   |       a      |    pointer   |
|m_axi_a_BREADY    | out |    1|    m_axi   |       a      |    pointer   |
|m_axi_a_BRESP     |  in |    2|    m_axi   |       a      |    pointer   |
|m_axi_a_BID       |  in |    1|    m_axi   |       a      |    pointer   |
|m_axi_a_BUSER     |  in |    1|    m_axi   |       a      |    pointer   |
|Offset            |  in |   32|   ap_none  |    Offset    |    scalar    |
+------------------+-----+-----+------------+--------------+--------------+

