

================================================================
== Vitis HLS Report for 'nms_Pipeline_1'
================================================================
* Date:           Sun Dec 17 06:36:47 2023

* Version:        2020.1 (Build 3526262 on Mon Apr 18 15:47:01 MDT 2022)
* Project:        nms
* Solution:       solution (Vitis Kernel Flow Target)
* Product family: virtexuplus
* Target device:  xcu250-figd2104-2L-e


================================================================
== Performance Estimates
================================================================
+ Timing: 
    * Summary: 
    +--------+---------+----------+------------+
    |  Clock |  Target | Estimated| Uncertainty|
    +--------+---------+----------+------------+
    |ap_clk  |  3.33 ns|  1.813 ns|     0.90 ns|
    +--------+---------+----------+------------+

+ Latency: 
    * Summary: 
    +---------+---------+----------+----------+------+------+---------+
    |  Latency (cycles) |  Latency (absolute) |   Interval  | Pipeline|
    |   min   |   max   |    min   |    max   |  min |  max |   Type  |
    +---------+---------+----------+----------+------+------+---------+
    |     1538|     1538|  5.126 us|  5.126 us|  1538|  1538|       no|
    +---------+---------+----------+----------+------+------+---------+

    + Detail: 
        * Instance: 
        N/A

        * Loop: 
        +----------+---------+---------+----------+-----------+-----------+------+----------+
        |          |  Latency (cycles) | Iteration|  Initiation Interval  | Trip |          |
        | Loop Name|   min   |   max   |  Latency |  achieved |   target  | Count| Pipelined|
        +----------+---------+---------+----------+-----------+-----------+------+----------+
        |- Loop 1  |     1536|     1536|         1|          1|          1|  1536|       yes|
        +----------+---------+---------+----------+-----------+-----------+------+----------+

============================================================
+ Verbose Summary: Synthesis Manager
============================================================
InlineROM: 1
ExposeGlobal: 0
============================================================
+ Verbose Summary: CDFG Model
============================================================
IsTopModel: 0
ResetActiveHigh: 1
IsCombinational: 0
IsDatapathOnly: 0
HasWiredReturn: 1
HasMFsm: 2
HasVarLatency: 1
IsPipeline: 0
IsRtlPipelined: 0
IsInstanceOverlapped: 0
IsDontTouch: 0
HasImplIP: 0
IsGatedGlobalClock: 0

+ Individual pipeline summary: 
  * Pipeline-0: initiation interval (II) = 1, depth = 1


============================================================
+ Verbose Summary: Schedule
============================================================
* Number of FSM states : 1
* Pipeline : 1
  Pipeline-0 : II = 1, D = 1, States = { 1 }
* Dataflow Pipeline: 0

* FSM state transitions: 
1 --> 

* FSM state operations: 

State 1 <SV = 0> <Delay = 1.81>
ST_1 : Operation 4 [1/1] (0.00ns)   --->   "%empty = alloca i32 1"   --->   Operation 4 'alloca' 'empty' <Predicate = true> <Delay = 0.00>
ST_1 : Operation 5 [1/1] (0.38ns)   --->   "%store_ln0 = store i11 0, i11 %empty"   --->   Operation 5 'store' 'store_ln0' <Predicate = true> <Delay = 0.38>
ST_1 : Operation 6 [1/1] (0.00ns)   --->   "%br_ln0 = br void %memset.loop29"   --->   Operation 6 'br' 'br_ln0' <Predicate = true> <Delay = 0.00>
ST_1 : Operation 7 [1/1] (0.00ns)   --->   "%p_load = load i11 %empty"   --->   Operation 7 'load' 'p_load' <Predicate = true> <Delay = 0.00>
ST_1 : Operation 8 [1/1] (0.00ns)   --->   "%specpipeline_ln0 = specpipeline void @_ssdm_op_SpecPipeline, i32 4294967295, i32 0, i32 1, i32 0, void @p_str"   --->   Operation 8 'specpipeline' 'specpipeline_ln0' <Predicate = true> <Delay = 0.00>
ST_1 : Operation 9 [1/1] (0.61ns)   --->   "%exitcond1278 = icmp_eq  i11 %p_load, i11 1536"   --->   Operation 9 'icmp' 'exitcond1278' <Predicate = true> <Delay = 0.61> <CoreInst = "Cmp">   --->   Core 9 'Cmp' <Latency = 0> <II = 1> <Delay = 0.61> <FuncUnit> <Opcode : 'icmp'> <InPorts = 2> <OutPorts = 1>
ST_1 : Operation 10 [1/1] (0.00ns)   --->   "%empty_30 = speclooptripcount i32 @_ssdm_op_SpecLoopTripCount, i64 1536, i64 1536, i64 1536"   --->   Operation 10 'speclooptripcount' 'empty_30' <Predicate = true> <Delay = 0.00>
ST_1 : Operation 11 [1/1] (0.73ns)   --->   "%empty_31 = add i11 %p_load, i11 1"   --->   Operation 11 'add' 'empty_31' <Predicate = true> <Delay = 0.73> <CoreInst = "Adder">   --->   Core 1 'Adder' <Latency = 0> <II = 1> <Delay = 0.73> <FuncUnit> <Opcode : 'add' 'sub'> <InPorts = 2> <OutPorts = 1>
ST_1 : Operation 12 [1/1] (0.00ns)   --->   "%br_ln0 = br i1 %exitcond1278, void %memset.loop29.split, void %split.exitStub"   --->   Operation 12 'br' 'br_ln0' <Predicate = true> <Delay = 0.00>
ST_1 : Operation 13 [1/1] (0.00ns)   --->   "%empty_32 = trunc i11 %p_load"   --->   Operation 13 'trunc' 'empty_32' <Predicate = (!exitcond1278)> <Delay = 0.00>
ST_1 : Operation 14 [1/1] (0.00ns)   --->   "%p_cast15 = zext i9 %empty_32"   --->   Operation 14 'zext' 'p_cast15' <Predicate = (!exitcond1278)> <Delay = 0.00>
ST_1 : Operation 15 [1/1] (0.00ns)   --->   "%tmp_8 = partselect i2 @_ssdm_op_PartSelect.i2.i11.i32.i32, i11 %p_load, i32 9, i32 10"   --->   Operation 15 'partselect' 'tmp_8' <Predicate = (!exitcond1278)> <Delay = 0.00>
ST_1 : Operation 16 [1/1] (0.00ns)   --->   "%line_buf_value_addr = getelementptr i24 %line_buf_value, i64 0, i64 %p_cast15"   --->   Operation 16 'getelementptr' 'line_buf_value_addr' <Predicate = (!exitcond1278)> <Delay = 0.00>
ST_1 : Operation 17 [1/1] (0.00ns)   --->   "%line_buf_grad_addr = getelementptr i24 %line_buf_grad, i64 0, i64 %p_cast15"   --->   Operation 17 'getelementptr' 'line_buf_grad_addr' <Predicate = (!exitcond1278)> <Delay = 0.00>
ST_1 : Operation 18 [1/1] (0.00ns)   --->   "%specbramwithbyteenable_ln0 = specbramwithbyteenable void @_ssdm_op_SpecBRAMWithByteEnable, i24 %line_buf_value"   --->   Operation 18 'specbramwithbyteenable' 'specbramwithbyteenable_ln0' <Predicate = (!exitcond1278)> <Delay = 0.00>
ST_1 : Operation 19 [1/1] (0.00ns)   --->   "%empty_33 = zext i2 %tmp_8"   --->   Operation 19 'zext' 'empty_33' <Predicate = (!exitcond1278)> <Delay = 0.00>
ST_1 : Operation 20 [1/1] (0.48ns)   --->   "%mask = shl i3 1, i3 %empty_33"   --->   Operation 20 'shl' 'mask' <Predicate = (!exitcond1278)> <Delay = 0.48> <CoreInst = "Shifter">   --->   Core 75 'Shifter' <Latency = 0> <II = 1> <Delay = 0.48> <FuncUnit> <Opcode : 'shl' 'lshr' 'ashr'> <InPorts = 2> <OutPorts = 1>
ST_1 : Operation 21 [1/1] (1.19ns)   --->   "%store_ln0 = store void @_ssdm_op_Write.bram.i24, i9 %line_buf_value_addr, i24 0, i3 %mask"   --->   Operation 21 'store' 'store_ln0' <Predicate = (!exitcond1278)> <Delay = 1.19> <CoreInst = "RAM">   --->   Core 83 'RAM' <Latency = 1> <II = 1> <Delay = 1.19> <Storage> <Opcode : 'load' 'store'> <Ports = 2> <Width = 24> <Depth = 512> <RAM>
ST_1 : Operation 22 [1/1] (0.00ns)   --->   "%specbramwithbyteenable_ln0 = specbramwithbyteenable void @_ssdm_op_SpecBRAMWithByteEnable, i24 %line_buf_grad"   --->   Operation 22 'specbramwithbyteenable' 'specbramwithbyteenable_ln0' <Predicate = (!exitcond1278)> <Delay = 0.00>
ST_1 : Operation 23 [1/1] (1.19ns)   --->   "%store_ln0 = store void @_ssdm_op_Write.bram.i24, i9 %line_buf_grad_addr, i24 0, i3 %mask"   --->   Operation 23 'store' 'store_ln0' <Predicate = (!exitcond1278)> <Delay = 1.19> <CoreInst = "RAM">   --->   Core 83 'RAM' <Latency = 1> <II = 1> <Delay = 1.19> <Storage> <Opcode : 'load' 'store'> <Ports = 2> <Width = 24> <Depth = 512> <RAM>
ST_1 : Operation 24 [1/1] (0.38ns)   --->   "%store_ln0 = store i11 %empty_31, i11 %empty"   --->   Operation 24 'store' 'store_ln0' <Predicate = (!exitcond1278)> <Delay = 0.38>
ST_1 : Operation 25 [1/1] (0.00ns)   --->   "%br_ln0 = br void %memset.loop29"   --->   Operation 25 'br' 'br_ln0' <Predicate = (!exitcond1278)> <Delay = 0.00>
ST_1 : Operation 26 [1/1] (0.00ns)   --->   "%ret_ln0 = ret"   --->   Operation 26 'ret' 'ret_ln0' <Predicate = (exitcond1278)> <Delay = 0.00>


============================================================
+ Verbose Summary: Timing violations
============================================================
Target clock period: 3.33ns, clock uncertainty: 0.9ns.

 <State 1>: 1.81ns
The critical path consists of the following:
	'alloca' operation ('empty') [3]  (0 ns)
	'load' operation ('p_load') on local variable 'empty' [7]  (0 ns)
	'shl' operation ('mask') [21]  (0.487 ns)
	'store' operation ('store_ln0') of constant <constant:_ssdm_op_Write.bram.i24> on array 'line_buf_value' [22]  (1.2 ns)
	blocking operation 0.13 ns on control path)


============================================================
+ Verbose Summary: Binding
============================================================
N/A
* FSMD analyzer results:
  - Output states:
 - Input state : 
  - Chain level:
	State 1


============================================================
+ Verbose Summary: Datapath Resource usage 
============================================================
N/A
