#-----------------------------------------------------------
# Vivado v2020.1 (64-bit)
# SW Build 2902540 on Wed May 27 19:54:35 MDT 2020
# IP Build 2902112 on Wed May 27 22:43:36 MDT 2020
# Start of session at: Sun Dec 17 06:35:32 2023
# Process ID: 31098
# Current directory: /home/luoyanl2/ece527_taskpar/fpga_kernels/_x.hw.xilinx_u250_xdma_201830_2/sobel/sobel/sobel/solution/impl/ip
# Command line: vivado -notrace -mode batch -source run_ippack.tcl
# Log file: /home/luoyanl2/ece527_taskpar/fpga_kernels/_x.hw.xilinx_u250_xdma_201830_2/sobel/sobel/sobel/solution/impl/ip/vivado.log
# Journal file: /home/luoyanl2/ece527_taskpar/fpga_kernels/_x.hw.xilinx_u250_xdma_201830_2/sobel/sobel/sobel/solution/impl/ip/vivado.jou
#-----------------------------------------------------------
source run_ippack.tcl -notrace
INFO: [IP_Flow 19-234] Refreshing IP repositories
INFO: [IP_Flow 19-1704] No user IP repositories specified
INFO: [IP_Flow 19-2313] Loaded Vivado IP repository '/opt/xilinx/Vivado/2020.1/data/ip'.
WARNING: [IP_Flow 19-4832] The IP name 'sobel_fsqrt_32ns_32ns_32_12_no_dsp_1_ip' you have specified is long. The Windows operating system has path length limitations. It is recommended you use shorter names to reduce the likelihood of issues.
create_ip: Time (s): cpu = 00:00:03 ; elapsed = 00:00:10 . Memory (MB): peak = 2311.672 ; gain = 42.867 ; free physical = 104167 ; free virtual = 148690
INFO: [IP_Flow 19-1686] Generating 'Synthesis' target for IP 'sobel_fsqrt_32ns_32ns_32_12_no_dsp_1_ip'...
INFO: [IP_Flow 19-1686] Generating 'Simulation' target for IP 'sobel_fsqrt_32ns_32ns_32_12_no_dsp_1_ip'...
WARNING: [IP_Flow 19-4832] The IP name 'sobel_sitofp_32s_32_5_no_dsp_1_ip' you have specified is long. The Windows operating system has path length limitations. It is recommended you use shorter names to reduce the likelihood of issues.
INFO: [IP_Flow 19-1686] Generating 'Synthesis' target for IP 'sobel_sitofp_32s_32_5_no_dsp_1_ip'...
INFO: [IP_Flow 19-1686] Generating 'Simulation' target for IP 'sobel_sitofp_32s_32_5_no_dsp_1_ip'...
INFO: [IP_Flow 19-234] Refreshing IP repositories
INFO: [IP_Flow 19-1704] No user IP repositories specified
INFO: [IP_Flow 19-2313] Loaded Vivado IP repository '/opt/xilinx/Vivado/2020.1/data/ip'.
INFO: [Common 17-206] Exiting Vivado at Sun Dec 17 06:35:58 2023...
