Copyright 1986-2020 Xilinx, Inc. All Rights Reserved.
-------------------------------------------------------------------------------------------------------------------------------------------------------------------------------------------------------------------------------------------------------------------------------------------------------------------------------------------
| Tool Version : Vivado v.2020.1 (lin64) Build 2902540 Wed May 27 19:54:35 MDT 2020
| Date         : Sun Dec 17 07:04:22 2023
| Host         : hal-fpga-x86.ncsa.illinois.edu running 64-bit CentOS Linux release 7.9.2009 (Core)
| Command      : report_accelerator_utilization -kernels { gau:pfm_top_i/dynamic_region/gau_1/inst:gau_1 hyst:pfm_top_i/dynamic_region/hyst_1/inst:hyst_1 nms:pfm_top_i/dynamic_region/nms_1/inst:nms_1 sobel:pfm_top_i/dynamic_region/sobel_1/inst:sobel_1} -file ../../../output/kernel_util_synthed.rpt -name kernel_util_synthed -json
| Design       : pfm_top_wrapper
| Device       : xcu250
| Design State : Synthesized
-------------------------------------------------------------------------------------------------------------------------------------------------------------------------------------------------------------------------------------------------------------------------------------------------------------------------------------------

Accelerator Utilization Design Information

Table of Contents
-----------------
1. System Utilization

1. System Utilization
---------------------

+---------------------+-------------------+------------------+-------------------+----------------+----------------+-----------------+
| Name                | LUT               | LUTAsMem         | REG               | BRAM           | URAM           | DSP             |
+---------------------+-------------------+------------------+-------------------+----------------+----------------+-----------------+
| Platform            |  166676 [  9.65%] |  18185 [  2.30%] |  244044 [  7.07%] |  236 [  8.78%] |    0 [  0.00%] |     7 [  0.06%] |
| User Budget         | 1560364 [100.00%] | 772375 [100.00%] | 3210036 [100.00%] | 2452 [100.00%] | 1280 [100.00%] | 12281 [100.00%] |
|    Used Resources   |   14619 [  0.94%] |   3090 [  0.40%] |   18945 [  0.59%] |   48 [  1.96%] |    0 [  0.00%] |     2 [  0.02%] |
|    Unused Resources | 1545745 [ 99.06%] | 769285 [ 99.60%] | 3191091 [ 99.41%] | 2404 [ 98.04%] | 1280 [100.00%] | 12279 [ 99.98%] |
| gau                 |    3693 [  0.24%] |   1001 [  0.13%] |    5277 [  0.16%] |   16 [  0.65%] |    0 [  0.00%] |     0 [  0.00%] |
|    gau_1            |    3693 [  0.24%] |   1001 [  0.13%] |    5277 [  0.16%] |   16 [  0.65%] |    0 [  0.00%] |     0 [  0.00%] |
| hyst                |    3372 [  0.22%] |   1001 [  0.13%] |    4281 [  0.13%] |   15 [  0.61%] |    0 [  0.00%] |     0 [  0.00%] |
|    hyst_1           |    3372 [  0.22%] |   1001 [  0.13%] |    4281 [  0.13%] |   15 [  0.61%] |    0 [  0.00%] |     0 [  0.00%] |
| nms                 |    3009 [  0.19%] |    516 [  0.07%] |    3957 [  0.12%] |    9 [  0.37%] |    0 [  0.00%] |     0 [  0.00%] |
|    nms_1            |    3009 [  0.19%] |    516 [  0.07%] |    3957 [  0.12%] |    9 [  0.37%] |    0 [  0.00%] |     0 [  0.00%] |
| sobel               |    4545 [  0.29%] |    572 [  0.07%] |    5430 [  0.17%] |    8 [  0.33%] |    0 [  0.00%] |     2 [  0.02%] |
|    sobel_1          |    4545 [  0.29%] |    572 [  0.07%] |    5430 [  0.17%] |    8 [  0.33%] |    0 [  0.00%] |     2 [  0.02%] |
+---------------------+-------------------+------------------+-------------------+----------------+----------------+-----------------+


