
****** Vitis HLS - High-Level Synthesis from C, C++ and OpenCL v2020.1 (64-bit)
  **** SW Build 3526262 on Mon Apr 18 15:47:01 MDT 2022
  **** IP Build 2902112 on Wed May 27 22:43:36 MDT 2020
    ** Copyright 1986-2022 Xilinx, Inc. All Rights Reserved.

source /opt/xilinx/Vitis_HLS/2022.1/scripts/vitis_hls/hls.tcl -notrace
INFO: [HLS 200-10] Running '/opt/xilinx/Vitis_HLS/2022.1/bin/unwrapped/lnx64.o/vitis_hls'
INFO: [HLS 200-10] For user 'luoyanl2' on host 'hal-fpga-x86.ncsa.illinois.edu' (Linux_x86_64 version 3.10.0-1160.105.1.el7.x86_64) on Sun Dec 17 06:37:47 CST 2023
INFO: [HLS 200-10] On os "CentOS Linux release 7.9.2009 (Core)"
INFO: [HLS 200-10] In directory '/home/luoyanl2/ece527_taskpar/fpga_kernels/_x.hw.xilinx_u250_xdma_201830_2/hyst/hyst'
Sourcing Tcl script 'hyst.tcl'
INFO: [HLS 200-1510] Running: open_project hyst 
INFO: [HLS 200-10] Creating and opening project '/home/luoyanl2/ece527_taskpar/fpga_kernels/_x.hw.xilinx_u250_xdma_201830_2/hyst/hyst/hyst'.
INFO: [HLS 200-1510] Running: set_top hyst 
INFO: [HLS 200-1510] Running: add_files /home/luoyanl2/ece527_taskpar/fpga_kernels/src/hyst.cpp -cflags  -I /home/luoyanl2/ece527_taskpar/fpga_kernels/src  
INFO: [HLS 200-10] Adding design file '/home/luoyanl2/ece527_taskpar/fpga_kernels/src/hyst.cpp' to the project
INFO: [HLS 200-1510] Running: open_solution -flow_target vitis solution 
INFO: [HLS 200-10] Creating and opening solution '/home/luoyanl2/ece527_taskpar/fpga_kernels/_x.hw.xilinx_u250_xdma_201830_2/hyst/hyst/hyst/solution'.
INFO: [HLS 200-1505] Using flow_target 'vitis'
Resolution: For help on HLS 200-1505 see www.xilinx.com/cgi-bin/docs/rdoc?v=2020.1;t=hls+guidance;d=200-1505.html
INFO: [HLS 200-435] Setting 'open_solution -flow_target vitis' configuration: config_interface -m_axi_latency=64
INFO: [HLS 200-435] Setting 'open_solution -flow_target vitis' configuration: config_interface -m_axi_alignment_byte_size=64
INFO: [HLS 200-435] Setting 'open_solution -flow_target vitis' configuration: config_interface -m_axi_max_widen_bitwidth=512
INFO: [HLS 200-435] Setting 'open_solution -flow_target vitis' configuration: config_rtl -register_reset_num=3
INFO: [HLS 200-1510] Running: set_part xcu250-figd2104-2L-e 
INFO: [HLS 200-1611] Setting target device to 'xcu250-figd2104-2L-e'
INFO: [HLS 200-1510] Running: create_clock -period 300.000000MHz -name default 
INFO: [SYN 201-201] Setting up clock 'default' with a period of 3.333ns.
INFO: [HLS 200-1510] Running: config_export -vivado_optimization_level 0 
INFO: [HLS 200-1510] Running: config_dataflow -strict_mode warning 
INFO: [HLS 200-1510] Running: set_clock_uncertainty 27.000000% 
INFO: [SYN 201-201] Setting up clock 'default' with an uncertainty of 0.9ns.
INFO: [HLS 200-1510] Running: config_rtl -m_axi_conservative_mode=1 
WARNING: [HLS 200-483] The 'config_rtl -m_axi_conservative_mode' command is deprecated and will be removed in a future release. Use 'config_interface -m_axi_conservative_mode' as its replacement.
INFO: [HLS 200-1907] Replacing 'config_rtl -m_axi_conservative_mode=1' with 'config_interface -m_axi_conservative_mode=1' in current solution file
INFO: [HLS 200-1510] Running: config_interface -m_axi_addr64 
INFO: [HLS 200-1510] Running: config_interface -default_slave_interface s_axilite 
INFO: [HLS 200-1510] Running: config_export -format ip_catalog -ipname hyst 
INFO: [HLS 200-1510] Running: csynth_design 
INFO: [HLS 200-111] Finished File checks and directory preparation: CPU user time: 0.02 seconds. CPU system time: 0.01 seconds. Elapsed time: 0.01 seconds; current allocated memory: 1.211 GB.
INFO: [HLS 200-10] Analyzing design file '/home/luoyanl2/ece527_taskpar/fpga_kernels/src/hyst.cpp' ... 
INFO: [HLS 200-111] Finished Source Code Analysis and Preprocessing: CPU user time: 3.2 seconds. CPU system time: 0.47 seconds. Elapsed time: 2.89 seconds; current allocated memory: 206.117 MB.
INFO: [HLS 200-777] Using interface defaults for 'Vitis' flow target.
INFO: [HLS 214-115] Multiple burst reads of length 4096 and bit width 512 has been inferred on bundle 'gmem0'. These burst requests might be further partitioned into multiple requests during RTL generation, based on max_read_burst_length or max_write_burst_length settings. (/home/luoyanl2/ece527_taskpar/fpga_kernels/src/hyst.cpp:27:22)
INFO: [HLS 214-115] Multiple burst writes of length 4096 and bit width 512 has been inferred on bundle 'gmem1'. These burst requests might be further partitioned into multiple requests during RTL generation, based on max_read_burst_length or max_write_burst_length settings. (/home/luoyanl2/ece527_taskpar/fpga_kernels/src/hyst.cpp:27:22)
INFO: [HLS 200-111] Finished Compiling Optimization and Transform: CPU user time: 3.89 seconds. CPU system time: 0.42 seconds. Elapsed time: 4.37 seconds; current allocated memory: 214.121 MB.
INFO: [HLS 200-111] Finished Checking Pragmas: CPU user time: 0 seconds. CPU system time: 0 seconds. Elapsed time: 0 seconds; current allocated memory: 214.121 MB.
INFO: [HLS 200-10] Starting code transformations ...
INFO: [HLS 200-111] Finished Standard Transforms: CPU user time: 0.03 seconds. CPU system time: 0.01 seconds. Elapsed time: 0.06 seconds; current allocated memory: 214.121 MB.
INFO: [HLS 200-10] Checking synthesizability ...
INFO: [HLS 200-111] Finished Checking Synthesizability: CPU user time: 0.04 seconds. CPU system time: 0 seconds. Elapsed time: 0.04 seconds; current allocated memory: 214.121 MB.
INFO: [XFORM 203-401] Performing if-conversion on hyperblock from (/home/luoyanl2/ece527_taskpar/fpga_kernels/src/hyst.cpp:35:16) to (/home/luoyanl2/ece527_taskpar/fpga_kernels/src/hyst.cpp:46:30) in function 'hyst'... converting 4 basic blocks.
INFO: [HLS 200-111] Finished Loop, function and other optimizations: CPU user time: 0.07 seconds. CPU system time: 0.01 seconds. Elapsed time: 0.09 seconds; current allocated memory: 214.121 MB.
INFO: [XFORM 203-541] Flattening a loop nest 'VITIS_LOOP_27_1' (/home/luoyanl2/ece527_taskpar/fpga_kernels/src/hyst.cpp:27:30) in function 'hyst'.
INFO: [HLS 200-111] Finished Architecture Synthesis: CPU user time: 0.05 seconds. CPU system time: 0.01 seconds. Elapsed time: 0.05 seconds; current allocated memory: 214.121 MB.
INFO: [HLS 200-10] Starting hardware synthesis ...
INFO: [HLS 200-10] Synthesizing 'hyst' ...
INFO: [HLS 200-10] ----------------------------------------------------------------
INFO: [HLS 200-42] -- Implementing module 'hyst_Pipeline_VITIS_LOOP_27_1_VITIS_LOOP_28_2' 
INFO: [HLS 200-10] ----------------------------------------------------------------
INFO: [SCHED 204-11] Starting scheduling ...
INFO: [SCHED 204-61] Pipelining loop 'VITIS_LOOP_27_1_VITIS_LOOP_28_2'.
INFO: [HLS 200-1470] Pipelining result : Target II = 1, Final II = 1, Depth = 5, loop 'VITIS_LOOP_27_1_VITIS_LOOP_28_2'
INFO: [SCHED 204-11] Finished scheduling.
INFO: [HLS 200-111] Finished Scheduling: CPU user time: 0.1 seconds. CPU system time: 0.02 seconds. Elapsed time: 0.16 seconds; current allocated memory: 214.121 MB.
INFO: [BIND 205-100] Starting micro-architecture generation ...
INFO: [BIND 205-101] Performing variable lifetime analysis.
INFO: [BIND 205-101] Exploring resource sharing.
INFO: [BIND 205-101] Binding ...
INFO: [BIND 205-100] Finished micro-architecture generation.
INFO: [HLS 200-111] Finished Binding: CPU user time: 0.11 seconds. CPU system time: 0 seconds. Elapsed time: 0.11 seconds; current allocated memory: 214.121 MB.
INFO: [HLS 200-10] ----------------------------------------------------------------
INFO: [HLS 200-42] -- Implementing module 'hyst' 
INFO: [HLS 200-10] ----------------------------------------------------------------
INFO: [SCHED 204-11] Starting scheduling ...
INFO: [SCHED 204-11] Finished scheduling.
INFO: [HLS 200-111] Finished Scheduling: CPU user time: 0.44 seconds. CPU system time: 0 seconds. Elapsed time: 0.47 seconds; current allocated memory: 214.121 MB.
INFO: [BIND 205-100] Starting micro-architecture generation ...
INFO: [BIND 205-101] Performing variable lifetime analysis.
INFO: [BIND 205-101] Exploring resource sharing.
INFO: [BIND 205-101] Binding ...
INFO: [BIND 205-100] Finished micro-architecture generation.
INFO: [HLS 200-111] Finished Binding: CPU user time: 0.85 seconds. CPU system time: 0.01 seconds. Elapsed time: 0.89 seconds; current allocated memory: 214.121 MB.
INFO: [HLS 200-10] ----------------------------------------------------------------
INFO: [HLS 200-10] -- Generating RTL for module 'hyst_Pipeline_VITIS_LOOP_27_1_VITIS_LOOP_28_2' 
INFO: [HLS 200-10] ----------------------------------------------------------------
INFO: [HLS 200-1030] Apply Unified Pipeline Control on module 'hyst_Pipeline_VITIS_LOOP_27_1_VITIS_LOOP_28_2' pipeline 'VITIS_LOOP_27_1_VITIS_LOOP_28_2' pipeline type 'loop pipeline'
WARNING: [RTGEN 206-101] Setting dangling out port 'hyst_Pipeline_VITIS_LOOP_27_1_VITIS_LOOP_28_2/m_axi_gmem0_ARVALID' to 0.
WARNING: [RTGEN 206-101] Setting dangling out port 'hyst_Pipeline_VITIS_LOOP_27_1_VITIS_LOOP_28_2/m_axi_gmem0_ARADDR' to 0.
WARNING: [RTGEN 206-101] Setting dangling out port 'hyst_Pipeline_VITIS_LOOP_27_1_VITIS_LOOP_28_2/m_axi_gmem0_ARID' to 0.
WARNING: [RTGEN 206-101] Setting dangling out port 'hyst_Pipeline_VITIS_LOOP_27_1_VITIS_LOOP_28_2/m_axi_gmem0_ARLEN' to 0.
WARNING: [RTGEN 206-101] Setting dangling out port 'hyst_Pipeline_VITIS_LOOP_27_1_VITIS_LOOP_28_2/m_axi_gmem0_ARSIZE' to 0.
WARNING: [RTGEN 206-101] Setting dangling out port 'hyst_Pipeline_VITIS_LOOP_27_1_VITIS_LOOP_28_2/m_axi_gmem0_ARBURST' to 0.
WARNING: [RTGEN 206-101] Setting dangling out port 'hyst_Pipeline_VITIS_LOOP_27_1_VITIS_LOOP_28_2/m_axi_gmem0_ARLOCK' to 0.
WARNING: [RTGEN 206-101] Setting dangling out port 'hyst_Pipeline_VITIS_LOOP_27_1_VITIS_LOOP_28_2/m_axi_gmem0_ARCACHE' to 0.
WARNING: [RTGEN 206-101] Setting dangling out port 'hyst_Pipeline_VITIS_LOOP_27_1_VITIS_LOOP_28_2/m_axi_gmem0_ARPROT' to 0.
WARNING: [RTGEN 206-101] Setting dangling out port 'hyst_Pipeline_VITIS_LOOP_27_1_VITIS_LOOP_28_2/m_axi_gmem0_ARQOS' to 0.
WARNING: [RTGEN 206-101] Setting dangling out port 'hyst_Pipeline_VITIS_LOOP_27_1_VITIS_LOOP_28_2/m_axi_gmem0_ARREGION' to 0.
WARNING: [RTGEN 206-101] Setting dangling out port 'hyst_Pipeline_VITIS_LOOP_27_1_VITIS_LOOP_28_2/m_axi_gmem0_ARUSER' to 0.
WARNING: [RTGEN 206-101] Setting dangling out port 'hyst_Pipeline_VITIS_LOOP_27_1_VITIS_LOOP_28_2/m_axi_gmem1_AWVALID' to 0.
WARNING: [RTGEN 206-101] Setting dangling out port 'hyst_Pipeline_VITIS_LOOP_27_1_VITIS_LOOP_28_2/m_axi_gmem1_AWADDR' to 0.
WARNING: [RTGEN 206-101] Setting dangling out port 'hyst_Pipeline_VITIS_LOOP_27_1_VITIS_LOOP_28_2/m_axi_gmem1_AWID' to 0.
WARNING: [RTGEN 206-101] Setting dangling out port 'hyst_Pipeline_VITIS_LOOP_27_1_VITIS_LOOP_28_2/m_axi_gmem1_AWLEN' to 0.
WARNING: [RTGEN 206-101] Setting dangling out port 'hyst_Pipeline_VITIS_LOOP_27_1_VITIS_LOOP_28_2/m_axi_gmem1_AWSIZE' to 0.
WARNING: [RTGEN 206-101] Setting dangling out port 'hyst_Pipeline_VITIS_LOOP_27_1_VITIS_LOOP_28_2/m_axi_gmem1_AWBURST' to 0.
WARNING: [RTGEN 206-101] Setting dangling out port 'hyst_Pipeline_VITIS_LOOP_27_1_VITIS_LOOP_28_2/m_axi_gmem1_AWLOCK' to 0.
WARNING: [RTGEN 206-101] Setting dangling out port 'hyst_Pipeline_VITIS_LOOP_27_1_VITIS_LOOP_28_2/m_axi_gmem1_AWCACHE' to 0.
WARNING: [RTGEN 206-101] Setting dangling out port 'hyst_Pipeline_VITIS_LOOP_27_1_VITIS_LOOP_28_2/m_axi_gmem1_AWPROT' to 0.
WARNING: [RTGEN 206-101] Setting dangling out port 'hyst_Pipeline_VITIS_LOOP_27_1_VITIS_LOOP_28_2/m_axi_gmem1_AWQOS' to 0.
WARNING: [RTGEN 206-101] Setting dangling out port 'hyst_Pipeline_VITIS_LOOP_27_1_VITIS_LOOP_28_2/m_axi_gmem1_AWREGION' to 0.
WARNING: [RTGEN 206-101] Setting dangling out port 'hyst_Pipeline_VITIS_LOOP_27_1_VITIS_LOOP_28_2/m_axi_gmem1_AWUSER' to 0.
WARNING: [RTGEN 206-101] Setting dangling out port 'hyst_Pipeline_VITIS_LOOP_27_1_VITIS_LOOP_28_2/m_axi_gmem1_BREADY' to 0.
INFO: [RTGEN 206-100] Finished creating RTL model for 'hyst_Pipeline_VITIS_LOOP_27_1_VITIS_LOOP_28_2'.
INFO: [HLS 200-111] Finished Creating RTL model: CPU user time: 0.29 seconds. CPU system time: 0.01 seconds. Elapsed time: 0.54 seconds; current allocated memory: 214.121 MB.
INFO: [HLS 200-10] ----------------------------------------------------------------
INFO: [HLS 200-10] -- Generating RTL for module 'hyst' 
INFO: [HLS 200-10] ----------------------------------------------------------------
WARNING: [RTGEN 206-101] Design contains AXI ports. Reset is fixed to synchronous and active low.
INFO: [RTGEN 206-500] Setting interface mode on port 'hyst/gmem0' to 'm_axi'.
INFO: [RTGEN 206-500] Setting interface mode on port 'hyst/gmem1' to 'm_axi'.
INFO: [RTGEN 206-500] Setting interface mode on port 'hyst/data' to 's_axilite & ap_none'.
INFO: [RTGEN 206-500] Setting interface mode on port 'hyst/out_r' to 's_axilite & ap_none'.
INFO: [RTGEN 206-500] Setting interface mode on function 'hyst' to 's_axilite & ap_ctrl_chain'.
INFO: [RTGEN 206-100] Bundling port 'data', 'out_r' to AXI-Lite port control.
INFO: [RTGEN 206-100] Finished creating RTL model for 'hyst'.
INFO: [HLS 200-111] Finished Creating RTL model: CPU user time: 0.37 seconds. CPU system time: 0.03 seconds. Elapsed time: 0.49 seconds; current allocated memory: 214.121 MB.
INFO: [HLS 200-111] Finished Generating all RTL models: CPU user time: 0.58 seconds. CPU system time: 0.07 seconds. Elapsed time: 0.67 seconds; current allocated memory: 214.121 MB.
INFO: [HLS 200-1603] Design has inferred MAXI bursts, see Vitis HLS GUI synthesis summary report for detailed information.
INFO: [HLS 200-111] Finished Updating report files: CPU user time: 0.63 seconds. CPU system time: 0.04 seconds. Elapsed time: 0.66 seconds; current allocated memory: 214.121 MB.
INFO: [VHDL 208-304] Generating VHDL RTL for hyst.
INFO: [VLOG 209-307] Generating Verilog RTL for hyst.
INFO: [HLS 200-790] **** Loop Constraint Status: All loop constraints were satisfied.
INFO: [HLS 200-789] **** Estimated Fmax: 411.02 MHz
INFO: [HLS 200-111] Finished Command csynth_design CPU user time: 10.7 seconds. CPU system time: 1.11 seconds. Elapsed time: 11.59 seconds; current allocated memory: -1025.652 MB.
INFO: [HLS 200-1510] Running: export_design 
INFO: [IMPL 213-8] Exporting RTL as a Vivado IP.

****** Vivado v2020.1 (64-bit)
  **** SW Build 2902540 on Wed May 27 19:54:35 MDT 2020
  **** IP Build 2902112 on Wed May 27 22:43:36 MDT 2020
    ** Copyright 1986-2020 Xilinx, Inc. All Rights Reserved.

source run_ippack.tcl -notrace
INFO: [IP_Flow 19-234] Refreshing IP repositories
INFO: [IP_Flow 19-1704] No user IP repositories specified
INFO: [IP_Flow 19-2313] Loaded Vivado IP repository '/opt/xilinx/Vivado/2020.1/data/ip'.
INFO: [Common 17-206] Exiting Vivado at Sun Dec 17 06:38:17 2023...
INFO: [HLS 200-802] Generated output file hyst/solution/impl/export.zip
INFO: [HLS 200-111] Finished Command export_design CPU user time: 15.27 seconds. CPU system time: 2.88 seconds. Elapsed time: 25.76 seconds; current allocated memory: 64.000 MB.
INFO: [HLS 200-1510] Running: close_project 
HLS completed successfully
INFO: [HLS 200-112] Total CPU user time: 29.27 seconds. Total CPU system time: 4.71 seconds. Total elapsed time: 40.04 seconds; peak allocated memory: 1.211 GB.
INFO: [Common 17-206] Exiting vitis_hls at Sun Dec 17 06:38:27 2023...
