
****** Vitis HLS - High-Level Synthesis from C, C++ and OpenCL v2020.1 (64-bit)
  **** SW Build 2902540 on Wed May 27 19:54:35 MDT 2020
  **** IP Build 2902112 on Wed May 27 22:43:36 MDT 2020
    ** Copyright 1986-2020 Xilinx, Inc. All Rights Reserved.

source /opt/xilinx/Vitis/2020.1/scripts/vitis_hls/hls.tcl -notrace
INFO: Applying HLS Y2K22 patch v1.2 for IP revision
INFO: [HLS 200-10] Running '/opt/xilinx/Vitis/2020.1/bin/unwrapped/lnx64.o/vitis_hls'
INFO: [HLS 200-10] For user 'luoyanl2' on host 'hal-fpga-x86.ncsa.illinois.edu' (Linux_x86_64 version 3.10.0-1160.102.1.el7.x86_64) on Tue Dec 12 08:46:42 CST 2023
INFO: [HLS 200-10] On os "CentOS Linux release 7.9.2009 (Core)"
INFO: [HLS 200-10] In directory '/home/luoyanl2/ece527_taskpar/fpga_kernels/sobel_hls'
Sourcing Tcl script 'run_hls.tcl'
INFO: [HLS 200-10] Opening and resetting project '/home/luoyanl2/ece527_taskpar/fpga_kernels/sobel_hls/test.prj'.
WARNING: [HLS 200-40] No /home/luoyanl2/ece527_taskpar/fpga_kernels/sobel_hls/test.prj/solution1/solution1.aps file found.
INFO: [HLS 200-10] Adding design file '../src/sobel.cpp' to the project
INFO: [HLS 200-10] Adding test bench file 'test.cpp' to the project
INFO: [HLS 200-10] Creating and opening solution '/home/luoyanl2/ece527_taskpar/fpga_kernels/sobel_hls/test.prj/solution1'.
INFO: [HLS 200-10] Cleaning up the solution database.
WARNING: [HLS 200-40] No /home/luoyanl2/ece527_taskpar/fpga_kernels/sobel_hls/test.prj/solution1/solution1.aps file found.
INFO: [HLS 200-1505] Using default flow_target 'vivado'
Resolution: For help on HLS 200-1505 see www.xilinx.com/html_docs/xilinx2020_1/hls-guidance/200-1505.html
INFO: [HLS 200-10] Setting target device to 'xcu250-figd2104-2L-e'
INFO: [SYN 201-201] Setting up clock 'default' with a period of 2.5ns.
INFO: [SIM 211-2] *************** CSIM start ***************
INFO: [SIM 211-4] CSIM will launch GCC as the compiler.
make[1]: Entering directory `/home/luoyanl2/ece527_taskpar/fpga_kernels/sobel_hls/test.prj/solution1/csim/build'
   Compiling ../../../../test.cpp in debug mode
   Compiling ../../../../../src/sobel.cpp in debug mode
   Generating csim.exe
make[1]: Leaving directory `/home/luoyanl2/ece527_taskpar/fpga_kernels/sobel_hls/test.prj/solution1/csim/build'
[+] Sobel filter passed!
INFO: [SIM 211-1] CSim done with 0 errors.
INFO: [SIM 211-3] *************** CSIM finish ***************
INFO: [HLS 200-10] Analyzing design file '../src/sobel.cpp' ... 
WARNING: [HLS 207-1535] 'Resource' is deprecated, and it will be removed in future release: /opt/xilinx/Vitis/2020.1/common/technology/autopilot/hls_hotbm_apfixed.h:117:9
WARNING: [HLS 207-1535] 'Resource' is deprecated, and it will be removed in future release: /opt/xilinx/Vitis/2020.1/common/technology/autopilot/hls_hotbm_apfixed.h:118:9
WARNING: [HLS 207-1535] 'Resource' is deprecated, and it will be removed in future release: /opt/xilinx/Vitis/2020.1/common/technology/autopilot/hls_hotbm_apfixed.h:119:9
WARNING: [HLS 207-1535] 'Resource' is deprecated, and it will be removed in future release: /opt/xilinx/Vitis/2020.1/common/technology/autopilot/hls_hotbm_apfixed.h:120:9
WARNING: [HLS 207-1535] 'Resource' is deprecated, and it will be removed in future release: /opt/xilinx/Vitis/2020.1/common/technology/autopilot/hls_hotbm_apfixed.h:121:9
WARNING: [HLS 207-1535] 'Resource' is deprecated, and it will be removed in future release: /opt/xilinx/Vitis/2020.1/common/technology/autopilot/hls_hotbm_apfixed.h:151:9
WARNING: [HLS 207-1535] 'Resource' is deprecated, and it will be removed in future release: /opt/xilinx/Vitis/2020.1/common/technology/autopilot/hls_hotbm_apfixed.h:152:9
WARNING: [HLS 207-1535] 'Resource' is deprecated, and it will be removed in future release: /opt/xilinx/Vitis/2020.1/common/technology/autopilot/hls_hotbm_apfixed.h:153:9
WARNING: [HLS 207-1535] 'Resource' is deprecated, and it will be removed in future release: /opt/xilinx/Vitis/2020.1/common/technology/autopilot/hls_hotbm_apfixed.h:154:9
WARNING: [HLS 207-1535] 'Resource' is deprecated, and it will be removed in future release: /opt/xilinx/Vitis/2020.1/common/technology/autopilot/hls_hotbm_apfixed.h:155:9
WARNING: [HLS 207-1535] 'Resource' is deprecated, and it will be removed in future release: /opt/xilinx/Vitis/2020.1/common/technology/autopilot/hls_hotbm_apfixed.h:156:9
WARNING: [HLS 207-1535] 'Resource' is deprecated, and it will be removed in future release: /opt/xilinx/Vitis/2020.1/common/technology/autopilot/hls_hotbm_apfixed.h:157:9
WARNING: [HLS 207-1535] 'Resource' is deprecated, and it will be removed in future release: /opt/xilinx/Vitis/2020.1/common/technology/autopilot/hls_hotbm_apfixed.h:158:9
WARNING: [HLS 207-1535] 'Resource' is deprecated, and it will be removed in future release: /opt/xilinx/Vitis/2020.1/common/technology/autopilot/hls_hotbm_apfixed.h:159:9
WARNING: [HLS 207-1535] 'Resource' is deprecated, and it will be removed in future release: /opt/xilinx/Vitis/2020.1/common/technology/autopilot/hls_hotbm_apfixed.h:160:9
WARNING: [HLS 207-1535] 'Resource' is deprecated, and it will be removed in future release: /opt/xilinx/Vitis/2020.1/common/technology/autopilot/hls_hotbm_apfixed.h:210:9
WARNING: [HLS 207-1535] 'Resource' is deprecated, and it will be removed in future release: /opt/xilinx/Vitis/2020.1/common/technology/autopilot/hls_hotbm_apfixed.h:211:9
WARNING: [HLS 207-1535] 'Resource' is deprecated, and it will be removed in future release: /opt/xilinx/Vitis/2020.1/common/technology/autopilot/hls_hotbm_apfixed.h:212:9
WARNING: [HLS 207-1535] 'Resource' is deprecated, and it will be removed in future release: /opt/xilinx/Vitis/2020.1/common/technology/autopilot/hls_hotbm_apfixed.h:239:9
WARNING: [HLS 207-1535] 'Resource' is deprecated, and it will be removed in future release: /opt/xilinx/Vitis/2020.1/common/technology/autopilot/hls_hotbm_apfixed.h:240:9
WARNING: [HLS 207-1535] 'Resource' is deprecated, and it will be removed in future release: /opt/xilinx/Vitis/2020.1/common/technology/autopilot/hls_hotbm_apfixed.h:241:9
WARNING: [HLS 207-1535] 'Resource' is deprecated, and it will be removed in future release: /opt/xilinx/Vitis/2020.1/common/technology/autopilot/hls_hotbm_apfixed.h:242:9
WARNING: [HLS 207-1535] 'Resource' is deprecated, and it will be removed in future release: /opt/xilinx/Vitis/2020.1/common/technology/autopilot/hls_hotbm_apfixed.h:243:9
WARNING: [HLS 207-1535] 'Resource' is deprecated, and it will be removed in future release: /opt/xilinx/Vitis/2020.1/common/technology/autopilot/hls_hotbm_apfixed.h:244:9
WARNING: [HLS 207-1535] 'Resource' is deprecated, and it will be removed in future release: /opt/xilinx/Vitis/2020.1/common/technology/autopilot/hls_hotbm_apfixed.h:280:9
WARNING: [HLS 207-1535] 'Resource' is deprecated, and it will be removed in future release: /opt/xilinx/Vitis/2020.1/common/technology/autopilot/hls_hotbm_apfixed.h:281:9
INFO: [HLS 200-777] Using interface defaults for 'Vivado' target.
INFO: [HLS 214-178] Inlining function 'fp_struct<float>::fp_struct(float)' into 'int generic_cast_IEEE754<int, (ap_q_mode)6, float>(float, bool, hls::enable_if<std::numeric_limits<int>::is_signed, bool>::type)' (/wrk/2020.1/continuous/2020_05_27_2902540/src/shared/hls/clib/hlsmath/include/FloatingPoint/hls_case_IEEE754.h:12:0)
INFO: [HLS 214-178] Inlining function 'fp_struct<float>::mantissa() const' into 'int generic_cast_IEEE754<int, (ap_q_mode)6, float>(float, bool, hls::enable_if<std::numeric_limits<int>::is_signed, bool>::type)' (/wrk/2020.1/continuous/2020_05_27_2902540/src/shared/hls/clib/hlsmath/include/FloatingPoint/hls_case_IEEE754.h:12:0)
INFO: [HLS 214-178] Inlining function 'fp_struct<float>::expv() const' into 'int generic_cast_IEEE754<int, (ap_q_mode)6, float>(float, bool, hls::enable_if<std::numeric_limits<int>::is_signed, bool>::type)' (/wrk/2020.1/continuous/2020_05_27_2902540/src/shared/hls/clib/hlsmath/include/FloatingPoint/hls_case_IEEE754.h:12:0)
INFO: [HLS 214-178] Inlining function 'fp_struct<float>::__signbit() const' into 'int generic_cast_IEEE754<int, (ap_q_mode)6, float>(float, bool, hls::enable_if<std::numeric_limits<int>::is_signed, bool>::type)' (/wrk/2020.1/continuous/2020_05_27_2902540/src/shared/hls/clib/hlsmath/include/FloatingPoint/hls_case_IEEE754.h:12:0)
INFO: [HLS 214-178] Inlining function 'int generic_cast_IEEE754<int, float>(float, bool)' into '__hls_fptosi_float_i32' (/wrk/2020.1/continuous/2020_05_27_2902540/src/shared/hls/clib/hlsmath/src/lib_floatconversion.cpp:51:0)
INFO: [HLS 214-178] Inlining function 'hls::sqrt(float)' into 'sobel(unsigned char*, GradPix*)' (../src/sobel.cpp:15:0)
INFO: [HLS 214-178] Inlining function '__hls_fptosi_float_i32' into 'sobel(unsigned char*, GradPix*)' (../src/sobel.cpp:15:0)
INFO: [HLS 200-111] Finished Linking Time (s): cpu = 00:00:50 ; elapsed = 00:00:54 . Memory (MB): peak = 1668.570 ; gain = 1235.934 ; free physical = 68972 ; free virtual = 148028
INFO: [HLS 200-111] Finished Checking Pragmas Time (s): cpu = 00:00:50 ; elapsed = 00:00:54 . Memory (MB): peak = 1668.570 ; gain = 1235.934 ; free physical = 68972 ; free virtual = 148028
INFO: [HLS 200-10] Starting code transformations ...
INFO: [HLS 200-111] Finished Standard Transforms Time (s): cpu = 00:00:50 ; elapsed = 00:00:54 . Memory (MB): peak = 1668.570 ; gain = 1235.934 ; free physical = 68953 ; free virtual = 148012
INFO: [HLS 200-10] Checking synthesizability ...
INFO: [XFORM 203-602] Inlining function 'generic_cast_IEEE754<int, (ap_q_mode)6, float>' into 'sobel' (/wrk/2020.1/continuous/2020_05_27_2902540/src/shared/hls/clib/hlsmath/include/FloatingPoint/hls_case_IEEE754.h:117) automatically.
INFO: [HLS 200-111] Finished Checking Synthesizability Time (s): cpu = 00:00:50 ; elapsed = 00:00:54 . Memory (MB): peak = 1668.570 ; gain = 1235.934 ; free physical = 68941 ; free virtual = 148001
INFO: [XFORM 203-510] Pipelining loop 'Loop-2' in function 'sobel' automatically.
INFO: [XFORM 203-510] Pipelining loop 'Loop-3' in function 'sobel' automatically.
INFO: [XFORM 203-502] Unrolling all sub-loops inside loop 'VITIS_LOOP_42_2' (../src/sobel.cpp:42) in function 'sobel' for pipelining.
INFO: [HLS 200-489] Unrolling loop 'VITIS_LOOP_51_3' (../src/sobel.cpp:51) in function 'sobel' completely with a factor of 2.
INFO: [HLS 200-489] Unrolling loop 'VITIS_LOOP_58_4' (../src/sobel.cpp:58) in function 'sobel' completely with a factor of 3.
INFO: [HLS 200-489] Unrolling loop 'VITIS_LOOP_59_5' (../src/sobel.cpp:59) in function 'sobel' completely with a factor of 2.
INFO: [HLS 200-489] Unrolling loop 'VITIS_LOOP_64_6' (../src/sobel.cpp:64) in function 'sobel' completely with a factor of 3.
INFO: [HLS 200-489] Unrolling loop 'VITIS_LOOP_73_7' (../src/sobel.cpp:73) in function 'sobel' completely with a factor of 3.
INFO: [HLS 200-489] Unrolling loop 'VITIS_LOOP_74_8' (../src/sobel.cpp:74) in function 'sobel' completely with a factor of 3.
INFO: [HLS 200-489] Unrolling loop 'VITIS_LOOP_80_9' (../src/sobel.cpp:80) in function 'sobel' completely with a factor of 3.
INFO: [HLS 200-489] Unrolling loop 'VITIS_LOOP_81_10' (../src/sobel.cpp:70) in function 'sobel' completely with a factor of 3.
INFO: [XFORM 203-131] Reshaping array 'line_buf' (../src/sobel.cpp:22) in dimension 1 completely.
INFO: [XFORM 203-101] Partitioning array 'window_buf' (../src/sobel.cpp:23) in dimension 1 completely.
INFO: [XFORM 203-101] Partitioning array 'H_SOBEL_KERNEL'  in dimension 1 completely.
INFO: [XFORM 203-101] Partitioning array 'V_SOBEL_KERNEL'  in dimension 1 completely.
INFO: [XFORM 203-101] Partitioning array 'window_buf' (../src/sobel.cpp:23) in dimension 2 completely.
INFO: [XFORM 203-101] Partitioning array 'H_SOBEL_KERNEL'  in dimension 2 completely.
INFO: [XFORM 203-101] Partitioning array 'V_SOBEL_KERNEL'  in dimension 2 completely.
INFO: [XFORM 203-602] Inlining function 'generic_cast_IEEE754<int, (ap_q_mode)6, float>' into 'sobel' (/wrk/2020.1/continuous/2020_05_27_2902540/src/shared/hls/clib/hlsmath/include/FloatingPoint/hls_case_IEEE754.h:117) automatically.
INFO: [XFORM 203-11] Balancing expressions in function 'sobel' (../src/sobel.cpp:7:54)...3 expression(s) balanced.
INFO: [HLS 200-111] Finished Pre-synthesis Time (s): cpu = 00:00:51 ; elapsed = 00:00:55 . Memory (MB): peak = 1668.570 ; gain = 1235.934 ; free physical = 68905 ; free virtual = 147967
INFO: [HLS 200-472] Inferring partial write operation for 'line_buf' 
INFO: [HLS 200-472] Inferring partial write operation for 'line_buf' (../src/sobel.cpp:55:33)
INFO: [HLS 200-111] Finished Architecture Synthesis Time (s): cpu = 00:00:51 ; elapsed = 00:00:55 . Memory (MB): peak = 1668.570 ; gain = 1235.934 ; free physical = 68899 ; free virtual = 147961
INFO: [HLS 200-10] Starting hardware synthesis ...
INFO: [HLS 200-10] Synthesizing 'sobel' ...
WARNING: [SYN 201-107] Renaming port name 'sobel/out' to 'sobel/out_r' to avoid the conflict with HDL keywords or other object names.
INFO: [HLS 200-10] ----------------------------------------------------------------
INFO: [HLS 200-42] -- Implementing module 'sobel' 
INFO: [HLS 200-10] ----------------------------------------------------------------
INFO: [SCHED 204-11] Starting scheduling ...
INFO: [HLS 200-486] Changing DSP48 latency (root=mul_ln86) to 3 in order to utilize available DSP registers.
INFO: [HLS 200-486] Changing DSP48 latency (root=mul_ln86_1) to 3 in order to utilize available DSP registers.
INFO: [HLS 200-486] Changing DSP48 latency (root=mul_ln103_1) to 3 in order to utilize available DSP registers.
INFO: [HLS 200-486] Changing DSP48 latency (root=mul_ln103) to 3 in order to utilize available DSP registers.
INFO: [HLS 200-486] Changing DSP48 latency (root=mul_ln107_1) to 3 in order to utilize available DSP registers.
INFO: [HLS 200-486] Changing DSP48 latency (root=mul_ln107) to 3 in order to utilize available DSP registers.
INFO: [SCHED 204-61] Pipelining loop 'Loop 1'.
INFO: [HLS 200-1470] Pipelining result : Target II = 1, Final II = 1, Depth = 2.
INFO: [SCHED 204-61] Pipelining loop 'Loop 2'.
INFO: [HLS 200-1470] Pipelining result : Target II = 1, Final II = 1, Depth = 1.
INFO: [SCHED 204-61] Pipelining loop 'VITIS_LOOP_42_2'.
INFO: [HLS 200-1470] Pipelining result : Target II = 1, Final II = 1, Depth = 37.
INFO: [SCHED 204-11] Finished scheduling.
INFO: [HLS 200-111]  Elapsed time: 55.44 seconds; current allocated memory: 226.778 MB.
INFO: [BIND 205-100] Starting micro-architecture generation ...
INFO: [BIND 205-101] Performing variable lifetime analysis.
INFO: [BIND 205-101] Exploring resource sharing.
INFO: [BIND 205-101] Binding ...
INFO: [BIND 205-100] Finished micro-architecture generation.
INFO: [HLS 200-111]  Elapsed time: 0.44 seconds; current allocated memory: 228.108 MB.
INFO: [HLS 200-10] ----------------------------------------------------------------
INFO: [HLS 200-10] -- Generating RTL for module 'sobel' 
INFO: [HLS 200-10] ----------------------------------------------------------------
INFO: [RTGEN 206-500] Setting interface mode on port 'sobel/data' to 'ap_memory'.
INFO: [RTGEN 206-500] Setting interface mode on port 'sobel/out_r' to 'ap_memory'.
INFO: [RTGEN 206-500] Setting interface mode on function 'sobel' to 'ap_ctrl_hs'.
INFO: [RTGEN 206-100] Generating core module 'fsqrt_32ns_32ns_32_17_no_dsp_1': 1 instance(s).
INFO: [RTGEN 206-100] Generating core module 'mac_muladd_11s_11s_22s_22_4_1': 1 instance(s).
INFO: [RTGEN 206-100] Generating core module 'mul_mul_11s_11s_22_4_1': 1 instance(s).
INFO: [RTGEN 206-100] Generating core module 'mul_mul_11s_11s_31_4_1': 1 instance(s).
INFO: [RTGEN 206-100] Generating core module 'mul_mul_11s_8ns_28_4_1': 1 instance(s).
INFO: [RTGEN 206-100] Generating core module 'mul_mul_11s_8s_28_4_1': 2 instance(s).
INFO: [RTGEN 206-100] Generating core module 'sdiv_20s_11s_20_24_1': 1 instance(s).
INFO: [RTGEN 206-100] Generating core module 'sitofp_32s_32_6_no_dsp_1': 1 instance(s).
INFO: [RTGEN 206-100] Finished creating RTL model for 'sobel'.
INFO: [HLS 200-111]  Elapsed time: 0.59 seconds; current allocated memory: 230.691 MB.
INFO: [RTMG 210-282] Generating pipelined core: 'sobel_sdiv_20s_11s_20_24_1_div'
INFO: [RTMG 210-278] Implementing memory 'sobel_line_buf_ram (RAM)' using block RAMs.
INFO: [HLS 200-111] Finished generating all RTL models Time (s): cpu = 00:00:54 ; elapsed = 00:00:59 . Memory (MB): peak = 1668.570 ; gain = 1235.934 ; free physical = 68884 ; free virtual = 147952
INFO: [VHDL 208-304] Generating VHDL RTL for sobel.
INFO: [VLOG 209-307] Generating Verilog RTL for sobel.
INFO: [HLS 200-790] **** Loop Constraint Status: All loop constraints were satisfied.
INFO: [HLS 200-789] **** Estimated Fmax: 571.43 MHz
INFO: [COSIM 212-47] Using XSIM for RTL simulation.
INFO: [COSIM 212-14] Instrumenting C test bench ...
make[1]: Entering directory `/home/luoyanl2/ece527_taskpar/fpga_kernels/sobel_hls/test.prj/solution1/sim/wrapc'
   Build using "/opt/xilinx/Vivado/2020.1/tps/lnx64/gcc-6.2.0/bin/g++"
   Compiling apatb_sobel.cpp
   Compiling sobel.cpp_pre.cpp.tb.cpp
   Compiling test.cpp_pre.cpp.tb.cpp
   Generating cosim.tv.exe
make[1]: Leaving directory `/home/luoyanl2/ece527_taskpar/fpga_kernels/sobel_hls/test.prj/solution1/sim/wrapc'
INFO: [COSIM 212-302] Starting C TB testing ... 
[+] Sobel filter passed!
INFO: [COSIM 212-333] Generating C post check test bench ...
INFO: [COSIM 212-12] Generating RTL test bench ...

****** Vivado v2020.1 (64-bit)
  **** SW Build 2902540 on Wed May 27 19:54:35 MDT 2020
  **** IP Build 2902112 on Wed May 27 22:43:36 MDT 2020
    ** Copyright 1986-2020 Xilinx, Inc. All Rights Reserved.

source run_vivado_gen_ip.tcl -notrace
INFO: [IP_Flow 19-234] Refreshing IP repositories
INFO: [IP_Flow 19-1704] No user IP repositories specified
INFO: [IP_Flow 19-2313] Loaded Vivado IP repository '/opt/xilinx/Vivado/2020.1/data/ip'.
WARNING: [IP_Flow 19-4832] The IP name 'sobel_ap_sitofp_4_no_dsp_32' you have specified is long. The Windows operating system has path length limitations. It is recommended you use shorter names to reduce the likelihood of issues.
create_ip: Time (s): cpu = 00:00:03 ; elapsed = 00:00:08 . Memory (MB): peak = 2208.484 ; gain = 42.867 ; free physical = 68448 ; free virtual = 147506
INFO: [IP_Flow 19-1686] Generating 'Synthesis' target for IP 'sobel_ap_sitofp_4_no_dsp_32'...
INFO: [IP_Flow 19-1686] Generating 'Simulation' target for IP 'sobel_ap_sitofp_4_no_dsp_32'...
WARNING: [IP_Flow 19-4832] The IP name 'sobel_ap_fsqrt_15_no_dsp_32' you have specified is long. The Windows operating system has path length limitations. It is recommended you use shorter names to reduce the likelihood of issues.
INFO: [IP_Flow 19-1686] Generating 'Synthesis' target for IP 'sobel_ap_fsqrt_15_no_dsp_32'...
INFO: [IP_Flow 19-1686] Generating 'Simulation' target for IP 'sobel_ap_fsqrt_15_no_dsp_32'...
INFO: [Common 17-206] Exiting Vivado at Tue Dec 12 08:48:21 2023...
INFO: [COSIM 212-1] *** C/RTL co-simulation file generation completed. ***
INFO: [COSIM 212-323] Starting verilog simulation. 
INFO: [COSIM 212-15] Starting XSIM ...
Vivado Simulator 2020.1
Copyright 1986-1999, 2001-2020 Xilinx, Inc. All Rights Reserved.
Running: /opt/xilinx/Vivado/2020.1/bin/unwrapped/lnx64.o/xelab xil_defaultlib.apatb_sobel_top glbl -prj sobel.prj -L smartconnect_v1_0 -L axi_protocol_checker_v1_1_12 -L axi_protocol_checker_v1_1_13 -L axis_protocol_checker_v1_1_11 -L axis_protocol_checker_v1_1_12 -L xil_defaultlib -L unisims_ver -L xpm --lib ieee_proposed=./ieee_proposed -s sobel 
Multi-threading is on. Using 22 slave threads.
Determining compilation order of HDL files.
INFO: [VRFC 10-2263] Analyzing SystemVerilog file "/home/luoyanl2/ece527_taskpar/fpga_kernels/sobel_hls/test.prj/solution1/sim/verilog/glbl.v" into library work
INFO: [VRFC 10-311] analyzing module glbl
INFO: [VRFC 10-2263] Analyzing SystemVerilog file "/home/luoyanl2/ece527_taskpar/fpga_kernels/sobel_hls/test.prj/solution1/sim/verilog/sobel.autotb.v" into library xil_defaultlib
INFO: [VRFC 10-311] analyzing module apatb_sobel_top
INFO: [VRFC 10-2263] Analyzing SystemVerilog file "/home/luoyanl2/ece527_taskpar/fpga_kernels/sobel_hls/test.prj/solution1/sim/verilog/AESL_automem_data.v" into library xil_defaultlib
INFO: [VRFC 10-311] analyzing module AESL_automem_data
INFO: [VRFC 10-2263] Analyzing SystemVerilog file "/home/luoyanl2/ece527_taskpar/fpga_kernels/sobel_hls/test.prj/solution1/sim/verilog/AESL_automem_out_r.v" into library xil_defaultlib
INFO: [VRFC 10-311] analyzing module AESL_automem_out_r
INFO: [VRFC 10-2263] Analyzing SystemVerilog file "/home/luoyanl2/ece527_taskpar/fpga_kernels/sobel_hls/test.prj/solution1/sim/verilog/sobel.v" into library xil_defaultlib
INFO: [VRFC 10-311] analyzing module sobel
INFO: [VRFC 10-2263] Analyzing SystemVerilog file "/home/luoyanl2/ece527_taskpar/fpga_kernels/sobel_hls/test.prj/solution1/sim/verilog/sobel_sitofp_32s_32_6_no_dsp_1.v" into library xil_defaultlib
INFO: [VRFC 10-311] analyzing module sobel_sitofp_32s_32_6_no_dsp_1
INFO: [VRFC 10-2263] Analyzing SystemVerilog file "/home/luoyanl2/ece527_taskpar/fpga_kernels/sobel_hls/test.prj/solution1/sim/verilog/sobel_fsqrt_32ns_32ns_32_17_no_dsp_1.v" into library xil_defaultlib
INFO: [VRFC 10-311] analyzing module sobel_fsqrt_32ns_32ns_32_17_no_dsp_1
INFO: [VRFC 10-2263] Analyzing SystemVerilog file "/home/luoyanl2/ece527_taskpar/fpga_kernels/sobel_hls/test.prj/solution1/sim/verilog/sobel_sdiv_20s_11s_20_24_1.v" into library xil_defaultlib
INFO: [VRFC 10-311] analyzing module sobel_sdiv_20s_11s_20_24_1_div_u
INFO: [VRFC 10-311] analyzing module sobel_sdiv_20s_11s_20_24_1_div
INFO: [VRFC 10-311] analyzing module sobel_sdiv_20s_11s_20_24_1
INFO: [VRFC 10-2263] Analyzing SystemVerilog file "/home/luoyanl2/ece527_taskpar/fpga_kernels/sobel_hls/test.prj/solution1/sim/verilog/sobel_mul_mul_11s_11s_22_4_1.v" into library xil_defaultlib
INFO: [VRFC 10-311] analyzing module sobel_mul_mul_11s_11s_22_4_1_DSP48_0
INFO: [VRFC 10-311] analyzing module sobel_mul_mul_11s_11s_22_4_1
INFO: [VRFC 10-2263] Analyzing SystemVerilog file "/home/luoyanl2/ece527_taskpar/fpga_kernels/sobel_hls/test.prj/solution1/sim/verilog/sobel_mul_mul_11s_11s_31_4_1.v" into library xil_defaultlib
INFO: [VRFC 10-311] analyzing module sobel_mul_mul_11s_11s_31_4_1_DSP48_1
INFO: [VRFC 10-311] analyzing module sobel_mul_mul_11s_11s_31_4_1
INFO: [VRFC 10-2263] Analyzing SystemVerilog file "/home/luoyanl2/ece527_taskpar/fpga_kernels/sobel_hls/test.prj/solution1/sim/verilog/sobel_mul_mul_11s_8s_28_4_1.v" into library xil_defaultlib
INFO: [VRFC 10-311] analyzing module sobel_mul_mul_11s_8s_28_4_1_DSP48_2
INFO: [VRFC 10-311] analyzing module sobel_mul_mul_11s_8s_28_4_1
INFO: [VRFC 10-2263] Analyzing SystemVerilog file "/home/luoyanl2/ece527_taskpar/fpga_kernels/sobel_hls/test.prj/solution1/sim/verilog/sobel_mac_muladd_11s_11s_22s_22_4_1.v" into library xil_defaultlib
INFO: [VRFC 10-311] analyzing module sobel_mac_muladd_11s_11s_22s_22_4_1_DSP48_3
INFO: [VRFC 10-311] analyzing module sobel_mac_muladd_11s_11s_22s_22_4_1
INFO: [VRFC 10-2263] Analyzing SystemVerilog file "/home/luoyanl2/ece527_taskpar/fpga_kernels/sobel_hls/test.prj/solution1/sim/verilog/sobel_mul_mul_11s_8ns_28_4_1.v" into library xil_defaultlib
INFO: [VRFC 10-311] analyzing module sobel_mul_mul_11s_8ns_28_4_1_DSP48_4
INFO: [VRFC 10-311] analyzing module sobel_mul_mul_11s_8ns_28_4_1
INFO: [VRFC 10-2263] Analyzing SystemVerilog file "/home/luoyanl2/ece527_taskpar/fpga_kernels/sobel_hls/test.prj/solution1/sim/verilog/sobel_line_buf.v" into library xil_defaultlib
INFO: [VRFC 10-311] analyzing module sobel_line_buf_ram
INFO: [VRFC 10-311] analyzing module sobel_line_buf
INFO: [VRFC 10-163] Analyzing VHDL file "/home/luoyanl2/ece527_taskpar/fpga_kernels/sobel_hls/test.prj/solution1/sim/verilog/ip/xil_defaultlib/sobel_ap_sitofp_4_no_dsp_32.vhd" into library xil_defaultlib
INFO: [VRFC 10-3107] analyzing entity 'sobel_ap_sitofp_4_no_dsp_32'
INFO: [VRFC 10-163] Analyzing VHDL file "/home/luoyanl2/ece527_taskpar/fpga_kernels/sobel_hls/test.prj/solution1/sim/verilog/ip/xil_defaultlib/sobel_ap_fsqrt_15_no_dsp_32.vhd" into library xil_defaultlib
INFO: [VRFC 10-3107] analyzing entity 'sobel_ap_fsqrt_15_no_dsp_32'
Starting static elaboration
Pass Through NonSizing Optimizer
WARNING: [VRFC 10-3499] library name 'floating_point_v7_1_10' of instantiated unit conflicts with visible identifier [ip/xil_defaultlib/sobel_ap_sitofp_4_no_dsp_32.vhd:197]
WARNING: [VRFC 10-3499] library name 'floating_point_v7_1_10' of instantiated unit conflicts with visible identifier [/home/luoyanl2/ece527_taskpar/fpga_kernels/sobel_hls/test.prj/solution1/sim/verilog/ip/xil_defaultlib/sobel_ap_fsqrt_15_no_dsp_32.vhd:197]
Completed static elaboration
Starting simulation data flow analysis
Completed simulation data flow analysis
Time Resolution for simulation is 1ps
Compiling package std.standard
Compiling package std.textio
Compiling package ieee.std_logic_1164
Compiling package ieee.numeric_std
Compiling package floating_point_v7_1_10.floating_point_v7_1_10_viv_comp
Compiling package xbip_utils_v3_0_10.xbip_utils_v3_0_10_pkg
Compiling package axi_utils_v2_0_6.axi_utils_v2_0_6_pkg
Compiling package floating_point_v7_1_10.floating_point_v7_1_10_consts
Compiling package ieee.math_real
Compiling package floating_point_v7_1_10.floating_point_v7_1_10_exp_table...
Compiling package mult_gen_v12_0_16.mult_gen_v12_0_16_pkg
Compiling package ieee.std_logic_arith
Compiling package ieee.std_logic_signed
Compiling package floating_point_v7_1_10.floating_point_v7_1_10_pkg
Compiling package floating_point_v7_1_10.flt_utils
Compiling package floating_point_v7_1_10.vt2mutils
Compiling package floating_point_v7_1_10.vt2mcomps
Compiling package unisim.vcomponents
Compiling package xbip_pipe_v3_0_6.xbip_pipe_v3_0_6_viv_comp
Compiling package ieee.vital_timing
Compiling package ieee.vital_primitives
Compiling package unisim.vpkg
Compiling module xil_defaultlib.sobel_line_buf_ram_default
Compiling module xil_defaultlib.sobel_line_buf(DataWidth=24,Addr...
Compiling architecture muxcy_v of entity unisim.MUXCY [muxcy_default]
Compiling architecture xorcy_v of entity unisim.XORCY [xorcy_default]
Compiling architecture synth of entity xbip_pipe_v3_0_6.xbip_pipe_v3_0_6_viv [\xbip_pipe_v3_0_6_viv(c_has_ce=1...]
Compiling architecture rtl of entity floating_point_v7_1_10.delay [\delay(length=0)\]
Compiling architecture synth of entity xbip_pipe_v3_0_6.xbip_pipe_v3_0_6_viv [\xbip_pipe_v3_0_6_viv(c_has_ce=1...]
Compiling architecture rtl of entity floating_point_v7_1_10.delay [\delay(width=31,length=0)\]
Compiling architecture synth of entity xbip_pipe_v3_0_6.xbip_pipe_v3_0_6_viv [\xbip_pipe_v3_0_6_viv(c_latency=...]
Compiling architecture rtl of entity floating_point_v7_1_10.delay [\delay(width=32)\]
Compiling architecture struct of entity floating_point_v7_1_10.carry_chain [\carry_chain(c_xdevicefamily="vi...]
Compiling architecture synth of entity xbip_pipe_v3_0_6.xbip_pipe_v3_0_6_viv [\xbip_pipe_v3_0_6_viv(c_latency=...]
Compiling architecture rtl of entity floating_point_v7_1_10.delay [delay_default]
Compiling architecture synth of entity xbip_pipe_v3_0_6.xbip_pipe_v3_0_6_viv [\xbip_pipe_v3_0_6_viv(c_latency=...]
Compiling architecture rtl of entity floating_point_v7_1_10.delay [\delay(width=4)\]
Compiling architecture rtl of entity floating_point_v7_1_10.norm_zero_det [\norm_zero_det(data_width=7,norm...]
Compiling architecture synth of entity xbip_pipe_v3_0_6.xbip_pipe_v3_0_6_viv [\xbip_pipe_v3_0_6_viv(c_has_ce=1...]
Compiling architecture rtl of entity floating_point_v7_1_10.delay [\delay(width=4,length=0,fast_inp...]
Compiling architecture rtl of entity floating_point_v7_1_10.mux4 [\mux4(c_xdevicefamily="virtexupl...]
Compiling architecture synth of entity xbip_pipe_v3_0_6.xbip_pipe_v3_0_6_viv [\xbip_pipe_v3_0_6_viv(c_latency=...]
Compiling architecture rtl of entity floating_point_v7_1_10.delay [\delay(width=2)\]
Compiling architecture synth of entity xbip_pipe_v3_0_6.xbip_pipe_v3_0_6_viv [\xbip_pipe_v3_0_6_viv(c_latency=...]
Compiling architecture rtl of entity floating_point_v7_1_10.delay [\delay(fast_input=true)\]
Compiling architecture rtl of entity floating_point_v7_1_10.mux4 [\mux4(c_xdevicefamily="virtexupl...]
Compiling architecture fdre_v of entity unisim.FDRE [fdre_default]
Compiling architecture fde_v of entity unisim.FDE [fde_default]
Compiling architecture synth of entity xbip_pipe_v3_0_6.xbip_pipe_v3_0_6_viv [\xbip_pipe_v3_0_6_viv(c_has_ce=1...]
Compiling architecture rtl of entity floating_point_v7_1_10.delay [\delay(width=8,length=0,fast_inp...]
Compiling architecture struct of entity floating_point_v7_1_10.carry_chain [\carry_chain(c_xdevicefamily="vi...]
Compiling architecture rtl of entity floating_point_v7_1_10.lead_zero_encode [\lead_zero_encode(c_xdevicefamil...]
Compiling architecture synth of entity xbip_pipe_v3_0_6.xbip_pipe_v3_0_6_viv [\xbip_pipe_v3_0_6_viv(c_has_ce=1...]
Compiling architecture rtl of entity floating_point_v7_1_10.delay [\delay(width=32,length=0)\]
Compiling architecture rtl of entity floating_point_v7_1_10.shift_msb_first [\shift_msb_first(a_width=32,resu...]
Compiling architecture synth of entity xbip_pipe_v3_0_6.xbip_pipe_v3_0_6_viv [\xbip_pipe_v3_0_6_viv(c_has_ce=1...]
Compiling architecture rtl of entity floating_point_v7_1_10.delay [\delay(width=8,length=0)\]
Compiling architecture synth of entity xbip_pipe_v3_0_6.xbip_pipe_v3_0_6_viv [\xbip_pipe_v3_0_6_viv(c_has_ce=1...]
Compiling architecture rtl of entity floating_point_v7_1_10.delay [\delay(width=12,length=0)\]
Compiling architecture struct of entity floating_point_v7_1_10.carry_chain [\carry_chain(c_xdevicefamily="vi...]
Compiling architecture struct of entity floating_point_v7_1_10.carry_chain [\carry_chain(c_xdevicefamily="vi...]
Compiling architecture synth of entity xbip_pipe_v3_0_6.xbip_pipe_v3_0_6_viv [\xbip_pipe_v3_0_6_viv(c_has_ce=1...]
Compiling architecture rtl of entity floating_point_v7_1_10.delay [\delay(width=14,length=0)\]
Compiling architecture synth of entity xbip_pipe_v3_0_6.xbip_pipe_v3_0_6_viv [\xbip_pipe_v3_0_6_viv(c_has_ce=1...]
Compiling architecture rtl of entity floating_point_v7_1_10.delay [\delay(width=25,length=0)\]
Compiling architecture synth of entity xbip_pipe_v3_0_6.xbip_pipe_v3_0_6_viv [\xbip_pipe_v3_0_6_viv(c_has_ce=1...]
Compiling architecture rtl of entity floating_point_v7_1_10.delay [\delay(width=3,length=0)\]
Compiling architecture synth of entity xbip_pipe_v3_0_6.xbip_pipe_v3_0_6_viv [\xbip_pipe_v3_0_6_viv(c_has_ce=1...]
Compiling architecture rtl of entity floating_point_v7_1_10.delay [\delay(width=2,length=0)\]
Compiling architecture synth of entity xbip_pipe_v3_0_6.xbip_pipe_v3_0_6_viv [\xbip_pipe_v3_0_6_viv(c_has_ce=1...]
Compiling architecture rtl of entity floating_point_v7_1_10.delay [\delay(width=2,length=0,fast_inp...]
Compiling architecture struct of entity floating_point_v7_1_10.carry_chain [\carry_chain(c_xdevicefamily="vi...]
Compiling architecture rtl of entity floating_point_v7_1_10.flt_round_bit [\flt_round_bit(c_xdevicefamily="...]
Compiling architecture rtl of entity floating_point_v7_1_10.renorm_and_round_logic [\renorm_and_round_logic(c_xdevic...]
Compiling architecture synth of entity xbip_pipe_v3_0_6.xbip_pipe_v3_0_6_viv [\xbip_pipe_v3_0_6_viv(c_latency=...]
Compiling architecture rtl of entity floating_point_v7_1_10.delay [\delay(length=3)\]
Compiling architecture synth of entity floating_point_v7_1_10.fix_to_flt_conv_exp [\fix_to_flt_conv_exp(c_xdevicefa...]
Compiling architecture synth of entity floating_point_v7_1_10.flt_dec_op [\flt_dec_op(c_xdevicefamily="vir...]
Compiling architecture struct of entity floating_point_v7_1_10.fix_to_flt_conv [\fix_to_flt_conv(c_xdevicefamily...]
Compiling architecture synth of entity xbip_pipe_v3_0_6.xbip_pipe_v3_0_6_viv [\xbip_pipe_v3_0_6_viv(c_latency=...]
Compiling architecture xilinx of entity floating_point_v7_1_10.floating_point_v7_1_10_viv [\floating_point_v7_1_10_viv(c_xd...]
Compiling architecture xilinx of entity floating_point_v7_1_10.floating_point_v7_1_10 [\floating_point_v7_1_10(c_xdevic...]
Compiling architecture sobel_ap_sitofp_4_no_dsp_32_arch of entity xil_defaultlib.sobel_ap_sitofp_4_no_dsp_32 [sobel_ap_sitofp_4_no_dsp_32_defa...]
Compiling module xil_defaultlib.sobel_sitofp_32s_32_6_no_dsp_1
Compiling architecture synth of entity xbip_pipe_v3_0_6.xbip_pipe_v3_0_6_viv [\xbip_pipe_v3_0_6_viv(c_has_ce=1...]
Compiling architecture rtl of entity floating_point_v7_1_10.delay [\delay(width=26,length=0)\]
Compiling architecture synth of entity xbip_pipe_v3_0_6.xbip_pipe_v3_0_6_viv [\xbip_pipe_v3_0_6_viv(c_has_ce=1...]
Compiling architecture rtl of entity floating_point_v7_1_10.delay [\delay(width=5,length=0,fast_inp...]
Compiling architecture struct of entity floating_point_v7_1_10.carry_chain [\carry_chain(c_xdevicefamily="vi...]
Compiling architecture synth of entity floating_point_v7_1_10.flt_sqrt_mant_addsub [\flt_sqrt_mant_addsub(c_xdevicef...]
Compiling architecture synth of entity xbip_pipe_v3_0_6.xbip_pipe_v3_0_6_viv [\xbip_pipe_v3_0_6_viv(c_latency=...]
Compiling architecture rtl of entity floating_point_v7_1_10.delay [\delay(width=24)\]
Compiling architecture synth of entity xbip_pipe_v3_0_6.xbip_pipe_v3_0_6_viv [\xbip_pipe_v3_0_6_viv(c_has_ce=1...]
Compiling architecture rtl of entity floating_point_v7_1_10.delay [\delay(width=5,length=0)\]
Compiling architecture synth of entity xbip_pipe_v3_0_6.xbip_pipe_v3_0_6_viv [\xbip_pipe_v3_0_6_viv(c_latency=...]
Compiling architecture rtl of entity floating_point_v7_1_10.delay [\delay(width=6,fast_input=true)\]
Compiling architecture struct of entity floating_point_v7_1_10.carry_chain [\carry_chain(c_xdevicefamily="vi...]
Compiling architecture synth of entity floating_point_v7_1_10.flt_sqrt_mant_addsub [\flt_sqrt_mant_addsub(c_xdevicef...]
Compiling architecture synth of entity xbip_pipe_v3_0_6.xbip_pipe_v3_0_6_viv [\xbip_pipe_v3_0_6_viv(c_latency=...]
Compiling architecture rtl of entity floating_point_v7_1_10.delay [\delay(width=3)\]
Compiling architecture synth of entity xbip_pipe_v3_0_6.xbip_pipe_v3_0_6_viv [\xbip_pipe_v3_0_6_viv(c_has_ce=1...]
Compiling architecture rtl of entity floating_point_v7_1_10.delay [\delay(width=22,length=0)\]
Compiling architecture synth of entity xbip_pipe_v3_0_6.xbip_pipe_v3_0_6_viv [\xbip_pipe_v3_0_6_viv(c_has_ce=1...]
Compiling architecture rtl of entity floating_point_v7_1_10.delay [\delay(width=7,length=0,fast_inp...]
Compiling architecture struct of entity floating_point_v7_1_10.carry_chain [\carry_chain(c_xdevicefamily="vi...]
Compiling architecture synth of entity floating_point_v7_1_10.flt_sqrt_mant_addsub [\flt_sqrt_mant_addsub(c_xdevicef...]
Compiling architecture synth of entity xbip_pipe_v3_0_6.xbip_pipe_v3_0_6_viv [\xbip_pipe_v3_0_6_viv(c_has_ce=1...]
Compiling architecture rtl of entity floating_point_v7_1_10.delay [\delay(width=4,length=0)\]
Compiling architecture synth of entity xbip_pipe_v3_0_6.xbip_pipe_v3_0_6_viv [\xbip_pipe_v3_0_6_viv(c_latency=...]
Compiling architecture rtl of entity floating_point_v7_1_10.delay [\delay(width=20)\]
Compiling architecture synth of entity xbip_pipe_v3_0_6.xbip_pipe_v3_0_6_viv [\xbip_pipe_v3_0_6_viv(c_has_ce=1...]
Compiling architecture rtl of entity floating_point_v7_1_10.delay [\delay(width=7,length=0)\]
Compiling architecture synth of entity xbip_pipe_v3_0_6.xbip_pipe_v3_0_6_viv [\xbip_pipe_v3_0_6_viv(c_latency=...]
Compiling architecture rtl of entity floating_point_v7_1_10.delay [\delay(width=8,fast_input=true)\]
Compiling architecture struct of entity floating_point_v7_1_10.carry_chain [\carry_chain(c_xdevicefamily="vi...]
Compiling architecture synth of entity floating_point_v7_1_10.flt_sqrt_mant_addsub [\flt_sqrt_mant_addsub(c_xdevicef...]
Compiling architecture synth of entity xbip_pipe_v3_0_6.xbip_pipe_v3_0_6_viv [\xbip_pipe_v3_0_6_viv(c_latency=...]
Compiling architecture rtl of entity floating_point_v7_1_10.delay [\delay(width=5)\]
Compiling architecture synth of entity xbip_pipe_v3_0_6.xbip_pipe_v3_0_6_viv [\xbip_pipe_v3_0_6_viv(c_has_ce=1...]
Compiling architecture rtl of entity floating_point_v7_1_10.delay [\delay(width=18,length=0)\]
Compiling architecture synth of entity xbip_pipe_v3_0_6.xbip_pipe_v3_0_6_viv [\xbip_pipe_v3_0_6_viv(c_has_ce=1...]
Compiling architecture rtl of entity floating_point_v7_1_10.delay [\delay(width=9,length=0,fast_inp...]
Compiling architecture struct of entity floating_point_v7_1_10.carry_chain [\carry_chain(c_xdevicefamily="vi...]
Compiling architecture synth of entity floating_point_v7_1_10.flt_sqrt_mant_addsub [\flt_sqrt_mant_addsub(c_xdevicef...]
Compiling architecture synth of entity xbip_pipe_v3_0_6.xbip_pipe_v3_0_6_viv [\xbip_pipe_v3_0_6_viv(c_has_ce=1...]
Compiling architecture rtl of entity floating_point_v7_1_10.delay [\delay(width=6,length=0)\]
Compiling architecture synth of entity xbip_pipe_v3_0_6.xbip_pipe_v3_0_6_viv [\xbip_pipe_v3_0_6_viv(c_latency=...]
Compiling architecture rtl of entity floating_point_v7_1_10.delay [\delay(width=16)\]
Compiling architecture synth of entity xbip_pipe_v3_0_6.xbip_pipe_v3_0_6_viv [\xbip_pipe_v3_0_6_viv(c_has_ce=1...]
Compiling architecture rtl of entity floating_point_v7_1_10.delay [\delay(width=9,length=0)\]
Compiling architecture synth of entity xbip_pipe_v3_0_6.xbip_pipe_v3_0_6_viv [\xbip_pipe_v3_0_6_viv(c_latency=...]
Compiling architecture rtl of entity floating_point_v7_1_10.delay [\delay(width=10,fast_input=true)...]
Compiling architecture struct of entity floating_point_v7_1_10.carry_chain [\carry_chain(c_xdevicefamily="vi...]
Compiling architecture synth of entity floating_point_v7_1_10.flt_sqrt_mant_addsub [\flt_sqrt_mant_addsub(c_xdevicef...]
Compiling architecture synth of entity xbip_pipe_v3_0_6.xbip_pipe_v3_0_6_viv [\xbip_pipe_v3_0_6_viv(c_latency=...]
Compiling architecture rtl of entity floating_point_v7_1_10.delay [\delay(width=7)\]
Compiling architecture synth of entity xbip_pipe_v3_0_6.xbip_pipe_v3_0_6_viv [\xbip_pipe_v3_0_6_viv(c_has_ce=1...]
Compiling architecture rtl of entity floating_point_v7_1_10.delay [\delay(width=11,length=0,fast_in...]
Compiling architecture struct of entity floating_point_v7_1_10.carry_chain [\carry_chain(c_xdevicefamily="vi...]
Compiling architecture synth of entity floating_point_v7_1_10.flt_sqrt_mant_addsub [\flt_sqrt_mant_addsub(c_xdevicef...]
Compiling architecture synth of entity xbip_pipe_v3_0_6.xbip_pipe_v3_0_6_viv [\xbip_pipe_v3_0_6_viv(c_latency=...]
Compiling architecture rtl of entity floating_point_v7_1_10.delay [\delay(width=12)\]
Compiling architecture synth of entity xbip_pipe_v3_0_6.xbip_pipe_v3_0_6_viv [\xbip_pipe_v3_0_6_viv(c_has_ce=1...]
Compiling architecture rtl of entity floating_point_v7_1_10.delay [\delay(width=11,length=0)\]
Compiling architecture synth of entity xbip_pipe_v3_0_6.xbip_pipe_v3_0_6_viv [\xbip_pipe_v3_0_6_viv(c_latency=...]
Compiling architecture rtl of entity floating_point_v7_1_10.delay [\delay(width=12,fast_input=true)...]
Compiling architecture struct of entity floating_point_v7_1_10.carry_chain [\carry_chain(c_xdevicefamily="vi...]
Compiling architecture synth of entity floating_point_v7_1_10.flt_sqrt_mant_addsub [\flt_sqrt_mant_addsub(c_xdevicef...]
Compiling architecture synth of entity xbip_pipe_v3_0_6.xbip_pipe_v3_0_6_viv [\xbip_pipe_v3_0_6_viv(c_latency=...]
Compiling architecture rtl of entity floating_point_v7_1_10.delay [\delay(width=9)\]
Compiling architecture synth of entity xbip_pipe_v3_0_6.xbip_pipe_v3_0_6_viv [\xbip_pipe_v3_0_6_viv(c_has_ce=1...]
Compiling architecture rtl of entity floating_point_v7_1_10.delay [\delay(width=10,length=0)\]
Compiling architecture synth of entity xbip_pipe_v3_0_6.xbip_pipe_v3_0_6_viv [\xbip_pipe_v3_0_6_viv(c_has_ce=1...]
Compiling architecture rtl of entity floating_point_v7_1_10.delay [\delay(width=13,length=0,fast_in...]
Compiling architecture struct of entity floating_point_v7_1_10.carry_chain [\carry_chain(c_xdevicefamily="vi...]
Compiling architecture synth of entity floating_point_v7_1_10.flt_sqrt_mant_addsub [\flt_sqrt_mant_addsub(c_xdevicef...]
Compiling architecture synth of entity xbip_pipe_v3_0_6.xbip_pipe_v3_0_6_viv [\xbip_pipe_v3_0_6_viv(c_latency=...]
Compiling architecture rtl of entity floating_point_v7_1_10.delay [\delay(width=8)\]
Compiling architecture synth of entity xbip_pipe_v3_0_6.xbip_pipe_v3_0_6_viv [\xbip_pipe_v3_0_6_viv(c_has_ce=1...]
Compiling architecture rtl of entity floating_point_v7_1_10.delay [\delay(width=13,length=0)\]
Compiling architecture synth of entity xbip_pipe_v3_0_6.xbip_pipe_v3_0_6_viv [\xbip_pipe_v3_0_6_viv(c_latency=...]
Compiling architecture rtl of entity floating_point_v7_1_10.delay [\delay(width=14,fast_input=true)...]
Compiling architecture struct of entity floating_point_v7_1_10.carry_chain [\carry_chain(c_xdevicefamily="vi...]
Compiling architecture synth of entity floating_point_v7_1_10.flt_sqrt_mant_addsub [\flt_sqrt_mant_addsub(c_xdevicef...]
Compiling architecture synth of entity xbip_pipe_v3_0_6.xbip_pipe_v3_0_6_viv [\xbip_pipe_v3_0_6_viv(c_latency=...]
Compiling architecture rtl of entity floating_point_v7_1_10.delay [\delay(width=11)\]
Compiling architecture synth of entity xbip_pipe_v3_0_6.xbip_pipe_v3_0_6_viv [\xbip_pipe_v3_0_6_viv(c_has_ce=1...]
Compiling architecture rtl of entity floating_point_v7_1_10.delay [\delay(width=15,length=0,fast_in...]
Compiling architecture struct of entity floating_point_v7_1_10.carry_chain [\carry_chain(c_xdevicefamily="vi...]
Compiling architecture synth of entity floating_point_v7_1_10.flt_sqrt_mant_addsub [\flt_sqrt_mant_addsub(c_xdevicef...]
Compiling architecture synth of entity xbip_pipe_v3_0_6.xbip_pipe_v3_0_6_viv [\xbip_pipe_v3_0_6_viv(c_has_ce=1...]
Compiling architecture rtl of entity floating_point_v7_1_10.delay [\delay(width=15,length=0)\]
Compiling architecture synth of entity xbip_pipe_v3_0_6.xbip_pipe_v3_0_6_viv [\xbip_pipe_v3_0_6_viv(c_latency=...]
Compiling architecture rtl of entity floating_point_v7_1_10.delay [\delay(width=16,fast_input=true)...]
Compiling architecture struct of entity floating_point_v7_1_10.carry_chain [\carry_chain(c_xdevicefamily="vi...]
Compiling architecture synth of entity floating_point_v7_1_10.flt_sqrt_mant_addsub [\flt_sqrt_mant_addsub(c_xdevicef...]
Compiling architecture synth of entity xbip_pipe_v3_0_6.xbip_pipe_v3_0_6_viv [\xbip_pipe_v3_0_6_viv(c_latency=...]
Compiling architecture rtl of entity floating_point_v7_1_10.delay [\delay(width=13)\]
Compiling architecture synth of entity xbip_pipe_v3_0_6.xbip_pipe_v3_0_6_viv [\xbip_pipe_v3_0_6_viv(c_has_ce=1...]
Compiling architecture rtl of entity floating_point_v7_1_10.delay [\delay(width=17,length=0,fast_in...]
Compiling architecture struct of entity floating_point_v7_1_10.carry_chain [\carry_chain(c_xdevicefamily="vi...]
Compiling architecture synth of entity floating_point_v7_1_10.flt_sqrt_mant_addsub [\flt_sqrt_mant_addsub(c_xdevicef...]
Compiling architecture synth of entity xbip_pipe_v3_0_6.xbip_pipe_v3_0_6_viv [\xbip_pipe_v3_0_6_viv(c_has_ce=1...]
Compiling architecture rtl of entity floating_point_v7_1_10.delay [\delay(width=17,length=0)\]
Compiling architecture synth of entity xbip_pipe_v3_0_6.xbip_pipe_v3_0_6_viv [\xbip_pipe_v3_0_6_viv(c_latency=...]
Compiling architecture rtl of entity floating_point_v7_1_10.delay [\delay(width=18,fast_input=true)...]
Compiling architecture struct of entity floating_point_v7_1_10.carry_chain [\carry_chain(c_xdevicefamily="vi...]
Compiling architecture synth of entity floating_point_v7_1_10.flt_sqrt_mant_addsub [\flt_sqrt_mant_addsub(c_xdevicef...]
Compiling architecture synth of entity xbip_pipe_v3_0_6.xbip_pipe_v3_0_6_viv [\xbip_pipe_v3_0_6_viv(c_latency=...]
Compiling architecture rtl of entity floating_point_v7_1_10.delay [\delay(width=15)\]
Compiling architecture synth of entity xbip_pipe_v3_0_6.xbip_pipe_v3_0_6_viv [\xbip_pipe_v3_0_6_viv(c_has_ce=1...]
Compiling architecture rtl of entity floating_point_v7_1_10.delay [\delay(width=19,length=0,fast_in...]
Compiling architecture struct of entity floating_point_v7_1_10.carry_chain [\carry_chain(c_xdevicefamily="vi...]
Compiling architecture synth of entity floating_point_v7_1_10.flt_sqrt_mant_addsub [\flt_sqrt_mant_addsub(c_xdevicef...]
Compiling architecture synth of entity xbip_pipe_v3_0_6.xbip_pipe_v3_0_6_viv [\xbip_pipe_v3_0_6_viv(c_has_ce=1...]
Compiling architecture rtl of entity floating_point_v7_1_10.delay [\delay(width=16,length=0)\]
Compiling architecture synth of entity xbip_pipe_v3_0_6.xbip_pipe_v3_0_6_viv [\xbip_pipe_v3_0_6_viv(c_has_ce=1...]
Compiling architecture rtl of entity floating_point_v7_1_10.delay [\delay(width=19,length=0)\]
Compiling architecture synth of entity xbip_pipe_v3_0_6.xbip_pipe_v3_0_6_viv [\xbip_pipe_v3_0_6_viv(c_latency=...]
Compiling architecture rtl of entity floating_point_v7_1_10.delay [\delay(width=20,fast_input=true)...]
Compiling architecture struct of entity floating_point_v7_1_10.carry_chain [\carry_chain(c_xdevicefamily="vi...]
Compiling architecture synth of entity floating_point_v7_1_10.flt_sqrt_mant_addsub [\flt_sqrt_mant_addsub(c_xdevicef...]
Compiling architecture synth of entity xbip_pipe_v3_0_6.xbip_pipe_v3_0_6_viv [\xbip_pipe_v3_0_6_viv(c_latency=...]
Compiling architecture rtl of entity floating_point_v7_1_10.delay [\delay(width=17)\]
Compiling architecture synth of entity xbip_pipe_v3_0_6.xbip_pipe_v3_0_6_viv [\xbip_pipe_v3_0_6_viv(c_has_ce=1...]
Compiling architecture rtl of entity floating_point_v7_1_10.delay [\delay(width=21,length=0,fast_in...]
Compiling architecture struct of entity floating_point_v7_1_10.carry_chain [\carry_chain(c_xdevicefamily="vi...]
Compiling architecture synth of entity floating_point_v7_1_10.flt_sqrt_mant_addsub [\flt_sqrt_mant_addsub(c_xdevicef...]
Compiling architecture synth of entity xbip_pipe_v3_0_6.xbip_pipe_v3_0_6_viv [\xbip_pipe_v3_0_6_viv(c_has_ce=1...]
Compiling architecture rtl of entity floating_point_v7_1_10.delay [\delay(width=21,length=0)\]
Compiling architecture synth of entity xbip_pipe_v3_0_6.xbip_pipe_v3_0_6_viv [\xbip_pipe_v3_0_6_viv(c_latency=...]
Compiling architecture rtl of entity floating_point_v7_1_10.delay [\delay(width=22,fast_input=true)...]
Compiling architecture struct of entity floating_point_v7_1_10.carry_chain [\carry_chain(c_xdevicefamily="vi...]
Compiling architecture synth of entity floating_point_v7_1_10.flt_sqrt_mant_addsub [\flt_sqrt_mant_addsub(c_xdevicef...]
Compiling architecture synth of entity xbip_pipe_v3_0_6.xbip_pipe_v3_0_6_viv [\xbip_pipe_v3_0_6_viv(c_latency=...]
Compiling architecture rtl of entity floating_point_v7_1_10.delay [\delay(width=19)\]
Compiling architecture synth of entity xbip_pipe_v3_0_6.xbip_pipe_v3_0_6_viv [\xbip_pipe_v3_0_6_viv(c_has_ce=1...]
Compiling architecture rtl of entity floating_point_v7_1_10.delay [\delay(width=23,length=0,fast_in...]
Compiling architecture struct of entity floating_point_v7_1_10.carry_chain [\carry_chain(c_xdevicefamily="vi...]
Compiling architecture synth of entity floating_point_v7_1_10.flt_sqrt_mant_addsub [\flt_sqrt_mant_addsub(c_xdevicef...]
Compiling architecture synth of entity xbip_pipe_v3_0_6.xbip_pipe_v3_0_6_viv [\xbip_pipe_v3_0_6_viv(c_has_ce=1...]
Compiling architecture rtl of entity floating_point_v7_1_10.delay [\delay(width=20,length=0)\]
Compiling architecture synth of entity xbip_pipe_v3_0_6.xbip_pipe_v3_0_6_viv [\xbip_pipe_v3_0_6_viv(c_has_ce=1...]
Compiling architecture rtl of entity floating_point_v7_1_10.delay [\delay(width=23,length=0)\]
Compiling architecture synth of entity xbip_pipe_v3_0_6.xbip_pipe_v3_0_6_viv [\xbip_pipe_v3_0_6_viv(c_latency=...]
Compiling architecture rtl of entity floating_point_v7_1_10.delay [\delay(width=24,fast_input=true)...]
Compiling architecture struct of entity floating_point_v7_1_10.carry_chain [\carry_chain(c_xdevicefamily="vi...]
Compiling architecture synth of entity floating_point_v7_1_10.flt_sqrt_mant_addsub [\flt_sqrt_mant_addsub(c_xdevicef...]
Compiling architecture synth of entity xbip_pipe_v3_0_6.xbip_pipe_v3_0_6_viv [\xbip_pipe_v3_0_6_viv(c_latency=...]
Compiling architecture rtl of entity floating_point_v7_1_10.delay [\delay(width=21)\]
Compiling architecture synth of entity xbip_pipe_v3_0_6.xbip_pipe_v3_0_6_viv [\xbip_pipe_v3_0_6_viv(c_has_ce=1...]
Compiling architecture rtl of entity floating_point_v7_1_10.delay [\delay(width=25,length=0,fast_in...]
Compiling architecture struct of entity floating_point_v7_1_10.carry_chain [\carry_chain(c_xdevicefamily="vi...]
Compiling architecture synth of entity floating_point_v7_1_10.flt_sqrt_mant_addsub [\flt_sqrt_mant_addsub(c_xdevicef...]
Compiling architecture synth of entity xbip_pipe_v3_0_6.xbip_pipe_v3_0_6_viv [\xbip_pipe_v3_0_6_viv(c_latency=...]
Compiling architecture rtl of entity floating_point_v7_1_10.delay [\delay(width=26,fast_input=true)...]
Compiling architecture struct of entity floating_point_v7_1_10.carry_chain [\carry_chain(c_xdevicefamily="vi...]
Compiling architecture synth of entity floating_point_v7_1_10.flt_sqrt_mant_addsub [\flt_sqrt_mant_addsub(c_xdevicef...]
Compiling architecture synth of entity xbip_pipe_v3_0_6.xbip_pipe_v3_0_6_viv [\xbip_pipe_v3_0_6_viv(c_latency=...]
Compiling architecture rtl of entity floating_point_v7_1_10.delay [\delay(width=23)\]
Compiling architecture synth of entity xbip_pipe_v3_0_6.xbip_pipe_v3_0_6_viv [\xbip_pipe_v3_0_6_viv(c_has_ce=1...]
Compiling architecture rtl of entity floating_point_v7_1_10.delay [\delay(width=27,length=0,fast_in...]
Compiling architecture struct of entity floating_point_v7_1_10.carry_chain [\carry_chain(c_xdevicefamily="vi...]
Compiling architecture synth of entity floating_point_v7_1_10.flt_sqrt_mant_addsub [\flt_sqrt_mant_addsub(c_xdevicef...]
Compiling architecture synth of entity xbip_pipe_v3_0_6.xbip_pipe_v3_0_6_viv [\xbip_pipe_v3_0_6_viv(c_has_ce=1...]
Compiling architecture rtl of entity floating_point_v7_1_10.delay [\delay(width=24,length=0)\]
Compiling architecture synth of entity xbip_pipe_v3_0_6.xbip_pipe_v3_0_6_viv [\xbip_pipe_v3_0_6_viv(c_has_ce=1...]
Compiling architecture rtl of entity floating_point_v7_1_10.delay [\delay(width=27,length=0)\]
Compiling architecture synth of entity xbip_pipe_v3_0_6.xbip_pipe_v3_0_6_viv [\xbip_pipe_v3_0_6_viv(c_latency=...]
Compiling architecture rtl of entity floating_point_v7_1_10.delay [\delay(width=28,fast_input=true)...]
Compiling architecture struct of entity floating_point_v7_1_10.carry_chain [\carry_chain(c_xdevicefamily="vi...]
Compiling architecture synth of entity floating_point_v7_1_10.flt_sqrt_mant_addsub [\flt_sqrt_mant_addsub(c_xdevicef...]
Compiling architecture synth of entity xbip_pipe_v3_0_6.xbip_pipe_v3_0_6_viv [\xbip_pipe_v3_0_6_viv(c_latency=...]
Compiling architecture rtl of entity floating_point_v7_1_10.delay [\delay(width=25)\]
Compiling architecture synth of entity xbip_pipe_v3_0_6.xbip_pipe_v3_0_6_viv [\xbip_pipe_v3_0_6_viv(c_has_ce=1...]
Compiling architecture rtl of entity floating_point_v7_1_10.delay [\delay(width=29,length=0,fast_in...]
Compiling architecture struct of entity floating_point_v7_1_10.carry_chain [\carry_chain(c_xdevicefamily="vi...]
Compiling architecture synth of entity floating_point_v7_1_10.flt_sqrt_mant_addsub [\flt_sqrt_mant_addsub(c_xdevicef...]
Compiling architecture synth of entity xbip_pipe_v3_0_6.xbip_pipe_v3_0_6_viv [\xbip_pipe_v3_0_6_viv(c_latency=...]
Compiling architecture rtl of entity floating_point_v7_1_10.delay [\delay(width=26,length=2)\]
Compiling architecture synth of entity xbip_pipe_v3_0_6.xbip_pipe_v3_0_6_viv [\xbip_pipe_v3_0_6_viv(c_latency=...]
Compiling architecture rtl of entity floating_point_v7_1_10.delay [\delay(length=2)\]
Compiling architecture synth of entity floating_point_v7_1_10.flt_sqrt_mant [\flt_sqrt_mant(c_xdevicefamily="...]
Compiling architecture synth of entity xbip_pipe_v3_0_6.xbip_pipe_v3_0_6_viv [\xbip_pipe_v3_0_6_viv(c_latency=...]
Compiling architecture rtl of entity floating_point_v7_1_10.delay [\delay(width=8,length=14,fast_in...]
Compiling architecture synth of entity xbip_pipe_v3_0_6.xbip_pipe_v3_0_6_viv [\xbip_pipe_v3_0_6_viv(c_has_ce=1...]
Compiling architecture rtl of entity floating_point_v7_1_10.delay [\delay(length=0,fast_input=true)...]
Compiling architecture rtl of entity floating_point_v7_1_10.special_detect [\special_detect(c_xdevicefamily=...]
Compiling architecture synth of entity xbip_pipe_v3_0_6.xbip_pipe_v3_0_6_viv [\xbip_pipe_v3_0_6_viv(c_latency=...]
Compiling architecture rtl of entity floating_point_v7_1_10.delay [\delay(width=2,length=14,fast_in...]
Compiling architecture synth of entity xbip_pipe_v3_0_6.xbip_pipe_v3_0_6_viv [\xbip_pipe_v3_0_6_viv(c_latency=...]
Compiling architecture rtl of entity floating_point_v7_1_10.delay [\delay(length=14,fast_input=true...]
Compiling architecture rtl of entity floating_point_v7_1_10.flt_sqrt_exp [\flt_sqrt_exp(c_xdevicefamily="n...]
Compiling architecture synth of entity xbip_pipe_v3_0_6.xbip_pipe_v3_0_6_viv [\xbip_pipe_v3_0_6_viv(c_has_ce=1...]
Compiling architecture rtl of entity floating_point_v7_1_10.delay [\delay(width=12,length=0,fast_in...]
Compiling architecture struct of entity floating_point_v7_1_10.carry_chain [\carry_chain(c_xdevicefamily="vi...]
Compiling architecture struct of entity floating_point_v7_1_10.carry_chain [\carry_chain(c_xdevicefamily="vi...]
Compiling architecture struct of entity floating_point_v7_1_10.carry_chain [\carry_chain(c_xdevicefamily="vi...]
Compiling architecture rtl of entity floating_point_v7_1_10.flt_round_bit [\flt_round_bit(c_xdevicefamily="...]
Compiling architecture rtl of entity floating_point_v7_1_10.renorm_and_round_logic [\renorm_and_round_logic(c_xdevic...]
Compiling architecture virtex of entity floating_point_v7_1_10.flt_sqrt [\flt_sqrt(c_xdevicefamily="virte...]
Compiling architecture synth of entity xbip_pipe_v3_0_6.xbip_pipe_v3_0_6_viv [\xbip_pipe_v3_0_6_viv(c_latency=...]
Compiling architecture xilinx of entity floating_point_v7_1_10.floating_point_v7_1_10_viv [\floating_point_v7_1_10_viv(c_xd...]
Compiling architecture xilinx of entity floating_point_v7_1_10.floating_point_v7_1_10 [\floating_point_v7_1_10(c_xdevic...]
Compiling architecture sobel_ap_fsqrt_15_no_dsp_32_arch of entity xil_defaultlib.sobel_ap_fsqrt_15_no_dsp_32 [sobel_ap_fsqrt_15_no_dsp_32_defa...]
Compiling module xil_defaultlib.sobel_fsqrt_32ns_32ns_32_17_no_d...
Compiling module xil_defaultlib.sobel_sdiv_20s_11s_20_24_1_div_u...
Compiling module xil_defaultlib.sobel_sdiv_20s_11s_20_24_1_div(i...
Compiling module xil_defaultlib.sobel_sdiv_20s_11s_20_24_1(ID=1,...
Compiling module xil_defaultlib.sobel_mul_mul_11s_11s_22_4_1_DSP...
Compiling module xil_defaultlib.sobel_mul_mul_11s_11s_22_4_1(ID=...
Compiling module xil_defaultlib.sobel_mul_mul_11s_11s_31_4_1_DSP...
Compiling module xil_defaultlib.sobel_mul_mul_11s_11s_31_4_1(ID=...
Compiling module xil_defaultlib.sobel_mul_mul_11s_8s_28_4_1_DSP4...
Compiling module xil_defaultlib.sobel_mul_mul_11s_8s_28_4_1(ID=1...
Compiling module xil_defaultlib.sobel_mac_muladd_11s_11s_22s_22_...
Compiling module xil_defaultlib.sobel_mac_muladd_11s_11s_22s_22_...
Compiling module xil_defaultlib.sobel_mul_mul_11s_8ns_28_4_1_DSP...
Compiling module xil_defaultlib.sobel_mul_mul_11s_8ns_28_4_1(ID=...
Compiling module xil_defaultlib.sobel
Compiling module xil_defaultlib.AESL_automem_data
Compiling module xil_defaultlib.AESL_automem_out_r
Compiling module xil_defaultlib.apatb_sobel_top
Compiling module work.glbl
Built simulation snapshot sobel

****** Webtalk v2020.1 (64-bit)
  **** SW Build 2902540 on Wed May 27 19:54:35 MDT 2020
  **** IP Build 2902112 on Wed May 27 22:43:36 MDT 2020
    ** Copyright 1986-2020 Xilinx, Inc. All Rights Reserved.

source /home/luoyanl2/ece527_taskpar/fpga_kernels/sobel_hls/test.prj/solution1/sim/verilog/xsim.dir/sobel/webtalk/xsim_webtalk.tcl -notrace
INFO: [Common 17-206] Exiting Webtalk at Tue Dec 12 08:48:46 2023...

****** xsim v2020.1 (64-bit)
  **** SW Build 2902540 on Wed May 27 19:54:35 MDT 2020
  **** IP Build 2902112 on Wed May 27 22:43:36 MDT 2020
    ** Copyright 1986-2020 Xilinx, Inc. All Rights Reserved.

source xsim.dir/sobel/xsim_script.tcl
# xsim {sobel} -autoloadwcfg -tclbatch {sobel.tcl}
Vivado Simulator 2020.1
Time resolution is 1 ps
source sobel.tcl
## run all
////////////////////////////////////////////////////////////////////////////////////
// Inter-Transaction Progress: Completed Transaction / Total Transaction
// Intra-Transaction Progress: Measured Latency / Latency Estimation * 100%
//
// RTL Simulation : "Inter-Transaction Progress" ["Intra-Transaction Progress"] @ "Simulation Time"
////////////////////////////////////////////////////////////////////////////////////
// RTL Simulation : 0 / 1 [0.00%] @ "356000"
// RTL Simulation : 1 / 1 [100.00%] @ "190476000"
////////////////////////////////////////////////////////////////////////////////////
$finish called at time : 190486250 ps : File "/home/luoyanl2/ece527_taskpar/fpga_kernels/sobel_hls/test.prj/solution1/sim/verilog/sobel.autotb.v" Line 266
run: Time (s): cpu = 00:00:00.97 ; elapsed = 00:00:43 . Memory (MB): peak = 2153.023 ; gain = 0.000 ; free physical = 68643 ; free virtual = 147737
## quit
INFO: [Common 17-206] Exiting xsim at Tue Dec 12 08:49:40 2023...
INFO: [COSIM 212-316] Starting C post checking ...
[+] Sobel filter passed!
INFO: [COSIM 212-1000] *** C/RTL co-simulation finished: PASS ***
INFO: [COSIM 212-211] II is measurable only when transaction number is greater than 1 in RTL simulation. Otherwise, they will be marked as all NA. If user wants to calculate them, please make sure there are at least 2 transactions in RTL simulation.
INFO: [HLS 200-112] Total elapsed time: 179.64 seconds; peak allocated memory: 230.691 MB.
INFO: [Common 17-206] Exiting vitis_hls at Tue Dec 12 08:49:41 2023...
