==============================================================
Vitis HLS - High-Level Synthesis from C, C++ and OpenCL v2020.1 (64-bit)
Tool Version Limit: 2022.04
Copyright 1986-2022 Xilinx, Inc. All Rights Reserved.
==============================================================
INFO: [HLS 200-1505] Using flow_target 'vitis'
INFO: [HLS 200-435] Setting 'open_solution -flow_target vitis' configuration: config_interface -m_axi_latency=64
INFO: [HLS 200-435] Setting 'open_solution -flow_target vitis' configuration: config_interface -m_axi_alignment_byte_size=64
INFO: [HLS 200-435] Setting 'open_solution -flow_target vitis' configuration: config_interface -m_axi_max_widen_bitwidth=512
INFO: [HLS 200-435] Setting 'open_solution -flow_target vitis' configuration: config_rtl -register_reset_num=3
INFO: [HLS 200-1510] Running: set_part xcu250-figd2104-2L-e 
INFO: [HLS 200-1611] Setting target device to 'xcu250-figd2104-2L-e'
INFO: [HLS 200-1510] Running: create_clock -period 300.000000MHz -name default 
INFO: [SYN 201-201] Setting up clock 'default' with a period of 3.333ns.
INFO: [HLS 200-1510] Running: config_export -vivado_optimization_level 0 
INFO: [HLS 200-1510] Running: config_dataflow -strict_mode warning 
INFO: [HLS 200-1510] Running: set_clock_uncertainty 27.000000% 
INFO: [SYN 201-201] Setting up clock 'default' with an uncertainty of 0.9ns.
INFO: [HLS 200-1510] Running: config_rtl -m_axi_conservative_mode=1 
WARNING: [HLS 200-483] The 'config_rtl -m_axi_conservative_mode' command is deprecated and will be removed in a future release. Use 'config_interface -m_axi_conservative_mode' as its replacement.
INFO: [HLS 200-1907] Replacing 'config_rtl -m_axi_conservative_mode=1' with 'config_interface -m_axi_conservative_mode=1' in current solution file
INFO: [HLS 200-1510] Running: config_interface -m_axi_addr64 
INFO: [HLS 200-1510] Running: config_interface -default_slave_interface s_axilite 
INFO: [HLS 200-1510] Running: config_export -format ip_catalog -ipname nms 
INFO: [HLS 200-1510] Running: csynth_design 
INFO: [HLS 200-111] Finished File checks and directory preparation: CPU user time: 0.02 seconds. CPU system time: 0 seconds. Elapsed time: 0.01 seconds; current allocated memory: 1.211 GB.
INFO: [HLS 200-10] Analyzing design file '/home/luoyanl2/ece527_taskpar/fpga_kernels/src/nms.cpp' ... 
INFO: [HLS 200-111] Finished Source Code Analysis and Preprocessing: CPU user time: 3.22 seconds. CPU system time: 0.48 seconds. Elapsed time: 2.93 seconds; current allocated memory: 206.117 MB.
INFO: [HLS 200-777] Using interface defaults for 'Vitis' flow target.
INFO: [HLS 214-291] Loop 'VITIS_LOOP_41_3' is marked as complete unroll implied by the pipeline pragma (/home/luoyanl2/ece527_taskpar/fpga_kernels/src/nms.cpp:41:30)
INFO: [HLS 214-291] Loop 'VITIS_LOOP_48_4' is marked as complete unroll implied by the pipeline pragma (/home/luoyanl2/ece527_taskpar/fpga_kernels/src/nms.cpp:48:30)
INFO: [HLS 214-291] Loop 'VITIS_LOOP_49_5' is marked as complete unroll implied by the pipeline pragma (/home/luoyanl2/ece527_taskpar/fpga_kernels/src/nms.cpp:49:34)
INFO: [HLS 214-291] Loop 'VITIS_LOOP_54_6' is marked as complete unroll implied by the pipeline pragma (/home/luoyanl2/ece527_taskpar/fpga_kernels/src/nms.cpp:54:30)
INFO: [HLS 214-186] Unrolling loop 'VITIS_LOOP_41_3' (/home/luoyanl2/ece527_taskpar/fpga_kernels/src/nms.cpp:41:30) in function 'nms' completely with a factor of 2 (/home/luoyanl2/ece527_taskpar/fpga_kernels/src/nms.cpp:18:0)
INFO: [HLS 214-186] Unrolling loop 'VITIS_LOOP_48_4' (/home/luoyanl2/ece527_taskpar/fpga_kernels/src/nms.cpp:48:30) in function 'nms' completely with a factor of 3 (/home/luoyanl2/ece527_taskpar/fpga_kernels/src/nms.cpp:18:0)
INFO: [HLS 214-186] Unrolling loop 'VITIS_LOOP_49_5' (/home/luoyanl2/ece527_taskpar/fpga_kernels/src/nms.cpp:49:34) in function 'nms' completely with a factor of 2 (/home/luoyanl2/ece527_taskpar/fpga_kernels/src/nms.cpp:18:0)
INFO: [HLS 214-186] Unrolling loop 'VITIS_LOOP_54_6' (/home/luoyanl2/ece527_taskpar/fpga_kernels/src/nms.cpp:54:30) in function 'nms' completely with a factor of 3 (/home/luoyanl2/ece527_taskpar/fpga_kernels/src/nms.cpp:18:0)
INFO: [HLS 214-248] Applying array_partition to 'window_buf.value': Complete partitioning on dimension 1. Complete partitioning on dimension 2. (/home/luoyanl2/ece527_taskpar/fpga_kernels/src/nms.cpp:25:13)
INFO: [HLS 214-248] Applying array_partition to 'window_buf.grad': Complete partitioning on dimension 1. Complete partitioning on dimension 2. (/home/luoyanl2/ece527_taskpar/fpga_kernels/src/nms.cpp:25:13)
INFO: [HLS 214-241] Aggregating maxi variable 'data' with compact=none mode in 16-bits
INFO: [HLS 214-248] Applying array_reshape to 'line_buf.value': Complete reshaping on dimension 1. (/home/luoyanl2/ece527_taskpar/fpga_kernels/src/nms.cpp:24:10)
INFO: [HLS 214-248] Applying array_reshape to 'line_buf.grad': Complete reshaping on dimension 1. (/home/luoyanl2/ece527_taskpar/fpga_kernels/src/nms.cpp:24:10)
INFO: [HLS 214-115] Multiple burst reads of length 8192 and bit width 512 has been inferred on bundle 'gmem0'. These burst requests might be further partitioned into multiple requests during RTL generation, based on max_read_burst_length or max_write_burst_length settings. (/home/luoyanl2/ece527_taskpar/fpga_kernels/src/nms.cpp:31:19)
INFO: [HLS 214-131] Inlining function '_llvm.fpga.pack.none.i16.sl_i8i8s' into '_llvm.fpga.unpack.none.s_struct.GradPixs.i16.1'
INFO: [HLS 214-131] Inlining function '_llvm.fpga.unpack.none.s_struct.GradPixs.i16.1' into 'nms' (/home/luoyanl2/ece527_taskpar/fpga_kernels/src/nms.cpp:45:33)
INFO: [HLS 200-111] Finished Compiling Optimization and Transform: CPU user time: 4.01 seconds. CPU system time: 0.48 seconds. Elapsed time: 4.59 seconds; current allocated memory: 214.121 MB.
INFO: [HLS 200-111] Finished Checking Pragmas: CPU user time: 0 seconds. CPU system time: 0 seconds. Elapsed time: 0 seconds; current allocated memory: 214.121 MB.
INFO: [HLS 200-10] Starting code transformations ...
INFO: [HLS 200-111] Finished Standard Transforms: CPU user time: 0.05 seconds. CPU system time: 0.01 seconds. Elapsed time: 0.05 seconds; current allocated memory: 214.121 MB.
INFO: [HLS 200-10] Checking synthesizability ...
WARNING: [SYNCHK 200-23] /home/luoyanl2/ece527_taskpar/fpga_kernels/src/nms.cpp:18: in function 'nms': variable-indexed range selection may cause suboptimal QoR.
INFO: [SYNCHK 200-10] 0 error(s), 1 warning(s).
INFO: [HLS 200-111] Finished Checking Synthesizability: CPU user time: 0.04 seconds. CPU system time: 0 seconds. Elapsed time: 0.05 seconds; current allocated memory: 214.121 MB.
INFO: [XFORM 203-510] Pipelining loop 'Loop-2' in function 'nms' automatically.
INFO: [XFORM 203-510] Pipelining loop 'Loop-3' in function 'nms' automatically.
INFO: [XFORM 203-401] Performing if-conversion on hyperblock from (/home/luoyanl2/ece527_taskpar/fpga_kernels/src/nms.cpp:45:33) to (/home/luoyanl2/ece527_taskpar/fpga_kernels/src/nms.cpp:32:26) in function 'nms'... converting 6 basic blocks.
INFO: [HLS 200-111] Finished Loop, function and other optimizations: CPU user time: 0.15 seconds. CPU system time: 0.02 seconds. Elapsed time: 0.18 seconds; current allocated memory: 214.121 MB.
INFO: [XFORM 203-541] Flattening a loop nest 'VITIS_LOOP_31_1' (/home/luoyanl2/ece527_taskpar/fpga_kernels/src/nms.cpp:31:27) in function 'nms'.
INFO: [HLS 200-472] Inferring partial write operation for 'line_buf.value' 
INFO: [HLS 200-472] Inferring partial write operation for 'line_buf.grad' 
INFO: [HLS 200-472] Inferring partial write operation for 'line_buf.value' (/home/luoyanl2/ece527_taskpar/fpga_kernels/src/nms.cpp:45:33)
INFO: [HLS 200-444] Inferring multiple bus burst write of a total cumulative length 262144 on port 'gmem1' (/home/luoyanl2/ece527_taskpar/fpga_kernels/src/nms.cpp:92:34). These data requests might be further partitioned to multiple requests during RTL generation, based on max_read_burst_length or max_write_burst_length settings.
INFO: [HLS 200-111] Finished Architecture Synthesis: CPU user time: 0.1 seconds. CPU system time: 0 seconds. Elapsed time: 0.1 seconds; current allocated memory: 214.121 MB.
INFO: [HLS 200-10] Starting hardware synthesis ...
INFO: [HLS 200-10] Synthesizing 'nms' ...
INFO: [HLS 200-10] ----------------------------------------------------------------
INFO: [HLS 200-42] -- Implementing module 'nms_Pipeline_1' 
INFO: [HLS 200-10] ----------------------------------------------------------------
